#
# A fatal error has been detected by the Java Runtime Environment:
#
#  SIGSEGV (0xb) at pc=0x000000010c504bdc, pid=1584, tid=775
#
# JRE version: OpenJDK Runtime Environment (15.0.1+9) (build 15.0.1+9-18)
# Java VM: OpenJDK 64-Bit Server VM (15.0.1+9-18, mixed mode, sharing, tiered, compressed oops, g1 gc, bsd-amd64)
# Problematic frame:
# V  [libjvm.dylib+0x504bdc]  jni_IsSameObject+0x3c
#
# No core dump will be written. Core dumps have been disabled. To enable core dumping, try "ulimit -c unlimited" before starting Java again
#
# If you would like to submit a bug report, please visit:
#   https://bugreport.java.com/bugreport/crash.jsp
#

---------------  S U M M A R Y ------------

Command Line: --add-modules=javafx.base,javafx.controls,javafx.fxml,javafx.graphics --module-path=/Users/woxdak/.gradle/caches/modules-2/files-2.1/org.openjfx/javafx-fxml/15.0.1/120a83ddfd726d9ef09e9569f53459106e8de467/javafx-fxml-15.0.1-mac.jar:/Users/woxdak/.gradle/caches/modules-2/files-2.1/org.openjfx/javafx-controls/15.0.1/cb743a50156d7eca281bfc3547aff4d146972e02/javafx-controls-15.0.1-mac.jar:/Users/woxdak/.gradle/caches/modules-2/files-2.1/org.openjfx/javafx-graphics/15.0.1/98ced13a06ad705ce0014df60794cedbf297080b/javafx-graphics-15.0.1-mac.jar:/Users/woxdak/.gradle/caches/modules-2/files-2.1/org.openjfx/javafx-base/15.0.1/b91bc3dfc230b46f11146686648a42921de0c23/javafx-base-15.0.1-mac.jar -Dfile.encoding=UTF-8 -Duser.country=US -Duser.language=en -Duser.variant com.gc.main

Host: MacBookPro15,2 x86_64 2300 MHz, 8 cores, 8G, Darwin 20.2.0
Time: Mon Dec 28 16:33:54 2020 CST elapsed time: 4.649986 seconds (0d 0h 0m 4s)

---------------  T H R E A D  ---------------

Current thread is native thread

Stack: [0x00007ffee7a8e000,0x00007ffee828e000],  sp=0x00007ffee82897e0,  free space=8173k
Native frames: (J=compiled Java code, A=aot compiled Java code, j=interpreted, Vv=VM code, C=native code)
V  [libjvm.dylib+0x504bdc]  jni_IsSameObject+0x3c
C  [JavaNativeFoundation+0x9612]  -[JNFWeakJObjectWrapper _getWithEnv:]+0x31
C  [JavaNativeFoundation+0x9426]  -[JNFJObjectWrapper jObjectWithEnv:]+0x16
C  [libawt_lwawt.dylib+0x1de31]  -[CGLLayer drawInCGLContext:pixelFormat:forLayerTime:displayTime:]+0xa1
C  [QuartzCore+0xc4d17]  CAOpenGLLayerDraw(CAOpenGLLayer*, double, CVTimeStamp const*, unsigned int)+0x7e7
C  [QuartzCore+0xc4369]  -[CAOpenGLLayer _display]+0x244
C  [QuartzCore+0x24660]  CA::Layer::display_if_needed(CA::Transaction*)+0x36a
C  [QuartzCore+0x16473b]  CA::Context::commit_transaction(CA::Transaction*, double, double*)+0x205
C  [QuartzCore+0x5fd5]  CA::Transaction::commit()+0x30f
C  [QuartzCore+0x3dd9e]  CA::Transaction::observer_callback(__CFRunLoopObserver*, unsigned long, void*)+0x6e
C  [CoreFoundation+0x80dad]  __CFRUNLOOP_IS_CALLING_OUT_TO_AN_OBSERVER_CALLBACK_FUNCTION__+0x17
C  [CoreFoundation+0x80c3d]  __CFRunLoopDoObservers+0x225
C  [CoreFoundation+0x80221]  __CFRunLoopRun+0x47a
C  [CoreFoundation+0x7f6ce]  CFRunLoopRunSpecific+0x233
C  [libjli.dylib+0x6e32]  CreateExecutionEnvironment+0x192
C  [libjli.dylib+0x2674]  JLI_Launch+0x614
C  [java+0xc0e]  main+0x19e
C  [libdyld.dylib+0x15621]  start+0x1


siginfo: si_signo: 11 (SIGSEGV), si_code: 1 (SEGV_MAPERR), si_addr: 0x0000000000000398

Registers:
RAX=0x000000000000dead, RBX=0x00007fe87c138728, RCX=0x0000000114963e00, RDX=0x0000000000000000
RSP=0x00007ffee82897e0, RBP=0x00007ffee8289810, RSI=0x00007fe87a5e3289, RDI=0x00007fe87c138400
R8 =0x0000000000000000, R9 =0x0000000000000546, R10=0x00007fff8d097d10, R11=0x00007fff6f69a592
R12=0x00007fe87c138728, R13=0x0000000000000000, R14=0x0000000000000000, R15=0x00007fe87a5e3289
RIP=0x000000010c504bdc, EFLAGS=0x0000000000010246, ERR=0x0000000000000006
  TRAPNO=0x000000000000000e

Top of Stack: (sp=0x00007ffee82897e0)
0x00007ffee82897e0:   000000010cbcee70 00007fe87c138728
0x00007ffee82897f0:   00007fe87a9b0600 00007fe881080d40
0x00007ffee8289800:   00007fe881080b40 00007fe87a5e3289
0x00007ffee8289810:   00007ffee8289840 00007fff6f69a612
0x00007ffee8289820:   00007fe881080b40 00007fe87c138728
0x00007ffee8289830:   00007fff201cad00 00007fe880638a60
0x00007ffee8289840:   00007ffee8289860 00007fff6f69a426
0x00007ffee8289850:   00007fe881080b40 00007fe87c138728
0x00007ffee8289860:   00007ffee82898c0 0000000132a38e31
0x00007ffee8289870:   00007fe881083290 00007fff7c573b2e
0x00007ffee8289880:   00007fe881080d40 0000000000000000
0x00007ffee8289890:   40be71ffe550ab83 00007fff201cad00
0x00007ffee82898a0:   00007fe881083290 00007fe881080d40
0x00007ffee82898b0:   00007fe881080d40 00007fe880405270
0x00007ffee82898c0:   00007ffee8289980 00007fff26c7fd17
0x00007ffee82898d0:   00007fe88157da30 0000000000000000
0x00007ffee82898e0:   00007fe881080d40 0000000000000000
0x00007ffee82898f0:   0000000481080d40 00007fe88128a8c0
0x00007ffee8289900:   40be71ffe550ab83 00000546000004b0
0x00007ffee8289910:   0000000000000000 00007fe87b992d20
0x00007ffee8289920:   0000000000000004 0000000000000000
0x00007ffee8289930:   0000000000000000 00007ffee8289958
0x00007ffee8289940:   00007ffe00000000 00007fff26c0030b
0x00007ffee8289950:   1dd08955124f00c5 00007fff201cad00
0x00007ffee8289960:   0000000000000004 0000000000000000
0x00007ffee8289970:   00007fe881080d40 00007fff7c573b2e
0x00007ffee8289980:   00007ffee8289a00 00007fff26c7f369
0x00007ffee8289990:   0000000000000000 4085180000000000
0x00007ffee82899a0:   4082c00000000000 4000000000000000
0x00007ffee82899b0:   0000000000000000 0000000000000000
0x00007ffee82899c0:   4082c00000000000 4085180000000000
0x00007ffee82899d0:   1dd08955124f00c5 00007ffee8289ae0 

Instructions: (pc=0x000000010c504bdc)
0x000000010c504adc:   0e eb 14 48 8d 05 8a d6 73 00 83 38 00 74 e4 4c
0x000000010c504aec:   89 e7 e8 dd 72 49 00 41 c7 84 24 98 03 00 00 06
0x000000010c504afc:   00 00 00 4c 89 ff 4c 89 f6 90 0f 1f 40 00 4d 85
0x000000010c504b0c:   f6 74 0b 31 f6 4c 89 f7 ff 15 d6 9c 6c 00 90 0f
0x000000010c504b1c:   1f 40 00 49 8b 9c 24 f8 00 00 00 48 8b 43 10 48
0x000000010c504b2c:   83 38 00 74 0c 48 89 df e8 a7 7f f4 ff 48 8b 43
0x000000010c504b3c:   10 48 8b 4b 08 48 89 41 10 48 8b 43 08 48 8b 4b
0x000000010c504b4c:   18 48 89 48 18 48 8b 43 08 48 8b 4b 20 48 89 48
0x000000010c504b5c:   20 41 c7 84 24 98 03 00 00 07 00 00 00 f0 83 04
0x000000010c504b6c:   24 00 49 8b 84 24 10 01 00 00 a8 08 74 08 4c 89
0x000000010c504b7c:   e7 e8 3e 77 3b 00 41 c7 84 24 98 03 00 00 04 00
0x000000010c504b8c:   00 00 5b 41 5c 41 5e 41 5f 5d c3 66 0f 1f 84 00
0x000000010c504b9c:   00 00 00 00 55 48 89 e5 41 57 41 56 41 55 41 54
0x000000010c504bac:   53 50 49 89 d6 49 89 f7 49 89 fc 4d 8d ac 24 d8
0x000000010c504bbc:   fc ff ff b8 55 21 ff ff 41 03 84 24 88 00 00 00
0x000000010c504bcc:   83 f8 02 72 0b 4c 89 ef e8 87 4e 49 00 45 31 ed
0x000000010c504bdc:   41 c7 85 98 03 00 00 05 00 00 00 f0 83 04 24 00
0x000000010c504bec:   49 8b 45 00 4c 89 ef ff 50 40 84 c0 74 1a 49 8b
0x000000010c504bfc:   85 10 01 00 00 a8 08 75 1b 41 f7 85 e0 00 00 00
0x000000010c504c0c:   04 00 00 20 75 0e eb 14 48 8d 05 55 d5 73 00 83
0x000000010c504c1c:   38 00 74 e5 4c 89 ef e8 a8 71 49 00 41 c7 85 98
0x000000010c504c2c:   03 00 00 06 00 00 00 4c 89 e7 4c 89 fe 4c 89 f2
0x000000010c504c3c:   90 0f 1f 40 00 4d 85 ff 74 19 41 f6 c7 01 75 1f
0x000000010c504c4c:   4c 89 ff ff 15 43 5c 6c 00 49 89 c7 4d 85 f6 75
0x000000010c504c5c:   22 eb 08 45 31 ff 4d 85 f6 75 18 31 c0 eb 31 49
0x000000010c504c6c:   ff cf 4c 89 ff ff 15 39 9e 6d 00 49 89 c7 4d 85
0x000000010c504c7c:   f6 74 e8 41 f6 c6 01 75 0b 4c 89 f7 ff 15 0a 5c
0x000000010c504c8c:   6c 00 eb 0c 49 ff ce 4c 89 f7 ff 15 14 9e 6d 00
0x000000010c504c9c:   45 31 f6 49 39 c7 41 0f 94 c6 4c 89 f7 90 0f 1f
0x000000010c504cac:   40 00 49 8b 9d f8 00 00 00 48 8b 43 10 48 83 38
0x000000010c504cbc:   00 74 0c 48 89 df e8 19 7e f4 ff 48 8b 43 10 48
0x000000010c504ccc:   8b 4b 08 48 89 41 10 48 8b 43 08 48 8b 4b 18 48 



---------------  P R O C E S S  ---------------

VM state: not at safepoint (normal execution)

VM Mutex/Monitor currently owned by a thread: None

Heap address: 0x0000000780000000, size: 2048 MB, Compressed Oops mode: Zero based, Oop shift amount: 3
CDS archive(s) mapped at: [0x0000000800000000-0x0000000800b2b000-0x0000000800b2b000), size 11710464, SharedBaseAddress: 0x0000000800000000, ArchiveRelocationMode: 0.
Compressed class space mapped at: 0x0000000800b2c000-0x0000000840b2c000, size: 1073741824
Narrow klass base: 0x0000000800000000, Narrow klass shift: 3, Narrow klass range: 0x100000000

GC Precious Log:
 CPUs: 8 total, 8 available
 Memory: 8192M
 Large Page Support: Disabled
 NUMA Support: Disabled
 Compressed Oops: Enabled (Zero based)
 Heap Region Size: 1M
 Heap Min Capacity: 8M
 Heap Initial Capacity: 128M
 Heap Max Capacity: 2G
 Pre-touch: Disabled
 Parallel Workers: 8
 Concurrent Workers: 2
 Concurrent Refinement Workers: 8
 Periodic GC: Disabled

Heap:
 garbage-first heap   total 133120K, used 16746K [0x0000000780000000, 0x0000000800000000)
  region size 1024K, 17 young (17408K), 3 survivors (3072K)
 Metaspace       used 17538K, capacity 17780K, committed 18048K, reserved 1064960K
  class space    used 2274K, capacity 2360K, committed 2432K, reserved 1048576K

Heap Regions: E=young(eden), S=young(survivor), O=old, HS=humongous(starts), HC=humongous(continues), CS=collection set, F=free, OA=open archive, CA=closed archive, TAMS=top-at-mark-start (previous, next)
|   0|0x0000000780000000, 0x0000000780000000, 0x0000000780100000|  0%| F|  |TAMS 0x0000000780000000, 0x0000000780000000| Untracked 
|   1|0x0000000780100000, 0x0000000780100000, 0x0000000780200000|  0%| F|  |TAMS 0x0000000780100000, 0x0000000780100000| Untracked 
|   2|0x0000000780200000, 0x0000000780200000, 0x0000000780300000|  0%| F|  |TAMS 0x0000000780200000, 0x0000000780200000| Untracked 
|   3|0x0000000780300000, 0x0000000780300000, 0x0000000780400000|  0%| F|  |TAMS 0x0000000780300000, 0x0000000780300000| Untracked 
|   4|0x0000000780400000, 0x0000000780400000, 0x0000000780500000|  0%| F|  |TAMS 0x0000000780400000, 0x0000000780400000| Untracked 
|   5|0x0000000780500000, 0x0000000780500000, 0x0000000780600000|  0%| F|  |TAMS 0x0000000780500000, 0x0000000780500000| Untracked 
|   6|0x0000000780600000, 0x0000000780600000, 0x0000000780700000|  0%| F|  |TAMS 0x0000000780600000, 0x0000000780600000| Untracked 
|   7|0x0000000780700000, 0x0000000780700000, 0x0000000780800000|  0%| F|  |TAMS 0x0000000780700000, 0x0000000780700000| Untracked 
|   8|0x0000000780800000, 0x0000000780800000, 0x0000000780900000|  0%| F|  |TAMS 0x0000000780800000, 0x0000000780800000| Untracked 
|   9|0x0000000780900000, 0x0000000780900000, 0x0000000780a00000|  0%| F|  |TAMS 0x0000000780900000, 0x0000000780900000| Untracked 
|  10|0x0000000780a00000, 0x0000000780a00000, 0x0000000780b00000|  0%| F|  |TAMS 0x0000000780a00000, 0x0000000780a00000| Untracked 
|  11|0x0000000780b00000, 0x0000000780b00000, 0x0000000780c00000|  0%| F|  |TAMS 0x0000000780b00000, 0x0000000780b00000| Untracked 
|  12|0x0000000780c00000, 0x0000000780c00000, 0x0000000780d00000|  0%| F|  |TAMS 0x0000000780c00000, 0x0000000780c00000| Untracked 
|  13|0x0000000780d00000, 0x0000000780d00000, 0x0000000780e00000|  0%| F|  |TAMS 0x0000000780d00000, 0x0000000780d00000| Untracked 
|  14|0x0000000780e00000, 0x0000000780e00000, 0x0000000780f00000|  0%| F|  |TAMS 0x0000000780e00000, 0x0000000780e00000| Untracked 
|  15|0x0000000780f00000, 0x0000000780f00000, 0x0000000781000000|  0%| F|  |TAMS 0x0000000780f00000, 0x0000000780f00000| Untracked 
|  16|0x0000000781000000, 0x0000000781000000, 0x0000000781100000|  0%| F|  |TAMS 0x0000000781000000, 0x0000000781000000| Untracked 
|  17|0x0000000781100000, 0x0000000781100000, 0x0000000781200000|  0%| F|  |TAMS 0x0000000781100000, 0x0000000781100000| Untracked 
|  18|0x0000000781200000, 0x0000000781200000, 0x0000000781300000|  0%| F|  |TAMS 0x0000000781200000, 0x0000000781200000| Untracked 
|  19|0x0000000781300000, 0x0000000781300000, 0x0000000781400000|  0%| F|  |TAMS 0x0000000781300000, 0x0000000781300000| Untracked 
|  20|0x0000000781400000, 0x0000000781400000, 0x0000000781500000|  0%| F|  |TAMS 0x0000000781400000, 0x0000000781400000| Untracked 
|  21|0x0000000781500000, 0x0000000781500000, 0x0000000781600000|  0%| F|  |TAMS 0x0000000781500000, 0x0000000781500000| Untracked 
|  22|0x0000000781600000, 0x0000000781600000, 0x0000000781700000|  0%| F|  |TAMS 0x0000000781600000, 0x0000000781600000| Untracked 
|  23|0x0000000781700000, 0x0000000781700000, 0x0000000781800000|  0%| F|  |TAMS 0x0000000781700000, 0x0000000781700000| Untracked 
|  24|0x0000000781800000, 0x0000000781800000, 0x0000000781900000|  0%| F|  |TAMS 0x0000000781800000, 0x0000000781800000| Untracked 
|  25|0x0000000781900000, 0x0000000781900000, 0x0000000781a00000|  0%| F|  |TAMS 0x0000000781900000, 0x0000000781900000| Untracked 
|  26|0x0000000781a00000, 0x0000000781a00000, 0x0000000781b00000|  0%| F|  |TAMS 0x0000000781a00000, 0x0000000781a00000| Untracked 
|  27|0x0000000781b00000, 0x0000000781b00000, 0x0000000781c00000|  0%| F|  |TAMS 0x0000000781b00000, 0x0000000781b00000| Untracked 
|  28|0x0000000781c00000, 0x0000000781c00000, 0x0000000781d00000|  0%| F|  |TAMS 0x0000000781c00000, 0x0000000781c00000| Untracked 
|  29|0x0000000781d00000, 0x0000000781d00000, 0x0000000781e00000|  0%| F|  |TAMS 0x0000000781d00000, 0x0000000781d00000| Untracked 
|  30|0x0000000781e00000, 0x0000000781e00000, 0x0000000781f00000|  0%| F|  |TAMS 0x0000000781e00000, 0x0000000781e00000| Untracked 
|  31|0x0000000781f00000, 0x0000000781f00000, 0x0000000782000000|  0%| F|  |TAMS 0x0000000781f00000, 0x0000000781f00000| Untracked 
|  32|0x0000000782000000, 0x0000000782000000, 0x0000000782100000|  0%| F|  |TAMS 0x0000000782000000, 0x0000000782000000| Untracked 
|  33|0x0000000782100000, 0x0000000782100000, 0x0000000782200000|  0%| F|  |TAMS 0x0000000782100000, 0x0000000782100000| Untracked 
|  34|0x0000000782200000, 0x0000000782200000, 0x0000000782300000|  0%| F|  |TAMS 0x0000000782200000, 0x0000000782200000| Untracked 
|  35|0x0000000782300000, 0x0000000782300000, 0x0000000782400000|  0%| F|  |TAMS 0x0000000782300000, 0x0000000782300000| Untracked 
|  36|0x0000000782400000, 0x0000000782400000, 0x0000000782500000|  0%| F|  |TAMS 0x0000000782400000, 0x0000000782400000| Untracked 
|  37|0x0000000782500000, 0x0000000782500000, 0x0000000782600000|  0%| F|  |TAMS 0x0000000782500000, 0x0000000782500000| Untracked 
|  38|0x0000000782600000, 0x0000000782600000, 0x0000000782700000|  0%| F|  |TAMS 0x0000000782600000, 0x0000000782600000| Untracked 
|  39|0x0000000782700000, 0x0000000782700000, 0x0000000782800000|  0%| F|  |TAMS 0x0000000782700000, 0x0000000782700000| Untracked 
|  40|0x0000000782800000, 0x0000000782800000, 0x0000000782900000|  0%| F|  |TAMS 0x0000000782800000, 0x0000000782800000| Untracked 
|  41|0x0000000782900000, 0x0000000782900000, 0x0000000782a00000|  0%| F|  |TAMS 0x0000000782900000, 0x0000000782900000| Untracked 
|  42|0x0000000782a00000, 0x0000000782a00000, 0x0000000782b00000|  0%| F|  |TAMS 0x0000000782a00000, 0x0000000782a00000| Untracked 
|  43|0x0000000782b00000, 0x0000000782b00000, 0x0000000782c00000|  0%| F|  |TAMS 0x0000000782b00000, 0x0000000782b00000| Untracked 
|  44|0x0000000782c00000, 0x0000000782c00000, 0x0000000782d00000|  0%| F|  |TAMS 0x0000000782c00000, 0x0000000782c00000| Untracked 
|  45|0x0000000782d00000, 0x0000000782d00000, 0x0000000782e00000|  0%| F|  |TAMS 0x0000000782d00000, 0x0000000782d00000| Untracked 
|  46|0x0000000782e00000, 0x0000000782e00000, 0x0000000782f00000|  0%| F|  |TAMS 0x0000000782e00000, 0x0000000782e00000| Untracked 
|  47|0x0000000782f00000, 0x0000000782f00000, 0x0000000783000000|  0%| F|  |TAMS 0x0000000782f00000, 0x0000000782f00000| Untracked 
|  48|0x0000000783000000, 0x0000000783000000, 0x0000000783100000|  0%| F|  |TAMS 0x0000000783000000, 0x0000000783000000| Untracked 
|  49|0x0000000783100000, 0x0000000783100000, 0x0000000783200000|  0%| F|  |TAMS 0x0000000783100000, 0x0000000783100000| Untracked 
|  50|0x0000000783200000, 0x0000000783200000, 0x0000000783300000|  0%| F|  |TAMS 0x0000000783200000, 0x0000000783200000| Untracked 
|  51|0x0000000783300000, 0x0000000783300000, 0x0000000783400000|  0%| F|  |TAMS 0x0000000783300000, 0x0000000783300000| Untracked 
|  52|0x0000000783400000, 0x0000000783400000, 0x0000000783500000|  0%| F|  |TAMS 0x0000000783400000, 0x0000000783400000| Untracked 
|  53|0x0000000783500000, 0x0000000783500000, 0x0000000783600000|  0%| F|  |TAMS 0x0000000783500000, 0x0000000783500000| Untracked 
|  54|0x0000000783600000, 0x0000000783600000, 0x0000000783700000|  0%| F|  |TAMS 0x0000000783600000, 0x0000000783600000| Untracked 
|  55|0x0000000783700000, 0x0000000783700000, 0x0000000783800000|  0%| F|  |TAMS 0x0000000783700000, 0x0000000783700000| Untracked 
|  56|0x0000000783800000, 0x0000000783800000, 0x0000000783900000|  0%| F|  |TAMS 0x0000000783800000, 0x0000000783800000| Untracked 
|  57|0x0000000783900000, 0x0000000783900000, 0x0000000783a00000|  0%| F|  |TAMS 0x0000000783900000, 0x0000000783900000| Untracked 
|  58|0x0000000783a00000, 0x0000000783a00000, 0x0000000783b00000|  0%| F|  |TAMS 0x0000000783a00000, 0x0000000783a00000| Untracked 
|  59|0x0000000783b00000, 0x0000000783b00000, 0x0000000783c00000|  0%| F|  |TAMS 0x0000000783b00000, 0x0000000783b00000| Untracked 
|  60|0x0000000783c00000, 0x0000000783c00000, 0x0000000783d00000|  0%| F|  |TAMS 0x0000000783c00000, 0x0000000783c00000| Untracked 
|  61|0x0000000783d00000, 0x0000000783d00000, 0x0000000783e00000|  0%| F|  |TAMS 0x0000000783d00000, 0x0000000783d00000| Untracked 
|  62|0x0000000783e00000, 0x0000000783e00000, 0x0000000783f00000|  0%| F|  |TAMS 0x0000000783e00000, 0x0000000783e00000| Untracked 
|  63|0x0000000783f00000, 0x0000000783f00000, 0x0000000784000000|  0%| F|  |TAMS 0x0000000783f00000, 0x0000000783f00000| Untracked 
|  64|0x0000000784000000, 0x0000000784000000, 0x0000000784100000|  0%| F|  |TAMS 0x0000000784000000, 0x0000000784000000| Untracked 
|  65|0x0000000784100000, 0x0000000784100000, 0x0000000784200000|  0%| F|  |TAMS 0x0000000784100000, 0x0000000784100000| Untracked 
|  66|0x0000000784200000, 0x0000000784200000, 0x0000000784300000|  0%| F|  |TAMS 0x0000000784200000, 0x0000000784200000| Untracked 
|  67|0x0000000784300000, 0x0000000784300000, 0x0000000784400000|  0%| F|  |TAMS 0x0000000784300000, 0x0000000784300000| Untracked 
|  68|0x0000000784400000, 0x0000000784400000, 0x0000000784500000|  0%| F|  |TAMS 0x0000000784400000, 0x0000000784400000| Untracked 
|  69|0x0000000784500000, 0x0000000784500000, 0x0000000784600000|  0%| F|  |TAMS 0x0000000784500000, 0x0000000784500000| Untracked 
|  70|0x0000000784600000, 0x0000000784600000, 0x0000000784700000|  0%| F|  |TAMS 0x0000000784600000, 0x0000000784600000| Untracked 
|  71|0x0000000784700000, 0x0000000784700000, 0x0000000784800000|  0%| F|  |TAMS 0x0000000784700000, 0x0000000784700000| Untracked 
|  72|0x0000000784800000, 0x0000000784800000, 0x0000000784900000|  0%| F|  |TAMS 0x0000000784800000, 0x0000000784800000| Untracked 
|  73|0x0000000784900000, 0x0000000784900000, 0x0000000784a00000|  0%| F|  |TAMS 0x0000000784900000, 0x0000000784900000| Untracked 
|  74|0x0000000784a00000, 0x0000000784a00000, 0x0000000784b00000|  0%| F|  |TAMS 0x0000000784a00000, 0x0000000784a00000| Untracked 
|  75|0x0000000784b00000, 0x0000000784b00000, 0x0000000784c00000|  0%| F|  |TAMS 0x0000000784b00000, 0x0000000784b00000| Untracked 
|  76|0x0000000784c00000, 0x0000000784c00000, 0x0000000784d00000|  0%| F|  |TAMS 0x0000000784c00000, 0x0000000784c00000| Untracked 
|  77|0x0000000784d00000, 0x0000000784d00000, 0x0000000784e00000|  0%| F|  |TAMS 0x0000000784d00000, 0x0000000784d00000| Untracked 
|  78|0x0000000784e00000, 0x0000000784e00000, 0x0000000784f00000|  0%| F|  |TAMS 0x0000000784e00000, 0x0000000784e00000| Untracked 
|  79|0x0000000784f00000, 0x0000000784f00000, 0x0000000785000000|  0%| F|  |TAMS 0x0000000784f00000, 0x0000000784f00000| Untracked 
|  80|0x0000000785000000, 0x0000000785000000, 0x0000000785100000|  0%| F|  |TAMS 0x0000000785000000, 0x0000000785000000| Untracked 
|  81|0x0000000785100000, 0x0000000785100000, 0x0000000785200000|  0%| F|  |TAMS 0x0000000785100000, 0x0000000785100000| Untracked 
|  82|0x0000000785200000, 0x0000000785200000, 0x0000000785300000|  0%| F|  |TAMS 0x0000000785200000, 0x0000000785200000| Untracked 
|  83|0x0000000785300000, 0x0000000785300000, 0x0000000785400000|  0%| F|  |TAMS 0x0000000785300000, 0x0000000785300000| Untracked 
|  84|0x0000000785400000, 0x0000000785400000, 0x0000000785500000|  0%| F|  |TAMS 0x0000000785400000, 0x0000000785400000| Untracked 
|  85|0x0000000785500000, 0x0000000785500000, 0x0000000785600000|  0%| F|  |TAMS 0x0000000785500000, 0x0000000785500000| Untracked 
|  86|0x0000000785600000, 0x0000000785600000, 0x0000000785700000|  0%| F|  |TAMS 0x0000000785600000, 0x0000000785600000| Untracked 
|  87|0x0000000785700000, 0x0000000785700000, 0x0000000785800000|  0%| F|  |TAMS 0x0000000785700000, 0x0000000785700000| Untracked 
|  88|0x0000000785800000, 0x0000000785800000, 0x0000000785900000|  0%| F|  |TAMS 0x0000000785800000, 0x0000000785800000| Untracked 
|  89|0x0000000785900000, 0x0000000785900000, 0x0000000785a00000|  0%| F|  |TAMS 0x0000000785900000, 0x0000000785900000| Untracked 
|  90|0x0000000785a00000, 0x0000000785a00000, 0x0000000785b00000|  0%| F|  |TAMS 0x0000000785a00000, 0x0000000785a00000| Untracked 
|  91|0x0000000785b00000, 0x0000000785b00000, 0x0000000785c00000|  0%| F|  |TAMS 0x0000000785b00000, 0x0000000785b00000| Untracked 
|  92|0x0000000785c00000, 0x0000000785c00000, 0x0000000785d00000|  0%| F|  |TAMS 0x0000000785c00000, 0x0000000785c00000| Untracked 
|  93|0x0000000785d00000, 0x0000000785d00000, 0x0000000785e00000|  0%| F|  |TAMS 0x0000000785d00000, 0x0000000785d00000| Untracked 
|  94|0x0000000785e00000, 0x0000000785e00000, 0x0000000785f00000|  0%| F|  |TAMS 0x0000000785e00000, 0x0000000785e00000| Untracked 
|  95|0x0000000785f00000, 0x0000000785f00000, 0x0000000786000000|  0%| F|  |TAMS 0x0000000785f00000, 0x0000000785f00000| Untracked 
|  96|0x0000000786000000, 0x0000000786000000, 0x0000000786100000|  0%| F|  |TAMS 0x0000000786000000, 0x0000000786000000| Untracked 
|  97|0x0000000786100000, 0x0000000786100000, 0x0000000786200000|  0%| F|  |TAMS 0x0000000786100000, 0x0000000786100000| Untracked 
|  98|0x0000000786200000, 0x0000000786200000, 0x0000000786300000|  0%| F|  |TAMS 0x0000000786200000, 0x0000000786200000| Untracked 
|  99|0x0000000786300000, 0x0000000786300000, 0x0000000786400000|  0%| F|  |TAMS 0x0000000786300000, 0x0000000786300000| Untracked 
| 100|0x0000000786400000, 0x0000000786400000, 0x0000000786500000|  0%| F|  |TAMS 0x0000000786400000, 0x0000000786400000| Untracked 
| 101|0x0000000786500000, 0x0000000786500000, 0x0000000786600000|  0%| F|  |TAMS 0x0000000786500000, 0x0000000786500000| Untracked 
| 102|0x0000000786600000, 0x0000000786690a40, 0x0000000786700000| 56%| S|CS|TAMS 0x0000000786600000, 0x0000000786600000| Complete 
| 103|0x0000000786700000, 0x0000000786800000, 0x0000000786800000|100%| S|CS|TAMS 0x0000000786700000, 0x0000000786700000| Complete 
| 104|0x0000000786800000, 0x0000000786900000, 0x0000000786900000|100%| S|CS|TAMS 0x0000000786800000, 0x0000000786800000| Complete 
| 105|0x0000000786900000, 0x0000000786900000, 0x0000000786a00000|  0%| F|  |TAMS 0x0000000786900000, 0x0000000786900000| Untracked 
| 106|0x0000000786a00000, 0x0000000786a00000, 0x0000000786b00000|  0%| F|  |TAMS 0x0000000786a00000, 0x0000000786a00000| Untracked 
| 107|0x0000000786b00000, 0x0000000786b00000, 0x0000000786c00000|  0%| F|  |TAMS 0x0000000786b00000, 0x0000000786b00000| Untracked 
| 108|0x0000000786c00000, 0x0000000786c00000, 0x0000000786d00000|  0%| F|  |TAMS 0x0000000786c00000, 0x0000000786c00000| Untracked 
| 109|0x0000000786d00000, 0x0000000786d00000, 0x0000000786e00000|  0%| F|  |TAMS 0x0000000786d00000, 0x0000000786d00000| Untracked 
| 110|0x0000000786e00000, 0x0000000786e00000, 0x0000000786f00000|  0%| F|  |TAMS 0x0000000786e00000, 0x0000000786e00000| Untracked 
| 111|0x0000000786f00000, 0x0000000786f00000, 0x0000000787000000|  0%| F|  |TAMS 0x0000000786f00000, 0x0000000786f00000| Untracked 
| 112|0x0000000787000000, 0x0000000787000000, 0x0000000787100000|  0%| F|  |TAMS 0x0000000787000000, 0x0000000787000000| Untracked 
| 113|0x0000000787100000, 0x0000000787100000, 0x0000000787200000|  0%| F|  |TAMS 0x0000000787100000, 0x0000000787100000| Untracked 
| 114|0x0000000787200000, 0x0000000787237a10, 0x0000000787300000| 21%| E|  |TAMS 0x0000000787200000, 0x0000000787200000| Complete 
| 115|0x0000000787300000, 0x0000000787400000, 0x0000000787400000|100%| E|CS|TAMS 0x0000000787300000, 0x0000000787300000| Complete 
| 116|0x0000000787400000, 0x0000000787500000, 0x0000000787500000|100%| E|CS|TAMS 0x0000000787400000, 0x0000000787400000| Complete 
| 117|0x0000000787500000, 0x0000000787600000, 0x0000000787600000|100%| E|CS|TAMS 0x0000000787500000, 0x0000000787500000| Complete 
| 118|0x0000000787600000, 0x0000000787700000, 0x0000000787700000|100%| E|CS|TAMS 0x0000000787600000, 0x0000000787600000| Complete 
| 119|0x0000000787700000, 0x0000000787800000, 0x0000000787800000|100%| E|CS|TAMS 0x0000000787700000, 0x0000000787700000| Complete 
| 120|0x0000000787800000, 0x0000000787900000, 0x0000000787900000|100%| E|CS|TAMS 0x0000000787800000, 0x0000000787800000| Complete 
| 121|0x0000000787900000, 0x0000000787a00000, 0x0000000787a00000|100%| E|CS|TAMS 0x0000000787900000, 0x0000000787900000| Complete 
| 122|0x0000000787a00000, 0x0000000787b00000, 0x0000000787b00000|100%| E|CS|TAMS 0x0000000787a00000, 0x0000000787a00000| Complete 
| 123|0x0000000787b00000, 0x0000000787c00000, 0x0000000787c00000|100%| E|CS|TAMS 0x0000000787b00000, 0x0000000787b00000| Complete 
| 124|0x0000000787c00000, 0x0000000787d00000, 0x0000000787d00000|100%| E|CS|TAMS 0x0000000787c00000, 0x0000000787c00000| Complete 
| 125|0x0000000787d00000, 0x0000000787e00000, 0x0000000787e00000|100%| E|CS|TAMS 0x0000000787d00000, 0x0000000787d00000| Complete 
| 126|0x0000000787e00000, 0x0000000787f00000, 0x0000000787f00000|100%| E|CS|TAMS 0x0000000787e00000, 0x0000000787e00000| Complete 
| 127|0x0000000787f00000, 0x0000000788000000, 0x0000000788000000|100%| E|CS|TAMS 0x0000000787f00000, 0x0000000787f00000| Complete 
|1022|0x00000007bfe00000, 0x00000007bfe51000, 0x00000007bff00000| 31%|OA|  |TAMS 0x00000007bfe00000, 0x00000007bfe00000| Untracked 
|1023|0x00000007bff00000, 0x00000007bff79000, 0x00000007c0000000| 47%|CA|  |TAMS 0x00000007bff00000, 0x00000007bff00000| Untracked 

Card table byte_map: [0x000000010d3d2000,0x000000010d7d2000] _byte_map_base: 0x00000001097d2000

Marking Bits (Prev, Next): (CMBitMap*) 0x00007fe87c022e10, (CMBitMap*) 0x00007fe87c022e50
 Prev Bits: [0x000000010dbd2000, 0x000000010fbd2000)
 Next Bits: [0x000000010fbd2000, 0x0000000111bd2000)

Polling page: 0x00000001079b4000

Metaspace:

Usage:
  Non-class:     15.06 MB capacity,    14.91 MB ( 99%) used,   130.41 KB ( <1%) free+waste,    24.94 KB ( <1%) overhead. 
      Class:      2.30 MB capacity,     2.22 MB ( 96%) used,    75.29 KB (  3%) free+waste,    10.62 KB ( <1%) overhead. 
       Both:     17.36 MB capacity,    17.13 MB ( 99%) used,   205.70 KB (  1%) free+waste,    35.56 KB ( <1%) overhead. 

Virtual space:
  Non-class space:       16.00 MB reserved,      15.25 MB ( 95%) committed 
      Class space:        1.00 GB reserved,       2.38 MB ( <1%) committed 
             Both:        1.02 GB reserved,      17.62 MB (  2%) committed 

Chunk freelists:
   Non-Class:  4.00 KB
       Class:  0 bytes
        Both:  4.00 KB

MaxMetaspaceSize: 17179869184.00 GB
CompressedClassSpaceSize: 1.00 GB

CodeHeap 'non-profiled nmethods': size=120028Kb used=548Kb max_used=548Kb free=119479Kb
 bounds [0x0000000124569000, 0x00000001247d9000, 0x000000012baa0000]
CodeHeap 'profiled nmethods': size=120028Kb used=2989Kb max_used=2989Kb free=117038Kb
 bounds [0x000000011d032000, 0x000000011d322000, 0x0000000124569000]
CodeHeap 'non-nmethods': size=5704Kb used=1516Kb max_used=1535Kb free=4188Kb
 bounds [0x000000011caa0000, 0x000000011cd10000, 0x000000011d032000]
 total_blobs=2650 nmethods=1777 adapters=786
 compilation: enabled
              stopped_count=0, restarted_count=0
 full_count=0

Compilation events (20 events):
Event: 4.642 Thread 0x00007fe87e811c00 1765       3       java.awt.geom.Rectangle2D$Float::getHeight (6 bytes)
Event: 4.642 Thread 0x00007fe87e811c00 nmethod 1765 0x000000011d319290 code [0x000000011d319420, 0x000000011d319510]
Event: 4.642 Thread 0x00007fe87e811c00 1766       3       sun.java2d.pipe.RenderBuffer::putDouble (26 bytes)
Event: 4.643 Thread 0x00007fe87e811c00 nmethod 1766 0x000000011d319590 code [0x000000011d319720, 0x000000011d3198b0]
Event: 4.643 Thread 0x00007fe87e811c00 1768  s    3       sun.font.CCharToGlyphMapper$Cache::get (74 bytes)
Event: 4.643 Thread 0x00007fe87e811c00 nmethod 1768 0x000000011d319990 code [0x000000011d319ba0, 0x000000011d31a4d0]
Event: 4.644 Thread 0x00007fe87e811c00 1767       3       jdk.internal.misc.Unsafe::putDouble (8 bytes)
Event: 4.644 Thread 0x00007fe87e811c00 nmethod 1767 0x000000011d31a790 code [0x000000011d31a920, 0x000000011d31aa30]
Event: 4.644 Thread 0x00007fe87e811c00 1772       3       java.awt.geom.AffineTransform::calculateType (536 bytes)
Event: 4.645 Thread 0x00007fe87e811c00 nmethod 1772 0x000000011d31ab10 code [0x000000011d31adc0, 0x000000011d31be50]
Event: 4.645 Thread 0x00007fe87e811c00 1769       1       sun.awt.image.SunVolatileImage::getWidth (5 bytes)
Event: 4.645 Thread 0x00007fe87e811c00 nmethod 1769 0x00000001245f1210 code [0x00000001245f13a0, 0x00000001245f1450]
Event: 4.645 Thread 0x00007fe87e811c00 1770       1       sun.awt.image.SunVolatileImage::getHeight (5 bytes)
Event: 4.645 Thread 0x00007fe87e811c00 nmethod 1770 0x00000001245f1510 code [0x00000001245f16a0, 0x00000001245f1750]
Event: 4.645 Thread 0x00007fe87e811c00 1771       1       sun.awt.image.VolatileSurfaceManager::getPrimarySurfaceData (5 bytes)
Event: 4.645 Thread 0x00007fe87e811c00 nmethod 1771 0x00000001245f1810 code [0x00000001245f19a0, 0x00000001245f1a50]
Event: 4.645 Thread 0x00007fe87e811c00 1773       1       sun.java2d.pipe.Region::getLoX (5 bytes)
Event: 4.645 Thread 0x00007fe87e811c00 nmethod 1773 0x00000001245f1b10 code [0x00000001245f1ca0, 0x00000001245f1d50]
Event: 4.645 Thread 0x00007fe87e811c00 1774  s    3       sun.font.CStrike$GlyphInfoCache::get (80 bytes)
Event: 4.646 Thread 0x00007fe87e811c00 nmethod 1774 0x000000011d31c010 code [0x000000011d31c220, 0x000000011d31cbb0]

GC Heap History (2 events):
Event: 0.473 GC heap before
{Heap before GC invocations=0 (full 0):
 garbage-first heap   total 133120K, used 23336K [0x0000000780000000, 0x0000000800000000)
  region size 1024K, 23 young (23552K), 0 survivors (0K)
 Metaspace       used 6539K, capacity 9380K, committed 9728K, reserved 1058816K
  class space    used 879K, capacity 1143K, committed 1280K, reserved 1048576K
}
Event: 0.476 GC heap after
{Heap after GC invocations=1 (full 0):
 garbage-first heap   total 133120K, used 3434K [0x0000000780000000, 0x0000000800000000)
  region size 1024K, 3 young (3072K), 3 survivors (3072K)
 Metaspace       used 6539K, capacity 9380K, committed 9728K, reserved 1058816K
  class space    used 879K, capacity 1143K, committed 1280K, reserved 1048576K
}

Deoptimization events (20 events):
Event: 0.728 Thread 0x00007fe87c138400 Uncommon trap: trap_request=0xffffff45 fr.pc=0x00000001245babac relative=0x000000000000032c
Event: 0.728 Thread 0x00007fe87c138400 Uncommon trap: reason=unstable_if action=reinterpret pc=0x00000001245babac method=java.lang.StringUTF16.compress([CI[BII)I @ 20 c2
Event: 0.728 Thread 0x00007fe87c138400 DEOPT PACKING pc=0x00000001245babac sp=0x00007ffee8287350
Event: 0.728 Thread 0x00007fe87c138400 DEOPT UNPACKING pc=0x000000011caee125 sp=0x00007ffee82872f0 mode 2
Event: 1.387 Thread 0x00007fe87c138400 Uncommon trap: trap_request=0xffffffde fr.pc=0x000000012457e7a4 relative=0x00000000000001a4
Event: 1.387 Thread 0x00007fe87c138400 Uncommon trap: reason=class_check action=maybe_recompile pc=0x000000012457e7a4 method=java.lang.String.equals(Ljava/lang/Object;)Z @ 8 c2
Event: 1.387 Thread 0x00007fe87c138400 DEOPT PACKING pc=0x000000012457e7a4 sp=0x00007ffee82882e0
Event: 1.387 Thread 0x00007fe87c138400 DEOPT UNPACKING pc=0x000000011caee125 sp=0x00007ffee8288298 mode 2
Event: 1.387 Thread 0x00007fe87c138400 Uncommon trap: trap_request=0xffffffde fr.pc=0x000000012457e7a4 relative=0x00000000000001a4
Event: 1.387 Thread 0x00007fe87c138400 Uncommon trap: reason=class_check action=maybe_recompile pc=0x000000012457e7a4 method=java.lang.String.equals(Ljava/lang/Object;)Z @ 8 c2
Event: 1.387 Thread 0x00007fe87c138400 DEOPT PACKING pc=0x000000012457e7a4 sp=0x00007ffee82882e0
Event: 1.387 Thread 0x00007fe87c138400 DEOPT UNPACKING pc=0x000000011caee125 sp=0x00007ffee8288298 mode 2
Event: 1.387 Thread 0x00007fe87c138400 Uncommon trap: trap_request=0xffffffde fr.pc=0x000000012457e7a4 relative=0x00000000000001a4
Event: 1.387 Thread 0x00007fe87c138400 Uncommon trap: reason=class_check action=maybe_recompile pc=0x000000012457e7a4 method=java.lang.String.equals(Ljava/lang/Object;)Z @ 8 c2
Event: 1.387 Thread 0x00007fe87c138400 DEOPT PACKING pc=0x000000012457e7a4 sp=0x00007ffee82882e0
Event: 1.387 Thread 0x00007fe87c138400 DEOPT UNPACKING pc=0x000000011caee125 sp=0x00007ffee8288298 mode 2
Event: 1.445 Thread 0x00007fe87c238800 Uncommon trap: trap_request=0xffffffde fr.pc=0x000000012457e7a4 relative=0x00000000000001a4
Event: 1.445 Thread 0x00007fe87c238800 Uncommon trap: reason=class_check action=maybe_recompile pc=0x000000012457e7a4 method=java.lang.String.equals(Ljava/lang/Object;)Z @ 8 c2
Event: 1.445 Thread 0x00007fe87c238800 DEOPT PACKING pc=0x000000012457e7a4 sp=0x0000700004b195e0
Event: 1.445 Thread 0x00007fe87c238800 DEOPT UNPACKING pc=0x000000011caee125 sp=0x0000700004b19598 mode 2

Classes unloaded (0 events):
No events

Classes redefined (0 events):
No events

Internal exceptions (20 events):
Event: 0.619 Thread 0x00007fe87c138400 Exception <a 'java/lang/ClassNotFoundException'{0x0000000787cde658}: com/apple/laf/resources/spi/aquaProvider> (0x0000000787cde658) 
thrown [./open/src/hotspot/share/classfile/systemDictionary.cpp, line 295]
Event: 0.634 Thread 0x00007fe87c138400 Exception <a 'java/lang/ClassNotFoundException'{0x0000000787b4dfe0}: com/sun/swing/internal/plaf/basic/resources/spi/basicProvider> (0x0000000787b4dfe0) 
thrown [./open/src/hotspot/share/classfile/systemDictionary.cpp, line 295]
Event: 0.639 Thread 0x00007fe87c138400 Implicit null exception at 0x00000001245a7bc0 to 0x00000001245a89b4
Event: 1.372 Thread 0x00007fe87c138400 Exception <a 'java/lang/NoSuchMethodError'{0x0000000787840ef8}: 'java.lang.Object java.lang.invoke.DirectMethodHandle$Holder.newInvokeSpecial(java.lang.Object, java.lang.Object, java.lang.Object, int, java.lang.Object)'> (0x0000000787840ef8) 
thrown [./open/src/hotspot/share/interpreter/linkResolver.cpp, line 782]
Event: 1.379 Thread 0x00007fe87c138400 Exception <a 'java/lang/NoSuchMethodError'{0x000000078784ccc0}: 'void java.lang.invoke.DirectMethodHandle$Holder.invokeStatic(java.lang.Object, int, long)'> (0x000000078784ccc0) 
thrown [./open/src/hotspot/share/interpreter/linkResolver.cpp, line 782]
Event: 1.380 Thread 0x00007fe87c238800 Exception <a 'java/lang/NoSuchMethodError'{0x0000000787801ef8}: 'void java.lang.invoke.DirectMethodHandle$Holder.invokeStatic(java.lang.Object, long)'> (0x0000000787801ef8) 
thrown [./open/src/hotspot/share/interpreter/linkResolver.cpp, line 782]
Event: 1.381 Thread 0x00007fe87c138400 Exception <a 'java/lang/NoSuchMethodError'{0x0000000787865aa8}: 'java.lang.Object java.lang.invoke.Invokers$Holder.linkToTargetMethod(int, int, int, int, java.lang.Object)'> (0x0000000787865aa8) 
thrown [./open/src/hotspot/share/interpreter/linkResolver.cpp, line 782]
Event: 1.381 Thread 0x00007fe87c138400 Exception <a 'java/lang/NoSuchMethodError'{0x0000000787869658}: 'void java.lang.invoke.DirectMethodHandle$Holder.invokeStatic(java.lang.Object, java.lang.Object, long)'> (0x0000000787869658) 
thrown [./open/src/hotspot/share/interpreter/linkResolver.cpp, line 782]
Event: 1.393 Thread 0x00007fe87c138400 Exception <a 'java/lang/NoSuchMethodError'{0x000000078788bfc8}: 'void java.lang.invoke.DirectMethodHandle$Holder.invokeSpecial(java.lang.Object, java.lang.Object, long)'> (0x000000078788bfc8) 
thrown [./open/src/hotspot/share/interpreter/linkResolver.cpp, line 782]
Event: 1.393 Thread 0x00007fe87c138400 Exception <a 'java/lang/NoSuchMethodError'{0x0000000787891ee0}: 'void java.lang.invoke.DirectMethodHandle$Holder.invokeStatic(java.lang.Object, long, long)'> (0x0000000787891ee0) 
thrown [./open/src/hotspot/share/interpreter/linkResolver.cpp, line 782]
Event: 1.393 Thread 0x00007fe87c138400 Exception <a 'java/lang/NoSuchMethodError'{0x0000000787897a40}: 'java.lang.Object java.lang.invoke.DirectMethodHandle$Holder.newInvokeSpecial(java.lang.Object, long)'> (0x0000000787897a40) 
thrown [./open/src/hotspot/share/interpreter/linkResolver.cpp, line 782]
Event: 1.478 Thread 0x00007fe87c103600 Exception <a 'java/lang/NoSuchMethodError'{0x00000007877f5dc8}: 'int java.lang.invoke.DirectMethodHandle$Holder.invokeStaticInit(java.lang.Object, java.lang.Object)'> (0x00000007877f5dc8) 
thrown [./open/src/hotspot/share/interpreter/linkResolver.cpp, line 782]
Event: 1.535 Thread 0x00007fe87c138400 Exception <a 'java/lang/NoSuchMethodError'{0x00000007876e4008}: 'java.lang.Object java.lang.invoke.DirectMethodHandle$Holder.newInvokeSpecial(java.lang.Object, java.lang.Object, int, java.lang.Object, double, double, double, double, double, double, int, int, int, int, int, int, int, int)'> (0x00000007876e4008) 
thrown [./open/src/hotspot/share/interpreter/linkResolver.cpp, line 782]
Event: 3.231 Thread 0x00007fe87c138400 Exception <a 'java/lang/NoSuchMethodError'{0x000000078732a558}: 'java.lang.Object java.lang.invoke.DirectMethodHandle$Holder.newInvokeSpecial(java.lang.Object, java.lang.Object, int, int, int, int, int, java.lang.Object)'> (0x000000078732a558) 
thrown [./open/src/hotspot/share/interpreter/linkResolver.cpp, line 782]
Event: 3.232 Thread 0x00007fe87c138400 Exception <a 'java/lang/NoSuchMethodError'{0x000000078733e0c8}: 'java.lang.Object java.lang.invoke.DirectMethodHandle$Holder.newInvokeSpecial(java.lang.Object, java.lang.Object, java.lang.Object, int, int, int, int, int)'> (0x000000078733e0c8) 
thrown [./open/src/hotspot/share/interpreter/linkResolver.cpp, line 782]
Event: 3.233 Thread 0x00007fe87c138400 Exception <a 'java/lang/NoSuchMethodError'{0x0000000787345c28}: 'java.lang.Object java.lang.invoke.Invokers$Holder.linkToTargetMethod(java.lang.Object, java.lang.Object, int, int, int, int, int, java.lang.Object)'> (0x0000000787345c28) 
thrown [./open/src/hotspot/share/interpreter/linkResolver.cpp, line 782]
Event: 3.243 Thread 0x00007fe87c138400 Exception <a 'java/lang/NoSuchMethodError'{0x000000078735e428}: 'long java.lang.invoke.DirectMethodHandle$Holder.invokeStatic(java.lang.Object, java.lang.Object, java.lang.Object)'> (0x000000078735e428) 
thrown [./open/src/hotspot/share/interpreter/linkResolver.cpp, line 782]
Event: 3.243 Thread 0x00007fe87c138400 Exception <a 'java/lang/NoSuchMethodError'{0x0000000787361dd8}: 'long java.lang.invoke.DirectMethodHandle$Holder.invokeStaticInit(java.lang.Object, java.lang.Object, java.lang.Object)'> (0x0000000787361dd8) 
thrown [./open/src/hotspot/share/interpreter/linkResolver.cpp, line 782]
Event: 3.245 Thread 0x00007fe87c138400 Exception <a 'java/lang/NoSuchMethodError'{0x0000000787379e38}: 'java.lang.Object java.lang.invoke.DirectMethodHandle$Holder.newInvokeSpecial(java.lang.Object, java.lang.Object, long)'> (0x0000000787379e38) 
thrown [./open/src/hotspot/share/interpreter/linkResolver.cpp, line 782]
Event: 3.245 Thread 0x00007fe87c138400 Exception <a 'java/lang/NoSuchMethodError'{0x000000078737d900}: 'java.lang.Object java.lang.invoke.Invokers$Holder.linkToTargetMethod(java.lang.Object, long, java.lang.Object)'> (0x000000078737d900) 
thrown [./open/src/hotspot/share/interpreter/linkResolver.cpp, line 782]

Events (20 events):
Event: 3.223 loading class java/util/AbstractList$SubList$1
Event: 3.223 loading class java/util/AbstractList$SubList$1 done
Event: 3.223 loading class java/util/AbstractList$ListItr
Event: 3.223 loading class java/util/AbstractList$ListItr done
Event: 3.241 Protecting memory [0x0000700003f77000,0x0000700003f7b000] with protection modes 0
Event: 3.241 Thread 0x00007fe87c3dbe00 Thread added: 0x00007fe87c3dbe00
Event: 3.536 Executing VM operation: HandshakeAllThreads
Event: 3.536 Executing VM operation: HandshakeAllThreads done
Event: 3.609 Protecting memory [0x0000700003f77000,0x0000700003f7b000] with protection modes 3
Event: 3.609 Thread 0x00007fe87c3dbe00 Thread exited: 0x00007fe87c3dbe00
Event: 4.645 Protecting memory [0x0000700003d71000,0x0000700003d75000] with protection modes 3
Event: 4.645 Thread 0x00007fe87c103600 Thread exited: 0x00007fe87c103600
Event: 4.645 Protecting memory [0x0000700004100000,0x0000700004104000] with protection modes 3
Event: 4.645 Thread 0x00007fe87f01c000 Thread exited: 0x00007fe87f01c000
Event: 4.646 Protecting memory [0x0000700002b38000,0x0000700002b3c000] with protection modes 3
Event: 4.646 Thread 0x00007fe87b009600 Thread exited: 0x00007fe87b009600
Event: 4.646 Protecting memory [0x0000700002b38000,0x0000700002b3c000] with protection modes 0
Event: 4.646 Protecting memory [0x00007ffee7a8e000,0x00007ffee7a92000] with protection modes 3
Event: 4.646 Thread 0x00007fe87b009600 Thread added: 0x00007fe87b009600
Event: 4.646 Thread 0x00007fe87c138400 Thread exited: 0x00007fe87c138400


Dynamic libraries:
0x00007fff2a462000 	/usr/lib/libz.1.dylib
0x000000010797b000 	/Users/woxdak/Library/Java/JavaVirtualMachines/openjdk-15.0.1/Contents/Home/lib/libjli.dylib
0x00007fff34fa0000 	/System/Library/Frameworks/Cocoa.framework/Versions/A/Cocoa
0x00007fff221dd000 	/System/Library/Frameworks/Security.framework/Versions/A/Security
0x00007fff3319f000 	/System/Library/Frameworks/ApplicationServices.framework/Versions/A/ApplicationServices
0x00007fff2a52a000 	/usr/lib/libSystem.B.dylib
0x00007fff2a524000 	/usr/lib/system/libcache.dylib
0x00007fff2a4e0000 	/usr/lib/system/libcommonCrypto.dylib
0x00007fff2a50a000 	/usr/lib/system/libcompiler_rt.dylib
0x00007fff2a4ff000 	/usr/lib/system/libcopyfile.dylib
0x00007fff200b4000 	/usr/lib/system/libcorecrypto.dylib
0x00007fff20180000 	/usr/lib/system/libdispatch.dylib
0x00007fff20334000 	/usr/lib/system/libdyld.dylib
0x00007fff2a51b000 	/usr/lib/system/libkeymgr.dylib
0x00007fff2d95d000 	/usr/lib/system/liblaunch.dylib
0x00007fff2a4be000 	/usr/lib/system/libmacho.dylib
0x00007fff29cd9000 	/usr/lib/system/libquarantine.dylib
0x00007fff2a518000 	/usr/lib/system/libremovefile.dylib
0x00007fff24b72000 	/usr/lib/system/libsystem_asl.dylib
0x00007fff20064000 	/usr/lib/system/libsystem_blocks.dylib
0x00007fff20201000 	/usr/lib/system/libsystem_c.dylib
0x00007fff2a512000 	/usr/lib/system/libsystem_collections.dylib
0x00007fff28fce000 	/usr/lib/system/libsystem_configuration.dylib
0x00007fff282c2000 	/usr/lib/system/libsystem_containermanager.dylib
0x00007fff2a25a000 	/usr/lib/system/libsystem_coreservices.dylib
0x00007fff22791000 	/usr/lib/system/libsystem_darwin.dylib
0x00007fff2a51c000 	/usr/lib/system/libsystem_dnssd.dylib
0x00007fff201fe000 	/usr/lib/system/libsystem_featureflags.dylib
0x00007fff20379000 	/usr/lib/system/libsystem_info.dylib
0x00007fff2a475000 	/usr/lib/system/libsystem_m.dylib
0x00007fff20153000 	/usr/lib/system/libsystem_malloc.dylib
0x00007fff24b06000 	/usr/lib/system/libsystem_networkextension.dylib
0x00007fff22bab000 	/usr/lib/system/libsystem_notify.dylib
0x00007fff2fe0a000 	/usr/lib/system/libsystem_product_info_filter.dylib
0x00007fff28fd2000 	/usr/lib/system/libsystem_sandbox.dylib
0x00007fff2a515000 	/usr/lib/system/libsystem_secinit.dylib
0x00007fff202f9000 	/usr/lib/system/libsystem_kernel.dylib
0x00007fff2036f000 	/usr/lib/system/libsystem_platform.dylib
0x00007fff20328000 	/usr/lib/system/libsystem_pthread.dylib
0x00007fff26270000 	/usr/lib/system/libsystem_symptoms.dylib
0x00007fff2009c000 	/usr/lib/system/libsystem_trace.dylib
0x00007fff2a4ec000 	/usr/lib/system/libunwind.dylib
0x00007fff20066000 	/usr/lib/system/libxpc.dylib
0x00007fff202e0000 	/usr/lib/libc++abi.dylib
0x00007fff201c5000 	/usr/lib/libobjc.A.dylib
0x00007fff2a4f7000 	/usr/lib/liboah.dylib
0x00007fff2028a000 	/usr/lib/libc++.1.dylib
0x00007fff203a5000 	/System/Library/Frameworks/CoreFoundation.framework/Versions/A/CoreFoundation
0x00007fff21152000 	/System/Library/Frameworks/Foundation.framework/Versions/C/Foundation
0x00007fff22c03000 	/System/Library/Frameworks/AppKit.framework/Versions/C/AppKit
0x00007fff25a99000 	/System/Library/Frameworks/CoreData.framework/Versions/A/CoreData
0x00007fff23966000 	/System/Library/PrivateFrameworks/UIFoundation.framework/Versions/A/UIFoundation
0x00007fff2fb83000 	/System/Library/PrivateFrameworks/RemoteViewServices.framework/Versions/A/RemoteViewServices
0x00007fff2898c000 	/System/Library/PrivateFrameworks/XCTTargetBootstrap.framework/Versions/A/XCTTargetBootstrap
0x00007fff2b669000 	/usr/lib/libspindump.dylib
0x00007fff23bba000 	/System/Library/Frameworks/UniformTypeIdentifiers.framework/Versions/A/UniformTypeIdentifiers
0x00007fff27163000 	/usr/lib/libapp_launch_measurement.dylib
0x00007fff27166000 	/System/Library/PrivateFrameworks/CoreAutoLayout.framework/Versions/A/CoreAutoLayout
0x00007fff282ee000 	/System/Library/Frameworks/Metal.framework/Versions/A/Metal
0x00007fff28fdd000 	/usr/lib/liblangid.dylib
0x00007fff28990000 	/System/Library/PrivateFrameworks/CoreSVG.framework/Versions/A/CoreSVG
0x00007fff24ba1000 	/System/Library/PrivateFrameworks/SkyLight.framework/Versions/A/SkyLight
0x00007fff24f07000 	/System/Library/Frameworks/CoreGraphics.framework/Versions/A/CoreGraphics
0x00007fff301da000 	/System/Library/Frameworks/Accelerate.framework/Versions/A/Accelerate
0x00007fff2b0a4000 	/System/Library/PrivateFrameworks/IconServices.framework/Versions/A/IconServices
0x00007fff282d3000 	/System/Library/Frameworks/IOSurface.framework/Versions/A/IOSurface
0x00007fff26422000 	/usr/lib/libDiagnosticMessagesClient.dylib
0x00007fff28978000 	/System/Library/PrivateFrameworks/DFRFoundation.framework/Versions/A/DFRFoundation
0x00007fff2252f000 	/usr/lib/libicucore.A.dylib
0x00007fff2cbab000 	/System/Library/Frameworks/AudioToolbox.framework/Versions/A/AudioToolbox
0x00007fff2be51000 	/System/Library/PrivateFrameworks/DataDetectorsCore.framework/Versions/A/DataDetectorsCore
0x00007fff28678000 	/System/Library/Frameworks/Carbon.framework/Versions/A/Frameworks/HIToolbox.framework/Versions/A/HIToolbox
0x00007fff26bbb000 	/System/Library/Frameworks/QuartzCore.framework/Versions/A/QuartzCore
0x00007fff2fbbf000 	/System/Library/Frameworks/Carbon.framework/Versions/A/Frameworks/SpeechRecognition.framework/Versions/A/SpeechRecognition
0x00007fff26ecb000 	/System/Library/PrivateFrameworks/CoreUI.framework/Versions/A/CoreUI
0x00007fff21b39000 	/System/Library/Frameworks/CoreAudio.framework/Versions/A/CoreAudio
0x00007fff2650d000 	/System/Library/Frameworks/DiskArbitration.framework/Versions/A/DiskArbitration
0x00007fff2ba64000 	/System/Library/PrivateFrameworks/MultitouchSupport.framework/Versions/A/MultitouchSupport
0x00007fff2be48000 	/System/Library/PrivateFrameworks/InternationalSupport.framework/Versions/A/InternationalSupport
0x00007fff24b15000 	/usr/lib/libenergytrace.dylib
0x00007fff22afd000 	/System/Library/Frameworks/IOKit.framework/Versions/A/IOKit
0x00007fff2ff0c000 	/System/Library/Frameworks/CoreServices.framework/Versions/A/CoreServices
0x00007fff270f9000 	/System/Library/PrivateFrameworks/PerformanceAnalysis.framework/Versions/A/PerformanceAnalysis
0x00007fff6c809000 	/System/Library/Frameworks/OpenGL.framework/Versions/A/OpenGL
0x00007fff2becd000 	/System/Library/PrivateFrameworks/UserActivity.framework/Versions/A/UserActivity
0x00007fff2559b000 	/System/Library/Frameworks/ColorSync.framework/Versions/A/ColorSync
0x00007fff28bf4000 	/System/Library/Frameworks/CoreImage.framework/Versions/A/CoreImage
0x00007fff21950000 	/System/Library/Frameworks/CoreText.framework/Versions/A/CoreText
0x00007fff289ba000 	/System/Library/Frameworks/ImageIO.framework/Versions/A/ImageIO
0x00007fff2a530000 	/System/Library/PrivateFrameworks/SoftLinking.framework/Versions/A/SoftLinking
0x00007fff271af000 	/usr/lib/libxml2.2.dylib
0x00007fff2a7a2000 	/usr/lib/libcompression.dylib
0x00007fff24b16000 	/usr/lib/libMobileGestalt.dylib
0x00007fff2bd7b000 	/System/Library/PrivateFrameworks/TextureIO.framework/Versions/A/TextureIO
0x00007fff2adc7000 	/usr/lib/libate.dylib
0x00007fff2abad000 	/usr/lib/liblzma.5.dylib
0x00007fff20e66000 	/System/Library/Frameworks/SystemConfiguration.framework/Versions/A/SystemConfiguration
0x00007fff2a52c000 	/usr/lib/libfakelink.dylib
0x00007fff24668000 	/System/Library/Frameworks/CFNetwork.framework/Versions/A/CFNetwork
0x00007fff2a66c000 	/usr/lib/libarchive.2.dylib
0x00007fff20ee4000 	/usr/lib/libCRFSuite.dylib
0x00007fff29d00000 	/usr/lib/libbsm.0.dylib
0x00007fff24024000 	/usr/lib/libnetwork.dylib
0x00007fff2a531000 	/usr/lib/libpcap.A.dylib
0x00007fff26269000 	/usr/lib/libdns_services.dylib
0x00007fff2abc6000 	/usr/lib/libcoretls_cfhelpers.dylib
0x00007fff2a770000 	/usr/lib/libapple_nghttp2.dylib
0x00007fff2a4c4000 	/usr/lib/system/libkxld.dylib
0x00007fff25ecf000 	/usr/lib/libsqlite3.dylib
0x00007fff2a23c000 	/System/Library/PrivateFrameworks/AppleFSCompression.framework/Versions/A/AppleFSCompression
0x00007fff29ce8000 	/usr/lib/libcoretls.dylib
0x00007fff2a79d000 	/usr/lib/libpam.2.dylib
0x00007fff2acc2000 	/usr/lib/libxar.1.dylib
0x00007fff28fd9000 	/System/Library/PrivateFrameworks/AppleSystemInfo.framework/Versions/A/AppleSystemInfo
0x00007fff2992b000 	/System/Library/PrivateFrameworks/IOMobileFramebuffer.framework/Versions/A/IOMobileFramebuffer
0x00007fff2a24c000 	/usr/lib/libbz2.1.0.dylib
0x00007fff2a569000 	/usr/lib/libiconv.2.dylib
0x00007fff2a4bd000 	/usr/lib/libcharset.1.dylib
0x00007fff27135000 	/System/Library/Frameworks/CoreServices.framework/Versions/A/Frameworks/FSEvents.framework/Versions/A/FSEvents
0x00007fff2279b000 	/System/Library/Frameworks/CoreServices.framework/Versions/A/Frameworks/CarbonCore.framework/Versions/A/CarbonCore
0x00007fff26472000 	/System/Library/Frameworks/CoreServices.framework/Versions/A/Frameworks/Metadata.framework/Versions/A/Metadata
0x00007fff2a25f000 	/System/Library/Frameworks/CoreServices.framework/Versions/A/Frameworks/OSServices.framework/Versions/A/OSServices
0x00007fff2a6de000 	/System/Library/Frameworks/CoreServices.framework/Versions/A/Frameworks/SearchKit.framework/Versions/A/SearchKit
0x00007fff261f3000 	/System/Library/Frameworks/CoreServices.framework/Versions/A/Frameworks/AE.framework/Versions/A/AE
0x00007fff20841000 	/System/Library/Frameworks/CoreServices.framework/Versions/A/Frameworks/LaunchServices.framework/Versions/A/LaunchServices
0x00007fff2ab5e000 	/System/Library/Frameworks/CoreServices.framework/Versions/A/Frameworks/DictionaryServices.framework/Versions/A/DictionaryServices
0x00007fff2713e000 	/System/Library/Frameworks/CoreServices.framework/Versions/A/Frameworks/SharedFileList.framework/Versions/A/SharedFileList
0x00007fff29cdc000 	/usr/lib/libCheckFix.dylib
0x00007fff24b89000 	/System/Library/PrivateFrameworks/TCC.framework/Versions/A/TCC
0x00007fff28fdf000 	/System/Library/PrivateFrameworks/CoreNLP.framework/Versions/A/CoreNLP
0x00007fff26425000 	/System/Library/PrivateFrameworks/MetadataUtilities.framework/Versions/A/MetadataUtilities
0x00007fff20f1a000 	/usr/lib/libmecabra.dylib
0x00007fff29fef000 	/System/Library/Frameworks/MLCompute.framework/Versions/A/MLCompute
0x00007fff29d11000 	/usr/lib/libmecab.dylib
0x00007fff29d5b000 	/usr/lib/libgermantok.dylib
0x00007fff2a746000 	/usr/lib/libThaiTokenizer.dylib
0x00007fff2acfd000 	/usr/lib/libChineseTokenizer.dylib
0x00007fff2a79b000 	/System/Library/Frameworks/MetalPerformanceShaders.framework/Versions/A/MetalPerformanceShaders
0x00007fff26514000 	/System/Library/Frameworks/Accelerate.framework/Versions/A/Frameworks/vImage.framework/Versions/A/vImage
0x00007fff2fee5000 	/System/Library/Frameworks/Accelerate.framework/Versions/A/Frameworks/vecLib.framework/Versions/A/vecLib
0x00007fff2ad08000 	/System/Library/Frameworks/Accelerate.framework/Versions/A/Frameworks/vecLib.framework/Versions/A/libvMisc.dylib
0x00007fff29744000 	/System/Library/Frameworks/Accelerate.framework/Versions/A/Frameworks/vecLib.framework/Versions/A/libvDSP.dylib
0x00007fff20b45000 	/System/Library/Frameworks/Accelerate.framework/Versions/A/Frameworks/vecLib.framework/Versions/A/libBLAS.dylib
0x00007fff2a7c1000 	/System/Library/Frameworks/Accelerate.framework/Versions/A/Frameworks/vecLib.framework/Versions/A/libLAPACK.dylib
0x00007fff29d61000 	/System/Library/Frameworks/Accelerate.framework/Versions/A/Frameworks/vecLib.framework/Versions/A/libLinearAlgebra.dylib
0x00007fff2a788000 	/System/Library/Frameworks/Accelerate.framework/Versions/A/Frameworks/vecLib.framework/Versions/A/libSparseBLAS.dylib
0x00007fff2a7bb000 	/System/Library/Frameworks/Accelerate.framework/Versions/A/Frameworks/vecLib.framework/Versions/A/libQuadrature.dylib
0x00007fff29087000 	/System/Library/Frameworks/Accelerate.framework/Versions/A/Frameworks/vecLib.framework/Versions/A/libBNNS.dylib
0x00007fff20df7000 	/System/Library/Frameworks/Accelerate.framework/Versions/A/Frameworks/vecLib.framework/Versions/A/libSparse.dylib
0x00007fff28f72000 	/System/Library/Frameworks/MetalPerformanceShaders.framework/Versions/A/Frameworks/MPSCore.framework/Versions/A/MPSCore
0x00007fff2a1ab000 	/System/Library/Frameworks/MetalPerformanceShaders.framework/Versions/A/Frameworks/MPSImage.framework/Versions/A/MPSImage
0x00007fff29d77000 	/System/Library/Frameworks/MetalPerformanceShaders.framework/Versions/A/Frameworks/MPSNeuralNetwork.framework/Versions/A/MPSNeuralNetwork
0x00007fff2a136000 	/System/Library/Frameworks/MetalPerformanceShaders.framework/Versions/A/Frameworks/MPSMatrix.framework/Versions/A/MPSMatrix
0x00007fff29f9f000 	/System/Library/Frameworks/MetalPerformanceShaders.framework/Versions/A/Frameworks/MPSRayIntersector.framework/Versions/A/MPSRayIntersector
0x00007fff2a16d000 	/System/Library/Frameworks/MetalPerformanceShaders.framework/Versions/A/Frameworks/MPSNDArray.framework/Versions/A/MPSNDArray
0x00007fff20a71000 	/System/Library/PrivateFrameworks/MetalTools.framework/Versions/A/MetalTools
0x00007fff28fd7000 	/System/Library/PrivateFrameworks/AggregateDictionary.framework/Versions/A/AggregateDictionary
0x00007fff263fd000 	/System/Library/PrivateFrameworks/CoreAnalytics.framework/Versions/A/CoreAnalytics
0x00007fff2a748000 	/System/Library/PrivateFrameworks/AppleSauce.framework/Versions/A/AppleSauce
0x00007fff282e5000 	/System/Library/PrivateFrameworks/IOAccelerator.framework/Versions/A/IOAccelerator
0x00007fff6c7fd000 	/System/Library/Frameworks/OpenGL.framework/Versions/A/Libraries/libCoreFSCache.dylib
0x00007fff214b6000 	/System/Library/PrivateFrameworks/LanguageModeling.framework/Versions/A/LanguageModeling
0x00007fff29918000 	/System/Library/PrivateFrameworks/CoreEmoji.framework/Versions/A/CoreEmoji
0x00007fff29080000 	/System/Library/PrivateFrameworks/LinguisticData.framework/Versions/A/LinguisticData
0x00007fff20da9000 	/System/Library/PrivateFrameworks/Lexicon.framework/Versions/A/Lexicon
0x00007fff2a65a000 	/usr/lib/libcmph.dylib
0x00007fff27115000 	/System/Library/Frameworks/OpenDirectory.framework/Versions/A/Frameworks/CFOpenDirectory.framework/Versions/A/CFOpenDirectory
0x00007fff27105000 	/System/Library/Frameworks/OpenDirectory.framework/Versions/A/OpenDirectory
0x00007fff2abc8000 	/System/Library/PrivateFrameworks/APFS.framework/Versions/A/APFS
0x00007fff29c3d000 	/System/Library/Frameworks/SecurityFoundation.framework/Versions/A/SecurityFoundation
0x00007fff2acd0000 	/usr/lib/libutil.dylib
0x00007fff22ac2000 	/System/Library/PrivateFrameworks/CoreServicesStore.framework/Versions/A/CoreServicesStore
0x00007fff29cd4000 	/System/Library/Frameworks/ServiceManagement.framework/Versions/A/ServiceManagement
0x00007fff2acd4000 	/usr/lib/libxslt.1.dylib
0x00007fff29cca000 	/System/Library/PrivateFrameworks/BackgroundTaskManagement.framework/Versions/A/BackgroundTaskManagement
0x00007fff2bcc5000 	/System/Library/Frameworks/ImageIO.framework/Versions/A/Resources/libRadiance.dylib
0x00007fff2bccf000 	/System/Library/Frameworks/ImageIO.framework/Versions/A/Resources/libJPEG.dylib
0x00007fff2bc1e000 	/System/Library/Frameworks/ImageIO.framework/Versions/A/Resources/libPng.dylib
0x00007fff2bc45000 	/System/Library/Frameworks/ImageIO.framework/Versions/A/Resources/libTIFF.dylib
0x00007fff2bd24000 	/System/Library/Frameworks/ImageIO.framework/Versions/A/Resources/libGIF.dylib
0x00007fff2b981000 	/System/Library/Frameworks/ImageIO.framework/Versions/A/Resources/libJP2.dylib
0x00007fff2b06b000 	/usr/lib/libexpat.1.dylib
0x00007fff2b936000 	/System/Library/PrivateFrameworks/AppleJPEG.framework/Versions/A/AppleJPEG
0x00007fff2851b000 	/System/Library/PrivateFrameworks/FontServices.framework/libFontParser.dylib
0x00007fff261a7000 	/System/Library/PrivateFrameworks/RunningBoardServices.framework/Versions/A/RunningBoardServices
0x00007fff2ba60000 	/System/Library/PrivateFrameworks/WatchdogClient.framework/Versions/A/WatchdogClient
0x00007fff215a3000 	/System/Library/Frameworks/CoreDisplay.framework/Versions/A/CoreDisplay
0x00007fff28431000 	/System/Library/Frameworks/CoreMedia.framework/Versions/A/CoreMedia
0x00007fff27292000 	/System/Library/Frameworks/CoreVideo.framework/Versions/A/CoreVideo
0x00007fff2ba98000 	/System/Library/Frameworks/VideoToolbox.framework/Versions/A/VideoToolbox
0x00007fff26125000 	/System/Library/PrivateFrameworks/BaseBoard.framework/Versions/A/BaseBoard
0x00007fff2b1b0000 	/System/Library/PrivateFrameworks/PersistentConnection.framework/Versions/A/PersistentConnection
0x00007fff25eb8000 	/System/Library/PrivateFrameworks/ProtocolBuffer.framework/Versions/A/ProtocolBuffer
0x00007fff2610c000 	/System/Library/PrivateFrameworks/CommonUtilities.framework/Versions/A/CommonUtilities
0x00007fff2b8cb000 	/System/Library/PrivateFrameworks/Bom.framework/Versions/A/Bom
0x00007fff2bcbe000 	/System/Library/PrivateFrameworks/GPUWrangler.framework/Versions/A/GPUWrangler
0x00007fff2bca3000 	/System/Library/PrivateFrameworks/IOPresentment.framework/Versions/A/IOPresentment
0x00007fff2bcc9000 	/System/Library/PrivateFrameworks/DSExternalDisplay.framework/Versions/A/DSExternalDisplay
0x00007fff2bd29000 	/System/Library/PrivateFrameworks/CMCaptureCore.framework/Versions/A/CMCaptureCore
0x00007fff2b650000 	/System/Library/PrivateFrameworks/AppServerSupport.framework/Versions/A/AppServerSupport
0x00007fff2d6fc000 	/System/Library/PrivateFrameworks/perfdata.framework/Versions/A/perfdata
0x00007fff29c2c000 	/System/Library/PrivateFrameworks/AssertionServices.framework/Versions/A/AssertionServices
0x00007fff216da000 	/System/Library/PrivateFrameworks/AudioToolboxCore.framework/Versions/A/AudioToolboxCore
0x00007fff28414000 	/System/Library/PrivateFrameworks/caulk.framework/Versions/A/caulk
0x00007fff3d389000 	/System/Library/PrivateFrameworks/SystemPolicy.framework/Versions/A/SystemPolicy
0x00007fff2ae60000 	/usr/lib/libIOReport.dylib
0x00007fff2cf1e000 	/usr/lib/libSMC.dylib
0x00007fff2bbeb000 	/usr/lib/libAudioToolboxUtility.dylib
0x00007fff3dcf3000 	/usr/lib/libmis.dylib
0x00007fff6c859000 	/System/Library/Frameworks/OpenGL.framework/Versions/A/Libraries/libGLU.dylib
0x00007fff6c81c000 	/System/Library/Frameworks/OpenGL.framework/Versions/A/Libraries/libGFXShared.dylib
0x00007fff6ca2b000 	/System/Library/Frameworks/OpenGL.framework/Versions/A/Libraries/libGL.dylib
0x00007fff6c825000 	/System/Library/Frameworks/OpenGL.framework/Versions/A/Libraries/libGLImage.dylib
0x00007fff6c819000 	/System/Library/Frameworks/OpenGL.framework/Versions/A/Libraries/libCVMSPluginSupport.dylib
0x00007fff6c804000 	/System/Library/Frameworks/OpenGL.framework/Versions/A/Libraries/libCoreVMClient.dylib
0x00007fff6de6c000 	/System/Library/Frameworks/OpenCL.framework/Versions/A/OpenCL
0x00007fff2b1da000 	/System/Library/PrivateFrameworks/GraphVisualizer.framework/Versions/A/GraphVisualizer
0x00007fff2b1e9000 	/System/Library/PrivateFrameworks/FaceCore.framework/Versions/A/FaceCore
0x00007fff2b605000 	/System/Library/PrivateFrameworks/OTSVG.framework/Versions/A/OTSVG
0x00007fff26e89000 	/System/Library/Frameworks/ApplicationServices.framework/Versions/A/Frameworks/ATS.framework/Versions/A/Resources/libFontRegistry.dylib
0x00007fff2b657000 	/System/Library/PrivateFrameworks/FontServices.framework/libhvf.dylib
0x00007fff2b017000 	/System/Library/PrivateFrameworks/AppleVA.framework/Versions/A/AppleVA
0x00007fff2cd67000 	/System/Library/Frameworks/ApplicationServices.framework/Versions/A/Frameworks/ATS.framework/Versions/A/ATS
0x00007fff2d079000 	/System/Library/Frameworks/ApplicationServices.framework/Versions/A/Frameworks/ColorSyncLegacy.framework/Versions/A/ColorSyncLegacy
0x00007fff25692000 	/System/Library/Frameworks/ApplicationServices.framework/Versions/A/Frameworks/HIServices.framework/Versions/A/HIServices
0x00007fff2d05e000 	/System/Library/Frameworks/ApplicationServices.framework/Versions/A/Frameworks/LangAnalysis.framework/Versions/A/LangAnalysis
0x00007fff2bd33000 	/System/Library/Frameworks/ApplicationServices.framework/Versions/A/Frameworks/PrintCore.framework/Versions/A/PrintCore
0x00007fff2d081000 	/System/Library/Frameworks/ApplicationServices.framework/Versions/A/Frameworks/QD.framework/Versions/A/QD
0x00007fff2cd57000 	/System/Library/Frameworks/ApplicationServices.framework/Versions/A/Frameworks/SpeechSynthesis.framework/Versions/A/SpeechSynthesis
0x00007fff2bcf4000 	/System/Library/Frameworks/ApplicationServices.framework/Versions/A/Frameworks/ATSUI.framework/Versions/A/ATSUI
0x00007fff2cffe000 	/usr/lib/libcups.2.dylib
0x00007fff2d06e000 	/System/Library/PrivateFrameworks/NetAuth.framework/Versions/A/NetAuth
0x00007fff2d718000 	/System/Library/Frameworks/Kerberos.framework/Versions/A/Kerberos
0x00007fff2d728000 	/System/Library/Frameworks/GSS.framework/Versions/A/GSS
0x00007fff2cdd3000 	/usr/lib/libresolv.9.dylib
0x00007fff2b66c000 	/System/Library/PrivateFrameworks/Heimdal.framework/Versions/A/Heimdal
0x00007fff3349f000 	/System/Library/Frameworks/Kerberos.framework/Versions/A/Libraries/libHeimdalProxy.dylib
0x00007fff26278000 	/System/Library/Frameworks/Network.framework/Versions/A/Network
0x00007fff2b085000 	/usr/lib/libheimdal-asn1.dylib
0x00007fff2d778000 	/System/Library/PrivateFrameworks/CommonAuth.framework/Versions/A/CommonAuth
0x00007fff272df000 	/System/Library/PrivateFrameworks/login.framework/Versions/A/Frameworks/loginsupport.framework/Versions/A/loginsupport
0x00007fff2ccdc000 	/System/Library/PrivateFrameworks/AudioSession.framework/Versions/A/AudioSession
0x00007fff2cd44000 	/usr/lib/libAudioStatistics.dylib
0x00007fff2b112000 	/System/Library/PrivateFrameworks/MediaExperience.framework/Versions/A/MediaExperience
0x00007fff2cb79000 	/System/Library/PrivateFrameworks/AudioSession.framework/libSessionUtility.dylib
0x00007fff2d709000 	/usr/lib/libperfcheck.dylib
0x00007fff2d08d000 	/System/Library/PrivateFrameworks/AudioResourceArbitration.framework/Versions/A/AudioResourceArbitration
0x00007fff2b08f000 	/System/Library/PrivateFrameworks/IconFoundation.framework/Versions/A/IconFoundation
0x00007fff2fbaf000 	/System/Library/PrivateFrameworks/SpeechRecognitionCore.framework/Versions/A/SpeechRecognitionCore
0x000000010c000000 	/Users/woxdak/Library/Java/JavaVirtualMachines/openjdk-15.0.1/Contents/Home/lib/server/libjvm.dylib
0x00000001079a8000 	/Users/woxdak/Library/Java/JavaVirtualMachines/openjdk-15.0.1/Contents/Home/lib/libjimage.dylib
0x00000001079fe000 	/Users/woxdak/Library/Java/JavaVirtualMachines/openjdk-15.0.1/Contents/Home/lib/libjava.dylib
0x0000000107ca1000 	/Users/woxdak/Library/Java/JavaVirtualMachines/openjdk-15.0.1/Contents/Home/lib/libnio.dylib
0x0000000107cb5000 	/Users/woxdak/Library/Java/JavaVirtualMachines/openjdk-15.0.1/Contents/Home/lib/libnet.dylib
0x0000000107cce000 	/Users/woxdak/Library/Java/JavaVirtualMachines/openjdk-15.0.1/Contents/Home/lib/libzip.dylib
0x0000000107cdc000 	/Users/woxdak/.openjfx/cache/15.0.1/libprism_es2.dylib
0x00007fff22a83000 	/System/Library/PrivateFrameworks/CoreServicesInternal.framework/Versions/A/CoreServicesInternal
0x00007fff6ca36000 	/System/Library/Frameworks/OpenGL.framework/Versions/A/Resources/GLEngine.bundle/GLEngine
0x00007fff6c896000 	/System/Library/Frameworks/OpenGL.framework/Versions/A/Libraries/libGLProgrammability.dylib
0x00007fff5fbc6000 	/System/Library/Extensions/AppleIntelKBLGraphicsGLDriver.bundle/Contents/MacOS/AppleIntelKBLGraphicsGLDriver
0x00007fff46bff000 	/System/Library/PrivateFrameworks/GPUSupport.framework/Versions/A/Libraries/libGPUSupportMercury.dylib
0x00007fff6cbb2000 	/System/Library/Frameworks/OpenGL.framework/Versions/A/Resources/GLRendererFloat.bundle/GLRendererFloat
0x0000000114594000 	/Users/woxdak/.openjfx/cache/15.0.1/libglass.dylib
0x00007fff31095000 	/System/Library/Frameworks/FileProvider.framework/Versions/A/FileProvider
0x00007fff2608f000 	/System/Library/Frameworks/Accounts.framework/Versions/A/Accounts
0x00007fff311b6000 	/System/Library/PrivateFrameworks/GenerationalStorage.framework/Versions/A/GenerationalStorage
0x00007fff31b75000 	/System/Library/PrivateFrameworks/CoreSymbolication.framework/Versions/A/CoreSymbolication
0x00007fff30ab4000 	/System/Library/PrivateFrameworks/SymptomDiagnosticReporter.framework/Versions/A/SymptomDiagnosticReporter
0x00007fff2e3c1000 	/System/Library/PrivateFrameworks/AppContainer.framework/Versions/A/AppContainer
0x00007fff23bcd000 	/System/Library/PrivateFrameworks/DesktopServicesPriv.framework/Versions/A/DesktopServicesPriv
0x00007fff22bb7000 	/usr/lib/libsandbox.1.dylib
0x00007fff2730b000 	/System/Library/PrivateFrameworks/UserManagement.framework/Versions/A/UserManagement
0x00007fff29c09000 	/System/Library/PrivateFrameworks/MobileKeyBag.framework/Versions/A/MobileKeyBag
0x00007fff34508000 	/System/Library/PrivateFrameworks/ChunkingLibrary.framework/Versions/A/ChunkingLibrary
0x00007fff31b38000 	/System/Library/PrivateFrameworks/DebugSymbols.framework/Versions/A/DebugSymbols
0x00007fff2e3d6000 	/System/Library/PrivateFrameworks/SecCodeWrapper.framework/Versions/A/SecCodeWrapper
0x00007fff2ae68000 	/System/Library/PrivateFrameworks/CrashReporterSupport.framework/Versions/A/CrashReporterSupport
0x00007fff4826b000 	/System/Library/PrivateFrameworks/OSAnalytics.framework/Versions/A/OSAnalytics
0x00007fff78384000 	/usr/lib/libRosetta.dylib
0x00007fff32eeb000 	/System/Library/PrivateFrameworks/RemoteServiceDiscovery.framework/Versions/A/RemoteServiceDiscovery
0x00007fff52229000 	/System/Library/PrivateFrameworks/Symbolication.framework/Versions/A/Symbolication
0x00007fff32efb000 	/System/Library/PrivateFrameworks/RemoteXPC.framework/Versions/A/RemoteXPC
0x00007fff393f8000 	/System/Library/PrivateFrameworks/OSAServicesClient.framework/Versions/A/OSAServicesClient
0x00007fff3dcd2000 	/System/Library/PrivateFrameworks/MallocStackLogging.framework/Versions/A/MallocStackLogging
0x00007fff2e158000 	/System/Library/PrivateFrameworks/Sharing.framework/Versions/A/Sharing
0x00007fff32ac8000 	/System/Library/PrivateFrameworks/Apple80211.framework/Versions/A/Apple80211
0x00007fff2a28d000 	/System/Library/PrivateFrameworks/AuthKit.framework/Versions/A/AuthKit
0x00007fff29a09000 	/System/Library/PrivateFrameworks/CoreUtils.framework/Versions/A/CoreUtils
0x00007fff29936000 	/System/Library/Frameworks/CoreWLAN.framework/Versions/A/CoreWLAN
0x00007fff2e2a0000 	/System/Library/Frameworks/IOBluetooth.framework/Versions/A/IOBluetooth
0x00007fff32b2c000 	/System/Library/PrivateFrameworks/CoreWiFi.framework/Versions/A/CoreWiFi
0x00007fff2d800000 	/System/Library/PrivateFrameworks/CorePhoneNumbers.framework/Versions/A/CorePhoneNumbers
0x00007fff30bbc000 	/System/Library/PrivateFrameworks/DiskManagement.framework/Versions/A/DiskManagement
0x00007fff30ad2000 	/System/Library/PrivateFrameworks/AppleIDAuthSupport.framework/Versions/A/AppleIDAuthSupport
0x00007fff2d7dd000 	/System/Library/PrivateFrameworks/KeychainCircle.framework/Versions/A/KeychainCircle
0x00007fff30b88000 	/System/Library/PrivateFrameworks/MediaKit.framework/Versions/A/MediaKit
0x00007fff30adf000 	/System/Library/Frameworks/DiscRecording.framework/Versions/A/DiscRecording
0x00007fff2af8b000 	/usr/lib/libCoreStorage.dylib
0x00007fff32f66000 	/usr/lib/libcsfde.dylib
0x00007fff2e3da000 	/System/Library/PrivateFrameworks/ProtectedCloudStorage.framework/Versions/A/ProtectedCloudStorage
0x00007fff32f5e000 	/System/Library/PrivateFrameworks/EFILogin.framework/Versions/A/EFILogin
0x00007fff33552000 	/System/Library/Frameworks/AudioUnit.framework/Versions/A/AudioUnit
0x00007fff30a51000 	/System/Library/Frameworks/CoreBluetooth.framework/Versions/A/CoreBluetooth
0x00007fff2af83000 	/usr/lib/libMatch.1.dylib
0x0000000114641000 	/usr/lib/libobjc-trampolines.dylib
0x00007fff418f9000 	/System/Library/Frameworks/Accelerate.framework/Versions/A/Frameworks/vImage.framework/Versions/A/Libraries/libCGInterfaces.dylib
0x00007fff2700d000 	/System/Library/PrivateFrameworks/ViewBridge.framework/Versions/A/ViewBridge
0x00007fff2b72d000 	/System/Library/PrivateFrameworks/login.framework/Versions/A/login
0x0000000130f8e000 	/Users/woxdak/.openjfx/cache/15.0.1/libjavafx_font.dylib
0x00000001328c8000 	/Users/woxdak/Library/Java/JavaVirtualMachines/openjdk-15.0.1/Contents/Home/lib/libawt.dylib
0x000000013297f000 	/Users/woxdak/Library/Java/JavaVirtualMachines/openjdk-15.0.1/Contents/Home/lib/libmlib_image.dylib
0x00007fff6f691000 	/System/Library/Frameworks/JavaNativeFoundation.framework/Versions/A/JavaNativeFoundation
0x00007fff6f69d000 	/System/Library/Frameworks/JavaRuntimeSupport.framework/Versions/A/JavaRuntimeSupport
0x00007fff3d101000 	/System/Library/Frameworks/Carbon.framework/Versions/A/Carbon
0x00007fff36407000 	/System/Library/Frameworks/Carbon.framework/Versions/A/Frameworks/CommonPanels.framework/Versions/A/CommonPanels
0x00007fff32f5a000 	/System/Library/Frameworks/Carbon.framework/Versions/A/Frameworks/Help.framework/Versions/A/Help
0x00007fff3640b000 	/System/Library/Frameworks/Carbon.framework/Versions/A/Frameworks/ImageCapture.framework/Versions/A/ImageCapture
0x00007fff363e3000 	/System/Library/Frameworks/Carbon.framework/Versions/A/Frameworks/OpenScripting.framework/Versions/A/OpenScripting
0x00007fff36403000 	/System/Library/Frameworks/Carbon.framework/Versions/A/Frameworks/Ink.framework/Versions/A/Ink
0x00007fff3d0fd000 	/System/Library/Frameworks/Carbon.framework/Versions/A/Frameworks/Print.framework/Versions/A/Print
0x00007fff363ff000 	/System/Library/Frameworks/Carbon.framework/Versions/A/Frameworks/SecurityHI.framework/Versions/A/SecurityHI
0x0000000132a1b000 	/Users/woxdak/Library/Java/JavaVirtualMachines/openjdk-15.0.1/Contents/Home/lib/libawt_lwawt.dylib
0x0000000132ad5000 	/Users/woxdak/Library/Java/JavaVirtualMachines/openjdk-15.0.1/Contents/Home/lib/libosxapp.dylib
0x00007fff3c4c1000 	/System/Library/Frameworks/ExceptionHandling.framework/Versions/A/ExceptionHandling
0x0000000132afc000 	/Users/woxdak/Library/Java/JavaVirtualMachines/openjdk-15.0.1/Contents/Home/lib/libfontmanager.dylib
0x0000000132c28000 	/Users/woxdak/Library/Java/JavaVirtualMachines/openjdk-15.0.1/Contents/Home/lib/libfreetype.dylib
0x00000001334bd000 	/Users/woxdak/Library/Java/JavaVirtualMachines/openjdk-15.0.1/Contents/Home/lib/libosxui.dylib
0x00007fff5e9d9000 	/System/Library/Extensions/AppleIntelKBLGraphicsMTLDriver.bundle/Contents/MacOS/AppleIntelKBLGraphicsMTLDriver
0x00007fff3dd06000 	/System/Library/PrivateFrameworks/GPURawCounter.framework/Versions/A/GPURawCounter
0x00007fff6a38f000 	/System/Library/PrivateFrameworks/GPUCompiler.framework/Versions/31001/Libraries/libmetal_timestamp.dylib


VM Arguments:
jvm_args: --add-modules=javafx.base,javafx.controls,javafx.fxml,javafx.graphics --module-path=/Users/woxdak/.gradle/caches/modules-2/files-2.1/org.openjfx/javafx-fxml/15.0.1/120a83ddfd726d9ef09e9569f53459106e8de467/javafx-fxml-15.0.1-mac.jar:/Users/woxdak/.gradle/caches/modules-2/files-2.1/org.openjfx/javafx-controls/15.0.1/cb743a50156d7eca281bfc3547aff4d146972e02/javafx-controls-15.0.1-mac.jar:/Users/woxdak/.gradle/caches/modules-2/files-2.1/org.openjfx/javafx-graphics/15.0.1/98ced13a06ad705ce0014df60794cedbf297080b/javafx-graphics-15.0.1-mac.jar:/Users/woxdak/.gradle/caches/modules-2/files-2.1/org.openjfx/javafx-base/15.0.1/b91bc3dfc230b46f11146686648a42921de0c23/javafx-base-15.0.1-mac.jar -Dfile.encoding=UTF-8 -Duser.country=US -Duser.language=en -Duser.variant 
java_command: com.gc.main
java_class_path (initial): /Users/woxdak/IdeaProjects/DisplayPath/build/classes/java/main:/Users/woxdak/IdeaProjects/DisplayPath/build/resources/main:/Users/woxdak/.gradle/caches/modules-2/files-2.1/org.openjfx/javafx-fxml/15.0.1/120a83ddfd726d9ef09e9569f53459106e8de467/javafx-fxml-15.0.1-mac.jar:/Users/woxdak/.gradle/caches/modules-2/files-2.1/org.openjfx/javafx-controls/15.0.1/cb743a50156d7eca281bfc3547aff4d146972e02/javafx-controls-15.0.1-mac.jar:/Users/woxdak/.gradle/caches/modules-2/files-2.1/org.openjfx/javafx-controls/15.0.1/7e951231ff36d704e8cc8b112b71951c9ccbc15d/javafx-controls-15.0.1.jar:/Users/woxdak/.gradle/caches/modules-2/files-2.1/org.openjfx/javafx-graphics/15.0.1/98ced13a06ad705ce0014df60794cedbf297080b/javafx-graphics-15.0.1-mac.jar:/Users/woxdak/.gradle/caches/modules-2/files-2.1/org.openjfx/javafx-graphics/15.0.1/55565f47d9d4e295f8bdeb8a6577e29b8bc29267/javafx-graphics-15.0.1.jar:/Users/woxdak/.gradle/caches/modules-2/files-2.1/org.openjfx/javafx-base/15.0.1/b91bc3dfc230b46f11146686648a42921de0c23/javafx-base-15.0.1-mac.jar:/Users/woxdak/.gradle/caches/modules-2/files-2.1/org.openjfx/javafx-base/15.0.1/88d5d4ad546e17904516fd05be69243e54144af4/javafx-base-15.0.1.jar
Launcher Type: SUN_STANDARD

[Global flags]
     intx CICompilerCount                          = 4                                         {product} {ergonomic}
     uint ConcGCThreads                            = 2                                         {product} {ergonomic}
     uint G1ConcRefinementThreads                  = 8                                         {product} {ergonomic}
   size_t G1HeapRegionSize                         = 1048576                                   {product} {ergonomic}
    uintx GCDrainStackTargetSize                   = 64                                        {product} {ergonomic}
   size_t InitialHeapSize                          = 134217728                                 {product} {ergonomic}
   size_t MarkStackSize                            = 4194304                                   {product} {ergonomic}
   size_t MaxHeapSize                              = 2147483648                                {product} {ergonomic}
   size_t MaxNewSize                               = 1287651328                                {product} {ergonomic}
   size_t MinHeapDeltaBytes                        = 1048576                                   {product} {ergonomic}
   size_t MinHeapSize                              = 8388608                                   {product} {ergonomic}
    uintx NonNMethodCodeHeapSize                   = 5839372                                {pd product} {ergonomic}
    uintx NonProfiledCodeHeapSize                  = 122909434                              {pd product} {ergonomic}
    uintx ProfiledCodeHeapSize                     = 122909434                              {pd product} {ergonomic}
    uintx ReservedCodeCacheSize                    = 251658240                              {pd product} {ergonomic}
     bool SegmentedCodeCache                       = true                                      {product} {ergonomic}
   size_t SoftMaxHeapSize                          = 2147483648                             {manageable} {ergonomic}
     bool UseCompressedClassPointers               = true                                 {lp64_product} {ergonomic}
     bool UseCompressedOops                        = true                                 {lp64_product} {ergonomic}
     bool UseG1GC                                  = true                                      {product} {ergonomic}
     bool UseNUMA                                  = false                                     {product} {ergonomic}
     bool UseNUMAInterleaving                      = false                                     {product} {ergonomic}

Logging:
Log output configuration:
 #0: stdout all=warning uptime,level,tags
 #1: stderr all=off uptime,level,tags

Environment Variables:
PATH=/usr/local/bin:/usr/bin:/bin:/usr/sbin:/sbin:/Library/Apple/usr/bin:/Library/Frameworks/Mono.framework/Versions/Current/Commands
SHELL=/bin/zsh
LC_CTYPE=en_US.UTF-8

Signal Handlers:
SIGSEGV: [libjvm.dylib+0xa00020], sa_mask[0]=11111111011111110111111111111111, sa_flags=SA_ONSTACK|SA_RESTART|SA_SIGINFO
SIGBUS: [libjvm.dylib+0xa00020], sa_mask[0]=11111111011111110111111111111111, sa_flags=SA_RESTART|SA_SIGINFO
SIGFPE: [libjvm.dylib+0xa00020], sa_mask[0]=11111111011111110111111111111111, sa_flags=SA_RESTART|SA_SIGINFO
SIGPIPE: [libjvm.dylib+0x82b7f0], sa_mask[0]=11111111011111110111111111111111, sa_flags=SA_RESTART|SA_SIGINFO
SIGXFSZ: [libjvm.dylib+0x82b7f0], sa_mask[0]=11111111011111110111111111111111, sa_flags=SA_RESTART|SA_SIGINFO
SIGILL: [libjvm.dylib+0xa00020], sa_mask[0]=11111111011111110111111111111111, sa_flags=SA_RESTART|SA_SIGINFO
SIGUSR2: [libjvm.dylib+0x82c300], sa_mask[0]=00100000000000000000000000000000, sa_flags=SA_RESTART|SA_SIGINFO
SIGHUP: [libjvm.dylib+0x82aa00], sa_mask[0]=11111111011111110111111111111111, sa_flags=SA_RESTART|SA_SIGINFO
SIGINT: [libjvm.dylib+0x82aa00], sa_mask[0]=11111111011111110111111111111111, sa_flags=SA_RESTART|SA_SIGINFO
SIGTERM: [libjvm.dylib+0x82aa00], sa_mask[0]=11111111011111110111111111111111, sa_flags=SA_RESTART|SA_SIGINFO
SIGQUIT: [libjvm.dylib+0x82aa00], sa_mask[0]=11111111011111110111111111111111, sa_flags=SA_RESTART|SA_SIGINFO


---------------  S Y S T E M  ---------------

OS:uname: Darwin 20.2.0 Darwin Kernel Version 20.2.0: Wed Dec  2 20:39:59 PST 2020; root:xnu-7195.60.75~1/RELEASE_X86_64 x86_64
OS uptime: 0 days 2:09 hours
rlimit (soft/hard): STACK 8192k/65532k , CORE 0k/infinity , NPROC 1392/2088 , NOFILE 10240/infinity , AS infinity/infinity , CPU infinity/infinity , DATA infinity/infinity , FSIZE infinity/infinity , MEMLOCK infinity/infinity , RSS infinity/infinity
load average: 2.34 2.25 2.10

CPU: total 8 (initial active 8) (4 cores per cpu, 2 threads per core) family 6 model 142 stepping 10 microcode 0xe0, cmov, cx8, fxsr, mmx, sse, sse2, sse3, ssse3, sse4.1, sse4.2, popcnt, vzeroupper, avx, avx2, aes, clmul, erms, 3dnowpref, lzcnt, ht, tsc, tscinvbit, bmi1, bmi2, adx, fma, clflush, clflushopt

Memory: 4k page, physical 8388608k(57120k free), swap 1048576k(529664k free)

vm_info: OpenJDK 64-Bit Server VM (15.0.1+9-18) for bsd-amd64 JRE (15.0.1+9-18), built on Sep 15 2020 13:39:50 by "mach5one" with clang 4.2.1 Compatible Apple LLVM 10.0.0 (clang-1000.11.45.5)

END.
