#
# A fatal error has been detected by the Java Runtime Environment:
#
#  SIGSEGV (0xb) at pc=0x000000010f679bdc, pid=2514, tid=775
#
# JRE version: OpenJDK Runtime Environment (15.0.1+9) (build 15.0.1+9-18)
# Java VM: OpenJDK 64-Bit Server VM (15.0.1+9-18, mixed mode, sharing, tiered, compressed oops, g1 gc, bsd-amd64)
# Problematic frame:
# V  [libjvm.dylib+0x504bdc]  jni_IsSameObject+0x3c
#
# No core dump will be written. Core dumps have been disabled. To enable core dumping, try "ulimit -c unlimited" before starting Java again
#
# If you would like to submit a bug report, please visit:
#   https://bugreport.java.com/bugreport/crash.jsp
#

---------------  S U M M A R Y ------------

Command Line: --add-modules=javafx.base,javafx.controls,javafx.fxml,javafx.graphics --module-path=/Users/woxdak/.gradle/caches/modules-2/files-2.1/org.openjfx/javafx-fxml/15.0.1/120a83ddfd726d9ef09e9569f53459106e8de467/javafx-fxml-15.0.1-mac.jar:/Users/woxdak/.gradle/caches/modules-2/files-2.1/org.openjfx/javafx-controls/15.0.1/cb743a50156d7eca281bfc3547aff4d146972e02/javafx-controls-15.0.1-mac.jar:/Users/woxdak/.gradle/caches/modules-2/files-2.1/org.openjfx/javafx-graphics/15.0.1/98ced13a06ad705ce0014df60794cedbf297080b/javafx-graphics-15.0.1-mac.jar:/Users/woxdak/.gradle/caches/modules-2/files-2.1/org.openjfx/javafx-base/15.0.1/b91bc3dfc230b46f11146686648a42921de0c23/javafx-base-15.0.1-mac.jar -Dfile.encoding=UTF-8 -Duser.country=US -Duser.language=en -Duser.variant com.gc.main

Host: MacBookPro15,2 x86_64 2300 MHz, 8 cores, 8G, Darwin 20.2.0
Time: Sun Dec 20 22:37:52 2020 CST elapsed time: 5.765584 seconds (0d 0h 0m 5s)

---------------  T H R E A D  ---------------

Current thread is native thread

Stack: [0x00007ffee02c0000,0x00007ffee0ac0000],  sp=0x00007ffee0abb830,  free space=8174k
Native frames: (J=compiled Java code, A=aot compiled Java code, j=interpreted, Vv=VM code, C=native code)
V  [libjvm.dylib+0x504bdc]  jni_IsSameObject+0x3c
C  [JavaNativeFoundation+0x9612]  -[JNFWeakJObjectWrapper _getWithEnv:]+0x31
C  [JavaNativeFoundation+0x9426]  -[JNFJObjectWrapper jObjectWithEnv:]+0x16
C  [libawt_lwawt.dylib+0x1de31]  -[CGLLayer drawInCGLContext:pixelFormat:forLayerTime:displayTime:]+0xa1
C  [QuartzCore+0xc4d17]  CAOpenGLLayerDraw(CAOpenGLLayer*, double, CVTimeStamp const*, unsigned int)+0x7e7
C  [QuartzCore+0xc4369]  -[CAOpenGLLayer _display]+0x244
C  [QuartzCore+0x24660]  CA::Layer::display_if_needed(CA::Transaction*)+0x36a
C  [QuartzCore+0x16473b]  CA::Context::commit_transaction(CA::Transaction*, double, double*)+0x205
C  [QuartzCore+0x5fd5]  CA::Transaction::commit()+0x30f
C  [QuartzCore+0x3dd9e]  CA::Transaction::observer_callback(__CFRunLoopObserver*, unsigned long, void*)+0x6e
C  [CoreFoundation+0x80dad]  __CFRUNLOOP_IS_CALLING_OUT_TO_AN_OBSERVER_CALLBACK_FUNCTION__+0x17
C  [CoreFoundation+0x80c3d]  __CFRunLoopDoObservers+0x225
C  [CoreFoundation+0x80221]  __CFRunLoopRun+0x47a
C  [CoreFoundation+0x7f6ce]  CFRunLoopRunSpecific+0x233
C  [libjli.dylib+0x6e32]  CreateExecutionEnvironment+0x192
C  [libjli.dylib+0x2674]  JLI_Launch+0x614
C  [java+0xc0e]  main+0x19e
C  [libdyld.dylib+0x15621]  start+0x1


siginfo: si_signo: 11 (SIGSEGV), si_code: 1 (SEGV_MAPERR), si_addr: 0x0000000000000398

Registers:
RAX=0x000000000000dead, RBX=0x00007fe88b917928, RCX=0x00000001102cfe00, RDX=0x0000000000000000
RSP=0x00007ffee0abb830, RBP=0x00007ffee0abb860, RSI=0x00007fe88af80f49, RDI=0x00007fe88b917600
R8 =0x0000000000000000, R9 =0x0000000000000546, R10=0x00007fff8d0ccd10, R11=0x00007fff6f6cf592
R12=0x00007fe88b917928, R13=0x0000000000000000, R14=0x0000000000000000, R15=0x00007fe88af80f49
RIP=0x000000010f679bdc, EFLAGS=0x0000000000010246, ERR=0x0000000000000006
  TRAPNO=0x000000000000000e

Top of Stack: (sp=0x00007ffee0abb830)
0x00007ffee0abb830:   000000010fd43e70 00007fe88b917928
0x00007ffee0abb840:   00007fe88b353800 00007fe89200cd80
0x00007ffee0abb850:   00007fe89200cc60 00007fe88af80f49
0x00007ffee0abb860:   00007ffee0abb890 00007fff6f6cf612
0x00007ffee0abb870:   00007fe89200cc60 00007fe88b917928
0x00007ffee0abb880:   00007fff201ffd00 00007fe88ac95030
0x00007ffee0abb890:   00007ffee0abb8b0 00007fff6f6cf426
0x00007ffee0abb8a0:   00007fe89200cc60 00007fe88b917928
0x00007ffee0abb8b0:   00007ffee0abb910 000000013a1a4e31
0x00007ffee0abb8c0:   00007fe89200d6f0 00007fff7c5a8b2e
0x00007ffee0abb8d0:   00007fe89200cd80 0000000000000000
0x00007ffee0abb8e0:   40cf25c8aa97ac0d 00007fff201ffd00
0x00007ffee0abb8f0:   00007fe89200d6f0 00007fe89200cd80
0x00007ffee0abb900:   00007fe89200cd80 00007fe892a04080
0x00007ffee0abb910:   00007ffee0abb9d0 00007fff26cb4d17
0x00007ffee0abb920:   00007fe891e8e820 0000000000000000
0x00007ffee0abb930:   00007fe89200cd80 0000000000000000
0x00007ffee0abb940:   000000049200cd80 0000000000000000
0x00007ffee0abb950:   40cf25c8aa97ac0d 0000000000000000
0x00007ffee0abb960:   0000000000000000 00007fe88af3d260
0x00007ffee0abb970:   0000000000000004 0000000000000000
0x00007ffee0abb980:   0000000000000000 00007ffee0abb9a8
0x00007ffee0abb990:   00007ffe00000000 00007fff26c3530b
0x00007ffee0abb9a0:   748995a9572e0022 00007fff201ffd00
0x00007ffee0abb9b0:   0000000000000004 0000000000000000
0x00007ffee0abb9c0:   00007fe89200cd80 00007fff7c5a8b2e
0x00007ffee0abb9d0:   00007ffee0abba50 00007fff26cb4369
0x00007ffee0abb9e0:   0000000000000000 4085180000000000
0x00007ffee0abb9f0:   4082c00000000000 4000000000000000
0x00007ffee0abba00:   0000000000000000 0000000000000000
0x00007ffee0abba10:   4082c00000000000 4085180000000000
0x00007ffee0abba20:   748995a9572e0022 00007ffee0abbb30 

Instructions: (pc=0x000000010f679bdc)
0x000000010f679adc:   0e eb 14 48 8d 05 8a d6 73 00 83 38 00 74 e4 4c
0x000000010f679aec:   89 e7 e8 dd 72 49 00 41 c7 84 24 98 03 00 00 06
0x000000010f679afc:   00 00 00 4c 89 ff 4c 89 f6 90 0f 1f 40 00 4d 85
0x000000010f679b0c:   f6 74 0b 31 f6 4c 89 f7 ff 15 d6 9c 6c 00 90 0f
0x000000010f679b1c:   1f 40 00 49 8b 9c 24 f8 00 00 00 48 8b 43 10 48
0x000000010f679b2c:   83 38 00 74 0c 48 89 df e8 a7 7f f4 ff 48 8b 43
0x000000010f679b3c:   10 48 8b 4b 08 48 89 41 10 48 8b 43 08 48 8b 4b
0x000000010f679b4c:   18 48 89 48 18 48 8b 43 08 48 8b 4b 20 48 89 48
0x000000010f679b5c:   20 41 c7 84 24 98 03 00 00 07 00 00 00 f0 83 04
0x000000010f679b6c:   24 00 49 8b 84 24 10 01 00 00 a8 08 74 08 4c 89
0x000000010f679b7c:   e7 e8 3e 77 3b 00 41 c7 84 24 98 03 00 00 04 00
0x000000010f679b8c:   00 00 5b 41 5c 41 5e 41 5f 5d c3 66 0f 1f 84 00
0x000000010f679b9c:   00 00 00 00 55 48 89 e5 41 57 41 56 41 55 41 54
0x000000010f679bac:   53 50 49 89 d6 49 89 f7 49 89 fc 4d 8d ac 24 d8
0x000000010f679bbc:   fc ff ff b8 55 21 ff ff 41 03 84 24 88 00 00 00
0x000000010f679bcc:   83 f8 02 72 0b 4c 89 ef e8 87 4e 49 00 45 31 ed
0x000000010f679bdc:   41 c7 85 98 03 00 00 05 00 00 00 f0 83 04 24 00
0x000000010f679bec:   49 8b 45 00 4c 89 ef ff 50 40 84 c0 74 1a 49 8b
0x000000010f679bfc:   85 10 01 00 00 a8 08 75 1b 41 f7 85 e0 00 00 00
0x000000010f679c0c:   04 00 00 20 75 0e eb 14 48 8d 05 55 d5 73 00 83
0x000000010f679c1c:   38 00 74 e5 4c 89 ef e8 a8 71 49 00 41 c7 85 98
0x000000010f679c2c:   03 00 00 06 00 00 00 4c 89 e7 4c 89 fe 4c 89 f2
0x000000010f679c3c:   90 0f 1f 40 00 4d 85 ff 74 19 41 f6 c7 01 75 1f
0x000000010f679c4c:   4c 89 ff ff 15 43 5c 6c 00 49 89 c7 4d 85 f6 75
0x000000010f679c5c:   22 eb 08 45 31 ff 4d 85 f6 75 18 31 c0 eb 31 49
0x000000010f679c6c:   ff cf 4c 89 ff ff 15 39 9e 6d 00 49 89 c7 4d 85
0x000000010f679c7c:   f6 74 e8 41 f6 c6 01 75 0b 4c 89 f7 ff 15 0a 5c
0x000000010f679c8c:   6c 00 eb 0c 49 ff ce 4c 89 f7 ff 15 14 9e 6d 00
0x000000010f679c9c:   45 31 f6 49 39 c7 41 0f 94 c6 4c 89 f7 90 0f 1f
0x000000010f679cac:   40 00 49 8b 9d f8 00 00 00 48 8b 43 10 48 83 38
0x000000010f679cbc:   00 74 0c 48 89 df e8 19 7e f4 ff 48 8b 43 10 48
0x000000010f679ccc:   8b 4b 08 48 89 41 10 48 8b 43 08 48 8b 4b 18 48 



---------------  P R O C E S S  ---------------

VM state: not at safepoint (normal execution)

VM Mutex/Monitor currently owned by a thread: None

Heap address: 0x0000000780000000, size: 2048 MB, Compressed Oops mode: Zero based, Oop shift amount: 3
CDS archive(s) mapped at: [0x0000000800000000-0x0000000800b2b000-0x0000000800b2b000), size 11710464, SharedBaseAddress: 0x0000000800000000, ArchiveRelocationMode: 0.
Compressed class space mapped at: 0x0000000800b2c000-0x0000000840b2c000, size: 1073741824
Narrow klass base: 0x0000000800000000, Narrow klass shift: 3, Narrow klass range: 0x100000000

GC Precious Log:
 CPUs: 8 total, 8 available
 Memory: 8192M
 Large Page Support: Disabled
 NUMA Support: Disabled
 Compressed Oops: Enabled (Zero based)
 Heap Region Size: 1M
 Heap Min Capacity: 8M
 Heap Initial Capacity: 128M
 Heap Max Capacity: 2G
 Pre-touch: Disabled
 Parallel Workers: 8
 Concurrent Workers: 2
 Concurrent Refinement Workers: 8
 Periodic GC: Disabled

Heap:
 garbage-first heap   total 133120K, used 13573K [0x0000000780000000, 0x0000000800000000)
  region size 1024K, 14 young (14336K), 3 survivors (3072K)
 Metaspace       used 16773K, capacity 16993K, committed 17408K, reserved 1064960K
  class space    used 2161K, capacity 2247K, committed 2304K, reserved 1048576K

Heap Regions: E=young(eden), S=young(survivor), O=old, HS=humongous(starts), HC=humongous(continues), CS=collection set, F=free, OA=open archive, CA=closed archive, TAMS=top-at-mark-start (previous, next)
|   0|0x0000000780000000, 0x0000000780000000, 0x0000000780100000|  0%| F|  |TAMS 0x0000000780000000, 0x0000000780000000| Untracked 
|   1|0x0000000780100000, 0x0000000780100000, 0x0000000780200000|  0%| F|  |TAMS 0x0000000780100000, 0x0000000780100000| Untracked 
|   2|0x0000000780200000, 0x0000000780200000, 0x0000000780300000|  0%| F|  |TAMS 0x0000000780200000, 0x0000000780200000| Untracked 
|   3|0x0000000780300000, 0x0000000780300000, 0x0000000780400000|  0%| F|  |TAMS 0x0000000780300000, 0x0000000780300000| Untracked 
|   4|0x0000000780400000, 0x0000000780400000, 0x0000000780500000|  0%| F|  |TAMS 0x0000000780400000, 0x0000000780400000| Untracked 
|   5|0x0000000780500000, 0x0000000780500000, 0x0000000780600000|  0%| F|  |TAMS 0x0000000780500000, 0x0000000780500000| Untracked 
|   6|0x0000000780600000, 0x0000000780600000, 0x0000000780700000|  0%| F|  |TAMS 0x0000000780600000, 0x0000000780600000| Untracked 
|   7|0x0000000780700000, 0x0000000780700000, 0x0000000780800000|  0%| F|  |TAMS 0x0000000780700000, 0x0000000780700000| Untracked 
|   8|0x0000000780800000, 0x0000000780800000, 0x0000000780900000|  0%| F|  |TAMS 0x0000000780800000, 0x0000000780800000| Untracked 
|   9|0x0000000780900000, 0x0000000780900000, 0x0000000780a00000|  0%| F|  |TAMS 0x0000000780900000, 0x0000000780900000| Untracked 
|  10|0x0000000780a00000, 0x0000000780a00000, 0x0000000780b00000|  0%| F|  |TAMS 0x0000000780a00000, 0x0000000780a00000| Untracked 
|  11|0x0000000780b00000, 0x0000000780b00000, 0x0000000780c00000|  0%| F|  |TAMS 0x0000000780b00000, 0x0000000780b00000| Untracked 
|  12|0x0000000780c00000, 0x0000000780c00000, 0x0000000780d00000|  0%| F|  |TAMS 0x0000000780c00000, 0x0000000780c00000| Untracked 
|  13|0x0000000780d00000, 0x0000000780d00000, 0x0000000780e00000|  0%| F|  |TAMS 0x0000000780d00000, 0x0000000780d00000| Untracked 
|  14|0x0000000780e00000, 0x0000000780e00000, 0x0000000780f00000|  0%| F|  |TAMS 0x0000000780e00000, 0x0000000780e00000| Untracked 
|  15|0x0000000780f00000, 0x0000000780f00000, 0x0000000781000000|  0%| F|  |TAMS 0x0000000780f00000, 0x0000000780f00000| Untracked 
|  16|0x0000000781000000, 0x0000000781000000, 0x0000000781100000|  0%| F|  |TAMS 0x0000000781000000, 0x0000000781000000| Untracked 
|  17|0x0000000781100000, 0x0000000781100000, 0x0000000781200000|  0%| F|  |TAMS 0x0000000781100000, 0x0000000781100000| Untracked 
|  18|0x0000000781200000, 0x0000000781200000, 0x0000000781300000|  0%| F|  |TAMS 0x0000000781200000, 0x0000000781200000| Untracked 
|  19|0x0000000781300000, 0x0000000781300000, 0x0000000781400000|  0%| F|  |TAMS 0x0000000781300000, 0x0000000781300000| Untracked 
|  20|0x0000000781400000, 0x0000000781400000, 0x0000000781500000|  0%| F|  |TAMS 0x0000000781400000, 0x0000000781400000| Untracked 
|  21|0x0000000781500000, 0x0000000781500000, 0x0000000781600000|  0%| F|  |TAMS 0x0000000781500000, 0x0000000781500000| Untracked 
|  22|0x0000000781600000, 0x0000000781600000, 0x0000000781700000|  0%| F|  |TAMS 0x0000000781600000, 0x0000000781600000| Untracked 
|  23|0x0000000781700000, 0x0000000781700000, 0x0000000781800000|  0%| F|  |TAMS 0x0000000781700000, 0x0000000781700000| Untracked 
|  24|0x0000000781800000, 0x0000000781800000, 0x0000000781900000|  0%| F|  |TAMS 0x0000000781800000, 0x0000000781800000| Untracked 
|  25|0x0000000781900000, 0x0000000781900000, 0x0000000781a00000|  0%| F|  |TAMS 0x0000000781900000, 0x0000000781900000| Untracked 
|  26|0x0000000781a00000, 0x0000000781a00000, 0x0000000781b00000|  0%| F|  |TAMS 0x0000000781a00000, 0x0000000781a00000| Untracked 
|  27|0x0000000781b00000, 0x0000000781b00000, 0x0000000781c00000|  0%| F|  |TAMS 0x0000000781b00000, 0x0000000781b00000| Untracked 
|  28|0x0000000781c00000, 0x0000000781c00000, 0x0000000781d00000|  0%| F|  |TAMS 0x0000000781c00000, 0x0000000781c00000| Untracked 
|  29|0x0000000781d00000, 0x0000000781d00000, 0x0000000781e00000|  0%| F|  |TAMS 0x0000000781d00000, 0x0000000781d00000| Untracked 
|  30|0x0000000781e00000, 0x0000000781e00000, 0x0000000781f00000|  0%| F|  |TAMS 0x0000000781e00000, 0x0000000781e00000| Untracked 
|  31|0x0000000781f00000, 0x0000000781f00000, 0x0000000782000000|  0%| F|  |TAMS 0x0000000781f00000, 0x0000000781f00000| Untracked 
|  32|0x0000000782000000, 0x0000000782000000, 0x0000000782100000|  0%| F|  |TAMS 0x0000000782000000, 0x0000000782000000| Untracked 
|  33|0x0000000782100000, 0x0000000782100000, 0x0000000782200000|  0%| F|  |TAMS 0x0000000782100000, 0x0000000782100000| Untracked 
|  34|0x0000000782200000, 0x0000000782200000, 0x0000000782300000|  0%| F|  |TAMS 0x0000000782200000, 0x0000000782200000| Untracked 
|  35|0x0000000782300000, 0x0000000782300000, 0x0000000782400000|  0%| F|  |TAMS 0x0000000782300000, 0x0000000782300000| Untracked 
|  36|0x0000000782400000, 0x0000000782400000, 0x0000000782500000|  0%| F|  |TAMS 0x0000000782400000, 0x0000000782400000| Untracked 
|  37|0x0000000782500000, 0x0000000782500000, 0x0000000782600000|  0%| F|  |TAMS 0x0000000782500000, 0x0000000782500000| Untracked 
|  38|0x0000000782600000, 0x0000000782600000, 0x0000000782700000|  0%| F|  |TAMS 0x0000000782600000, 0x0000000782600000| Untracked 
|  39|0x0000000782700000, 0x0000000782700000, 0x0000000782800000|  0%| F|  |TAMS 0x0000000782700000, 0x0000000782700000| Untracked 
|  40|0x0000000782800000, 0x0000000782800000, 0x0000000782900000|  0%| F|  |TAMS 0x0000000782800000, 0x0000000782800000| Untracked 
|  41|0x0000000782900000, 0x0000000782900000, 0x0000000782a00000|  0%| F|  |TAMS 0x0000000782900000, 0x0000000782900000| Untracked 
|  42|0x0000000782a00000, 0x0000000782a00000, 0x0000000782b00000|  0%| F|  |TAMS 0x0000000782a00000, 0x0000000782a00000| Untracked 
|  43|0x0000000782b00000, 0x0000000782b00000, 0x0000000782c00000|  0%| F|  |TAMS 0x0000000782b00000, 0x0000000782b00000| Untracked 
|  44|0x0000000782c00000, 0x0000000782c00000, 0x0000000782d00000|  0%| F|  |TAMS 0x0000000782c00000, 0x0000000782c00000| Untracked 
|  45|0x0000000782d00000, 0x0000000782d00000, 0x0000000782e00000|  0%| F|  |TAMS 0x0000000782d00000, 0x0000000782d00000| Untracked 
|  46|0x0000000782e00000, 0x0000000782e00000, 0x0000000782f00000|  0%| F|  |TAMS 0x0000000782e00000, 0x0000000782e00000| Untracked 
|  47|0x0000000782f00000, 0x0000000782f00000, 0x0000000783000000|  0%| F|  |TAMS 0x0000000782f00000, 0x0000000782f00000| Untracked 
|  48|0x0000000783000000, 0x0000000783000000, 0x0000000783100000|  0%| F|  |TAMS 0x0000000783000000, 0x0000000783000000| Untracked 
|  49|0x0000000783100000, 0x0000000783100000, 0x0000000783200000|  0%| F|  |TAMS 0x0000000783100000, 0x0000000783100000| Untracked 
|  50|0x0000000783200000, 0x0000000783200000, 0x0000000783300000|  0%| F|  |TAMS 0x0000000783200000, 0x0000000783200000| Untracked 
|  51|0x0000000783300000, 0x0000000783300000, 0x0000000783400000|  0%| F|  |TAMS 0x0000000783300000, 0x0000000783300000| Untracked 
|  52|0x0000000783400000, 0x0000000783400000, 0x0000000783500000|  0%| F|  |TAMS 0x0000000783400000, 0x0000000783400000| Untracked 
|  53|0x0000000783500000, 0x0000000783500000, 0x0000000783600000|  0%| F|  |TAMS 0x0000000783500000, 0x0000000783500000| Untracked 
|  54|0x0000000783600000, 0x0000000783600000, 0x0000000783700000|  0%| F|  |TAMS 0x0000000783600000, 0x0000000783600000| Untracked 
|  55|0x0000000783700000, 0x0000000783700000, 0x0000000783800000|  0%| F|  |TAMS 0x0000000783700000, 0x0000000783700000| Untracked 
|  56|0x0000000783800000, 0x0000000783800000, 0x0000000783900000|  0%| F|  |TAMS 0x0000000783800000, 0x0000000783800000| Untracked 
|  57|0x0000000783900000, 0x0000000783900000, 0x0000000783a00000|  0%| F|  |TAMS 0x0000000783900000, 0x0000000783900000| Untracked 
|  58|0x0000000783a00000, 0x0000000783a00000, 0x0000000783b00000|  0%| F|  |TAMS 0x0000000783a00000, 0x0000000783a00000| Untracked 
|  59|0x0000000783b00000, 0x0000000783b00000, 0x0000000783c00000|  0%| F|  |TAMS 0x0000000783b00000, 0x0000000783b00000| Untracked 
|  60|0x0000000783c00000, 0x0000000783c00000, 0x0000000783d00000|  0%| F|  |TAMS 0x0000000783c00000, 0x0000000783c00000| Untracked 
|  61|0x0000000783d00000, 0x0000000783d00000, 0x0000000783e00000|  0%| F|  |TAMS 0x0000000783d00000, 0x0000000783d00000| Untracked 
|  62|0x0000000783e00000, 0x0000000783e00000, 0x0000000783f00000|  0%| F|  |TAMS 0x0000000783e00000, 0x0000000783e00000| Untracked 
|  63|0x0000000783f00000, 0x0000000783f00000, 0x0000000784000000|  0%| F|  |TAMS 0x0000000783f00000, 0x0000000783f00000| Untracked 
|  64|0x0000000784000000, 0x0000000784000000, 0x0000000784100000|  0%| F|  |TAMS 0x0000000784000000, 0x0000000784000000| Untracked 
|  65|0x0000000784100000, 0x0000000784100000, 0x0000000784200000|  0%| F|  |TAMS 0x0000000784100000, 0x0000000784100000| Untracked 
|  66|0x0000000784200000, 0x0000000784200000, 0x0000000784300000|  0%| F|  |TAMS 0x0000000784200000, 0x0000000784200000| Untracked 
|  67|0x0000000784300000, 0x0000000784300000, 0x0000000784400000|  0%| F|  |TAMS 0x0000000784300000, 0x0000000784300000| Untracked 
|  68|0x0000000784400000, 0x0000000784400000, 0x0000000784500000|  0%| F|  |TAMS 0x0000000784400000, 0x0000000784400000| Untracked 
|  69|0x0000000784500000, 0x0000000784500000, 0x0000000784600000|  0%| F|  |TAMS 0x0000000784500000, 0x0000000784500000| Untracked 
|  70|0x0000000784600000, 0x0000000784600000, 0x0000000784700000|  0%| F|  |TAMS 0x0000000784600000, 0x0000000784600000| Untracked 
|  71|0x0000000784700000, 0x0000000784700000, 0x0000000784800000|  0%| F|  |TAMS 0x0000000784700000, 0x0000000784700000| Untracked 
|  72|0x0000000784800000, 0x0000000784800000, 0x0000000784900000|  0%| F|  |TAMS 0x0000000784800000, 0x0000000784800000| Untracked 
|  73|0x0000000784900000, 0x0000000784900000, 0x0000000784a00000|  0%| F|  |TAMS 0x0000000784900000, 0x0000000784900000| Untracked 
|  74|0x0000000784a00000, 0x0000000784a00000, 0x0000000784b00000|  0%| F|  |TAMS 0x0000000784a00000, 0x0000000784a00000| Untracked 
|  75|0x0000000784b00000, 0x0000000784b00000, 0x0000000784c00000|  0%| F|  |TAMS 0x0000000784b00000, 0x0000000784b00000| Untracked 
|  76|0x0000000784c00000, 0x0000000784c00000, 0x0000000784d00000|  0%| F|  |TAMS 0x0000000784c00000, 0x0000000784c00000| Untracked 
|  77|0x0000000784d00000, 0x0000000784d00000, 0x0000000784e00000|  0%| F|  |TAMS 0x0000000784d00000, 0x0000000784d00000| Untracked 
|  78|0x0000000784e00000, 0x0000000784e00000, 0x0000000784f00000|  0%| F|  |TAMS 0x0000000784e00000, 0x0000000784e00000| Untracked 
|  79|0x0000000784f00000, 0x0000000784f00000, 0x0000000785000000|  0%| F|  |TAMS 0x0000000784f00000, 0x0000000784f00000| Untracked 
|  80|0x0000000785000000, 0x0000000785000000, 0x0000000785100000|  0%| F|  |TAMS 0x0000000785000000, 0x0000000785000000| Untracked 
|  81|0x0000000785100000, 0x0000000785100000, 0x0000000785200000|  0%| F|  |TAMS 0x0000000785100000, 0x0000000785100000| Untracked 
|  82|0x0000000785200000, 0x0000000785200000, 0x0000000785300000|  0%| F|  |TAMS 0x0000000785200000, 0x0000000785200000| Untracked 
|  83|0x0000000785300000, 0x0000000785300000, 0x0000000785400000|  0%| F|  |TAMS 0x0000000785300000, 0x0000000785300000| Untracked 
|  84|0x0000000785400000, 0x0000000785400000, 0x0000000785500000|  0%| F|  |TAMS 0x0000000785400000, 0x0000000785400000| Untracked 
|  85|0x0000000785500000, 0x0000000785500000, 0x0000000785600000|  0%| F|  |TAMS 0x0000000785500000, 0x0000000785500000| Untracked 
|  86|0x0000000785600000, 0x0000000785600000, 0x0000000785700000|  0%| F|  |TAMS 0x0000000785600000, 0x0000000785600000| Untracked 
|  87|0x0000000785700000, 0x0000000785700000, 0x0000000785800000|  0%| F|  |TAMS 0x0000000785700000, 0x0000000785700000| Untracked 
|  88|0x0000000785800000, 0x0000000785800000, 0x0000000785900000|  0%| F|  |TAMS 0x0000000785800000, 0x0000000785800000| Untracked 
|  89|0x0000000785900000, 0x0000000785900000, 0x0000000785a00000|  0%| F|  |TAMS 0x0000000785900000, 0x0000000785900000| Untracked 
|  90|0x0000000785a00000, 0x0000000785a00000, 0x0000000785b00000|  0%| F|  |TAMS 0x0000000785a00000, 0x0000000785a00000| Untracked 
|  91|0x0000000785b00000, 0x0000000785b00000, 0x0000000785c00000|  0%| F|  |TAMS 0x0000000785b00000, 0x0000000785b00000| Untracked 
|  92|0x0000000785c00000, 0x0000000785c00000, 0x0000000785d00000|  0%| F|  |TAMS 0x0000000785c00000, 0x0000000785c00000| Untracked 
|  93|0x0000000785d00000, 0x0000000785d00000, 0x0000000785e00000|  0%| F|  |TAMS 0x0000000785d00000, 0x0000000785d00000| Untracked 
|  94|0x0000000785e00000, 0x0000000785e00000, 0x0000000785f00000|  0%| F|  |TAMS 0x0000000785e00000, 0x0000000785e00000| Untracked 
|  95|0x0000000785f00000, 0x0000000785f00000, 0x0000000786000000|  0%| F|  |TAMS 0x0000000785f00000, 0x0000000785f00000| Untracked 
|  96|0x0000000786000000, 0x0000000786000000, 0x0000000786100000|  0%| F|  |TAMS 0x0000000786000000, 0x0000000786000000| Untracked 
|  97|0x0000000786100000, 0x0000000786100000, 0x0000000786200000|  0%| F|  |TAMS 0x0000000786100000, 0x0000000786100000| Untracked 
|  98|0x0000000786200000, 0x0000000786200000, 0x0000000786300000|  0%| F|  |TAMS 0x0000000786200000, 0x0000000786200000| Untracked 
|  99|0x0000000786300000, 0x0000000786300000, 0x0000000786400000|  0%| F|  |TAMS 0x0000000786300000, 0x0000000786300000| Untracked 
| 100|0x0000000786400000, 0x0000000786400000, 0x0000000786500000|  0%| F|  |TAMS 0x0000000786400000, 0x0000000786400000| Untracked 
| 101|0x0000000786500000, 0x0000000786500000, 0x0000000786600000|  0%| F|  |TAMS 0x0000000786500000, 0x0000000786500000| Untracked 
| 102|0x0000000786600000, 0x0000000786677560, 0x0000000786700000| 46%| S|CS|TAMS 0x0000000786600000, 0x0000000786600000| Complete 
| 103|0x0000000786700000, 0x0000000786800000, 0x0000000786800000|100%| S|CS|TAMS 0x0000000786700000, 0x0000000786700000| Complete 
| 104|0x0000000786800000, 0x0000000786900000, 0x0000000786900000|100%| S|CS|TAMS 0x0000000786800000, 0x0000000786800000| Complete 
| 105|0x0000000786900000, 0x0000000786900000, 0x0000000786a00000|  0%| F|  |TAMS 0x0000000786900000, 0x0000000786900000| Untracked 
| 106|0x0000000786a00000, 0x0000000786a00000, 0x0000000786b00000|  0%| F|  |TAMS 0x0000000786a00000, 0x0000000786a00000| Untracked 
| 107|0x0000000786b00000, 0x0000000786b00000, 0x0000000786c00000|  0%| F|  |TAMS 0x0000000786b00000, 0x0000000786b00000| Untracked 
| 108|0x0000000786c00000, 0x0000000786c00000, 0x0000000786d00000|  0%| F|  |TAMS 0x0000000786c00000, 0x0000000786c00000| Untracked 
| 109|0x0000000786d00000, 0x0000000786d00000, 0x0000000786e00000|  0%| F|  |TAMS 0x0000000786d00000, 0x0000000786d00000| Untracked 
| 110|0x0000000786e00000, 0x0000000786e00000, 0x0000000786f00000|  0%| F|  |TAMS 0x0000000786e00000, 0x0000000786e00000| Untracked 
| 111|0x0000000786f00000, 0x0000000786f00000, 0x0000000787000000|  0%| F|  |TAMS 0x0000000786f00000, 0x0000000786f00000| Untracked 
| 112|0x0000000787000000, 0x0000000787000000, 0x0000000787100000|  0%| F|  |TAMS 0x0000000787000000, 0x0000000787000000| Untracked 
| 113|0x0000000787100000, 0x0000000787100000, 0x0000000787200000|  0%| F|  |TAMS 0x0000000787100000, 0x0000000787100000| Untracked 
| 114|0x0000000787200000, 0x0000000787200000, 0x0000000787300000|  0%| F|  |TAMS 0x0000000787200000, 0x0000000787200000| Untracked 
| 115|0x0000000787300000, 0x0000000787300000, 0x0000000787400000|  0%| F|  |TAMS 0x0000000787300000, 0x0000000787300000| Untracked 
| 116|0x0000000787400000, 0x0000000787400000, 0x0000000787500000|  0%| F|  |TAMS 0x0000000787400000, 0x0000000787400000| Untracked 
| 117|0x0000000787500000, 0x0000000787600000, 0x0000000787600000|100%| E|  |TAMS 0x0000000787500000, 0x0000000787500000| Complete 
| 118|0x0000000787600000, 0x0000000787700000, 0x0000000787700000|100%| E|CS|TAMS 0x0000000787600000, 0x0000000787600000| Complete 
| 119|0x0000000787700000, 0x0000000787800000, 0x0000000787800000|100%| E|CS|TAMS 0x0000000787700000, 0x0000000787700000| Complete 
| 120|0x0000000787800000, 0x0000000787900000, 0x0000000787900000|100%| E|CS|TAMS 0x0000000787800000, 0x0000000787800000| Complete 
| 121|0x0000000787900000, 0x0000000787a00000, 0x0000000787a00000|100%| E|CS|TAMS 0x0000000787900000, 0x0000000787900000| Complete 
| 122|0x0000000787a00000, 0x0000000787b00000, 0x0000000787b00000|100%| E|CS|TAMS 0x0000000787a00000, 0x0000000787a00000| Complete 
| 123|0x0000000787b00000, 0x0000000787c00000, 0x0000000787c00000|100%| E|CS|TAMS 0x0000000787b00000, 0x0000000787b00000| Complete 
| 124|0x0000000787c00000, 0x0000000787d00000, 0x0000000787d00000|100%| E|CS|TAMS 0x0000000787c00000, 0x0000000787c00000| Complete 
| 125|0x0000000787d00000, 0x0000000787e00000, 0x0000000787e00000|100%| E|CS|TAMS 0x0000000787d00000, 0x0000000787d00000| Complete 
| 126|0x0000000787e00000, 0x0000000787f00000, 0x0000000787f00000|100%| E|CS|TAMS 0x0000000787e00000, 0x0000000787e00000| Complete 
| 127|0x0000000787f00000, 0x0000000788000000, 0x0000000788000000|100%| E|CS|TAMS 0x0000000787f00000, 0x0000000787f00000| Complete 
|1022|0x00000007bfe00000, 0x00000007bfe51000, 0x00000007bff00000| 31%|OA|  |TAMS 0x00000007bfe00000, 0x00000007bfe00000| Untracked 
|1023|0x00000007bff00000, 0x00000007bff79000, 0x00000007c0000000| 47%|CA|  |TAMS 0x00000007bff00000, 0x00000007bff00000| Untracked 

Card table byte_map: [0x000000012bcfc000,0x000000012c0fc000] _byte_map_base: 0x00000001280fc000

Marking Bits (Prev, Next): (CMBitMap*) 0x00007fe88b036a10, (CMBitMap*) 0x00007fe88b036a50
 Prev Bits: [0x000000012c4fc000, 0x000000012e4fc000)
 Next Bits: [0x000000012e4fc000, 0x00000001304fc000)

Polling page: 0x0000000110154000

Metaspace:

Usage:
  Non-class:     14.40 MB capacity,    14.27 MB (>99%) used,   111.45 KB ( <1%) free+waste,    22.19 KB ( <1%) overhead. 
      Class:      2.19 MB capacity,     2.11 MB ( 96%) used,    76.18 KB (  3%) free+waste,     9.38 KB ( <1%) overhead. 
       Both:     16.59 MB capacity,    16.38 MB ( 99%) used,   187.63 KB (  1%) free+waste,    31.56 KB ( <1%) overhead. 

Virtual space:
  Non-class space:       16.00 MB reserved,      14.75 MB ( 92%) committed 
      Class space:        1.00 GB reserved,       2.25 MB ( <1%) committed 
             Both:        1.02 GB reserved,      17.00 MB (  2%) committed 

Chunk freelists:
   Non-Class:  182.00 KB
       Class:  9.00 KB
        Both:  191.00 KB

MaxMetaspaceSize: 17179869184.00 GB
CompressedClassSpaceSize: 1.00 GB

CodeHeap 'non-profiled nmethods': size=120028Kb used=497Kb max_used=497Kb free=119530Kb
 bounds [0x00000001243c5000, 0x0000000124635000, 0x000000012b8fc000]
CodeHeap 'profiled nmethods': size=120028Kb used=2656Kb max_used=2656Kb free=117372Kb
 bounds [0x000000011ce8e000, 0x000000011d12e000, 0x00000001243c5000]
CodeHeap 'non-nmethods': size=5704Kb used=1497Kb max_used=1512Kb free=4206Kb
 bounds [0x000000011c8fc000, 0x000000011cb6c000, 0x000000011ce8e000]
 total_blobs=2484 nmethods=1634 adapters=763
 compilation: enabled
              stopped_count=0, restarted_count=0
 full_count=0

Compilation events (20 events):
Event: 5.720 Thread 0x00007fe88b0d4a00 nmethod 1610 0x000000011d118f10 code [0x000000011d1191c0, 0x000000011d11a950]
Event: 5.720 Thread 0x00007fe88b0d4a00 1612       3       javax.swing.ArrayTable::containsKey (75 bytes)
Event: 5.720 Thread 0x00007fe88b0d4a00 nmethod 1612 0x000000011d11ae10 code [0x000000011d11b000, 0x000000011d11b7f0]
Event: 5.720 Thread 0x00007fe88b0d4a00 1611       3       javax.swing.AncestorNotifier::propertyChange (132 bytes)
Event: 5.721 Thread 0x00007fe88b0d4a00 nmethod 1611 0x000000011d11ba10 code [0x000000011d11bc40, 0x000000011d11c610]
Event: 5.731 Thread 0x00007fe88b0d4a00 1613       3       jdk.internal.org.objectweb.asm.ClassWriter::visitField (53 bytes)
Event: 5.732 Thread 0x00007fe88b0d4a00 nmethod 1613 0x000000011d11c890 code [0x000000011d11ca40, 0x000000011d11cda0]
Event: 5.732 Thread 0x00007fe88b0d4a00 1614       3       jdk.internal.org.objectweb.asm.FieldWriter::<init> (69 bytes)
Event: 5.733 Thread 0x00007fe88b0d4a00 nmethod 1614 0x000000011d11cf10 code [0x000000011d11d100, 0x000000011d11d4c0]
Event: 5.754 Thread 0x00007fe88b0d4a00 1615   !   3       java.lang.invoke.MethodHandles$Lookup::canBeCached (150 bytes)
Event: 5.755 Thread 0x00007fe88b0d1400 1618       4       java.lang.Math::floor (5 bytes)
Event: 5.757 Thread 0x00007fe88b0d1400 nmethod 1618 0x000000012443ff10 code [0x00000001244400c0, 0x00000001244401b8]
Event: 5.761 Thread 0x00007fe88b0d4a00 nmethod 1615 0x000000011d11d690 code [0x000000011d11dac0, 0x000000011d11fd80]
Event: 5.761 Thread 0x00007fe88b0d4a00 1616       3       java.awt.geom.Rectangle2D$Double::setRect (23 bytes)
Event: 5.761 Thread 0x00007fe88b0d4a00 nmethod 1616 0x000000011d120910 code [0x000000011d120aa0, 0x000000011d120bb0]
Event: 5.761 Thread 0x00007fe88b0d4a00 1617       3       sun.java2d.pipe.RenderBuffer::putLong (26 bytes)
Event: 5.761 Thread 0x00007fe88b0d4a00 nmethod 1617 0x000000011d120c90 code [0x000000011d120e20, 0x000000011d120fb0]
Event: 5.761 Thread 0x00007fe88b0d4a00 1620       3       java.awt.geom.AffineTransform::translate (547 bytes)
Event: 5.763 Thread 0x00007fe88b0d4a00 nmethod 1620 0x000000011d121090 code [0x000000011d121280, 0x000000011d121ee0]
Event: 5.763 Thread 0x00007fe88b0d4a00 1624       3       jdk.internal.org.objectweb.asm.ClassWriter::visit (160 bytes)

GC Heap History (2 events):
Event: 0.670 GC heap before
{Heap before GC invocations=0 (full 0):
 garbage-first heap   total 133120K, used 23336K [0x0000000780000000, 0x0000000800000000)
  region size 1024K, 23 young (23552K), 0 survivors (0K)
 Metaspace       used 6570K, capacity 9380K, committed 9728K, reserved 1058816K
  class space    used 879K, capacity 1143K, committed 1280K, reserved 1048576K
}
Event: 0.673 GC heap after
{Heap after GC invocations=1 (full 0):
 garbage-first heap   total 133120K, used 3333K [0x0000000780000000, 0x0000000800000000)
  region size 1024K, 3 young (3072K), 3 survivors (3072K)
 Metaspace       used 6570K, capacity 9380K, committed 9728K, reserved 1058816K
  class space    used 879K, capacity 1143K, committed 1280K, reserved 1048576K
}

Deoptimization events (20 events):
Event: 1.079 Thread 0x00007fe88b917600 Uncommon trap: trap_request=0xffffff45 fr.pc=0x00000001244161ac relative=0x000000000000032c
Event: 1.079 Thread 0x00007fe88b917600 Uncommon trap: reason=unstable_if action=reinterpret pc=0x00000001244161ac method=java.lang.StringUTF16.compress([CI[BII)I @ 20 c2
Event: 1.079 Thread 0x00007fe88b917600 DEOPT PACKING pc=0x00000001244161ac sp=0x00007ffee0ab93a0
Event: 1.079 Thread 0x00007fe88b917600 DEOPT UNPACKING pc=0x000000011c94a125 sp=0x00007ffee0ab9340 mode 2
Event: 2.416 Thread 0x00007fe88b917600 Uncommon trap: trap_request=0xffffffde fr.pc=0x00000001243ddf24 relative=0x00000000000001a4
Event: 2.416 Thread 0x00007fe88b917600 Uncommon trap: reason=class_check action=maybe_recompile pc=0x00000001243ddf24 method=java.lang.String.equals(Ljava/lang/Object;)Z @ 8 c2
Event: 2.416 Thread 0x00007fe88b917600 DEOPT PACKING pc=0x00000001243ddf24 sp=0x00007ffee0aba330
Event: 2.416 Thread 0x00007fe88b917600 DEOPT UNPACKING pc=0x000000011c94a125 sp=0x00007ffee0aba2e8 mode 2
Event: 2.416 Thread 0x00007fe88b917600 Uncommon trap: trap_request=0xffffffde fr.pc=0x00000001243ddf24 relative=0x00000000000001a4
Event: 2.416 Thread 0x00007fe88b917600 Uncommon trap: reason=class_check action=maybe_recompile pc=0x00000001243ddf24 method=java.lang.String.equals(Ljava/lang/Object;)Z @ 8 c2
Event: 2.416 Thread 0x00007fe88b917600 DEOPT PACKING pc=0x00000001243ddf24 sp=0x00007ffee0aba330
Event: 2.416 Thread 0x00007fe88b917600 DEOPT UNPACKING pc=0x000000011c94a125 sp=0x00007ffee0aba2e8 mode 2
Event: 2.495 Thread 0x00007fe88bb39600 Uncommon trap: trap_request=0xffffffde fr.pc=0x00000001243ddf24 relative=0x00000000000001a4
Event: 2.495 Thread 0x00007fe88bb39600 Uncommon trap: reason=class_check action=maybe_recompile pc=0x00000001243ddf24 method=java.lang.String.equals(Ljava/lang/Object;)Z @ 8 c2
Event: 2.495 Thread 0x00007fe88bb39600 DEOPT PACKING pc=0x00000001243ddf24 sp=0x0000700009caa5e0
Event: 2.495 Thread 0x00007fe88bb39600 DEOPT UNPACKING pc=0x000000011c94a125 sp=0x0000700009caa598 mode 2
Event: 2.495 Thread 0x00007fe88bb39600 Uncommon trap: trap_request=0xffffffde fr.pc=0x00000001243ddf24 relative=0x00000000000001a4
Event: 2.495 Thread 0x00007fe88bb39600 Uncommon trap: reason=class_check action=maybe_recompile pc=0x00000001243ddf24 method=java.lang.String.equals(Ljava/lang/Object;)Z @ 8 c2
Event: 2.495 Thread 0x00007fe88bb39600 DEOPT PACKING pc=0x00000001243ddf24 sp=0x0000700009caa5e0
Event: 2.495 Thread 0x00007fe88bb39600 DEOPT UNPACKING pc=0x000000011c94a125 sp=0x0000700009caa598 mode 2

Classes unloaded (0 events):
No events

Classes redefined (0 events):
No events

Internal exceptions (20 events):
Event: 0.582 Thread 0x00007fe88b917600 Exception <a 'java/lang/NoSuchMethodError'{0x0000000786d11bc8}: 'void java.lang.invoke.DirectMethodHandle$Holder.invokeSpecial(java.lang.Object, java.lang.Object, java.lang.Object, java.lang.Object, java.lang.Object)'> (0x0000000786d11bc8) 
thrown [./open/src/hotspot/share/interpreter/linkResolver.cpp, line 782]
Event: 0.746 Thread 0x00007fe88b917600 Exception <a 'java/lang/NoSuchMethodError'{0x0000000787ebeb48}: 'java.lang.Object java.lang.invoke.DirectMethodHandle$Holder.newInvokeSpecial(java.lang.Object, java.lang.Object, int)'> (0x0000000787ebeb48) 
thrown [./open/src/hotspot/share/interpreter/linkResolver.cpp, line 782]
Event: 0.761 Thread 0x00007fe88b917600 Exception <a 'java/lang/ClassNotFoundException'{0x0000000787edb3c8}: sun/awt/resources/spi/awtProvider> (0x0000000787edb3c8) 
thrown [./open/src/hotspot/share/classfile/systemDictionary.cpp, line 295]
Event: 0.772 Thread 0x00007fe88b917600 Exception <a 'java/io/FileNotFoundException'{0x0000000787ee5ab8}> (0x0000000787ee5ab8) 
thrown [./open/src/hotspot/share/prims/jni.cpp, line 578]
Event: 0.773 Thread 0x00007fe88b917600 Exception <a 'java/io/FileNotFoundException'{0x0000000787ee6f50}> (0x0000000787ee6f50) 
thrown [./open/src/hotspot/share/prims/jni.cpp, line 578]
Event: 0.788 Thread 0x00007fe88b917600 Exception <a 'java/lang/ClassNotFoundException'{0x0000000787efc160}: sun/awt/resources/spi/awtosxProvider> (0x0000000787efc160) 
thrown [./open/src/hotspot/share/classfile/systemDictionary.cpp, line 295]
Event: 0.890 Thread 0x00007fe88b917600 Exception <a 'java/lang/NoSuchMethodError'{0x0000000787c16c08}: 'java.lang.Object java.lang.invoke.DirectMethodHandle$Holder.invokeStatic(java.lang.Object, int, java.lang.Object, java.lang.Object, java.lang.Object, java.lang.Object)'> (0x0000000787c16c08) 
thrown [./open/src/hotspot/share/interpreter/linkResolver.cpp, line 782]
Event: 0.894 Thread 0x00007fe88b917600 Exception <a 'java/lang/NoSuchMethodError'{0x0000000787c3cec8}: 'java.lang.Object java.lang.invoke.DirectMethodHandle$Holder.invokeStatic(java.lang.Object, int, java.lang.Object)'> (0x0000000787c3cec8) 
thrown [./open/src/hotspot/share/interpreter/linkResolver.cpp, line 782]
Event: 0.899 Thread 0x00007fe88b917600 Exception <a 'java/lang/ClassNotFoundException'{0x0000000787c6d6d8}: com/apple/laf/resources/spi/aquaProvider> (0x0000000787c6d6d8) 
thrown [./open/src/hotspot/share/classfile/systemDictionary.cpp, line 295]
Event: 0.929 Thread 0x00007fe88b917600 Exception <a 'java/lang/ClassNotFoundException'{0x0000000787cdcb78}: com/sun/swing/internal/plaf/basic/resources/spi/basicProvider> (0x0000000787cdcb78) 
thrown [./open/src/hotspot/share/classfile/systemDictionary.cpp, line 295]
Event: 0.939 Thread 0x00007fe88b917600 Implicit null exception at 0x0000000124406360 to 0x00000001244063f6
Event: 2.395 Thread 0x00007fe88b917600 Exception <a 'java/lang/NoSuchMethodError'{0x00000007879c0f68}: 'java.lang.Object java.lang.invoke.DirectMethodHandle$Holder.newInvokeSpecial(java.lang.Object, java.lang.Object, java.lang.Object, int, java.lang.Object)'> (0x00000007879c0f68) 
thrown [./open/src/hotspot/share/interpreter/linkResolver.cpp, line 782]
Event: 2.402 Thread 0x00007fe88b917600 Exception <a 'java/lang/NoSuchMethodError'{0x00000007879ccd30}: 'void java.lang.invoke.DirectMethodHandle$Holder.invokeStatic(java.lang.Object, int, long)'> (0x00000007879ccd30) 
thrown [./open/src/hotspot/share/interpreter/linkResolver.cpp, line 782]
Event: 2.406 Thread 0x00007fe88b917600 Exception <a 'java/lang/NoSuchMethodError'{0x00000007879e5b18}: 'java.lang.Object java.lang.invoke.Invokers$Holder.linkToTargetMethod(int, int, int, int, java.lang.Object)'> (0x00000007879e5b18) 
thrown [./open/src/hotspot/share/interpreter/linkResolver.cpp, line 782]
Event: 2.406 Thread 0x00007fe88bb39600 Exception <a 'java/lang/NoSuchMethodError'{0x0000000787982490}: 'void java.lang.invoke.DirectMethodHandle$Holder.invokeStatic(java.lang.Object, long)'> (0x0000000787982490) 
thrown [./open/src/hotspot/share/interpreter/linkResolver.cpp, line 782]
Event: 2.406 Thread 0x00007fe88b917600 Exception <a 'java/lang/NoSuchMethodError'{0x00000007879e96c8}: 'void java.lang.invoke.DirectMethodHandle$Holder.invokeStatic(java.lang.Object, java.lang.Object, long)'> (0x00000007879e96c8) 
thrown [./open/src/hotspot/share/interpreter/linkResolver.cpp, line 782]
Event: 2.419 Thread 0x00007fe88b917600 Exception <a 'java/lang/NoSuchMethodError'{0x0000000787809de8}: 'void java.lang.invoke.DirectMethodHandle$Holder.invokeSpecial(java.lang.Object, java.lang.Object, long)'> (0x0000000787809de8) 
thrown [./open/src/hotspot/share/interpreter/linkResolver.cpp, line 782]
Event: 2.420 Thread 0x00007fe88b917600 Exception <a 'java/lang/NoSuchMethodError'{0x000000078780fd00}: 'void java.lang.invoke.DirectMethodHandle$Holder.invokeStatic(java.lang.Object, long, long)'> (0x000000078780fd00) 
thrown [./open/src/hotspot/share/interpreter/linkResolver.cpp, line 782]
Event: 2.420 Thread 0x00007fe88b917600 Exception <a 'java/lang/NoSuchMethodError'{0x0000000787815860}: 'java.lang.Object java.lang.invoke.DirectMethodHandle$Holder.newInvokeSpecial(java.lang.Object, long)'> (0x0000000787815860) 
thrown [./open/src/hotspot/share/interpreter/linkResolver.cpp, line 782]
Event: 2.538 Thread 0x00007fe88b8d6e00 Exception <a 'java/lang/NoSuchMethodError'{0x000000078776b4c0}: 'int java.lang.invoke.DirectMethodHandle$Holder.invokeStaticInit(java.lang.Object, java.lang.Object)'> (0x000000078776b4c0) 
thrown [./open/src/hotspot/share/interpreter/linkResolver.cpp, line 782]

Events (20 events):
Event: 4.735 loading class java/awt/Container$EventTargetFilter done
Event: 4.735 loading class java/awt/Container$MouseEventTargetFilter done
Event: 4.735 loading class java/awt/LightweightDispatcher$1
Event: 4.735 loading class java/awt/LightweightDispatcher$1 done
Event: 4.735 loading class sun/lwawt/macosx/CCustomCursor
Event: 4.736 loading class sun/lwawt/macosx/CCustomCursor done
Event: 5.107 loading class java/awt/LightweightDispatcher$2
Event: 5.107 loading class java/awt/LightweightDispatcher$2 done
Event: 5.657 Executing VM operation: HandshakeAllThreads
Event: 5.657 Executing VM operation: HandshakeAllThreads done
Event: 5.762 Protecting memory [0x0000700008f02000,0x0000700008f06000] with protection modes 3
Event: 5.762 Thread 0x00007fe88b8d6e00 Thread exited: 0x00007fe88b8d6e00
Event: 5.763 Protecting memory [0x0000700009291000,0x0000700009295000] with protection modes 3
Event: 5.763 Thread 0x00007fe88c8a5000 Thread exited: 0x00007fe88c8a5000
Event: 5.763 Protecting memory [0x0000700007cc9000,0x0000700007ccd000] with protection modes 3
Event: 5.763 Thread 0x00007fe88b00bc00 Thread exited: 0x00007fe88b00bc00
Event: 5.763 Protecting memory [0x00007ffee02c0000,0x00007ffee02c4000] with protection modes 3
Event: 5.763 Thread 0x00007fe88b917600 Thread exited: 0x00007fe88b917600
Event: 5.763 Protecting memory [0x0000700007cc9000,0x0000700007ccd000] with protection modes 0
Event: 5.763 Thread 0x00007fe88f817a00 Thread added: 0x00007fe88f817a00


Dynamic libraries:
0x00007fff2a497000 	/usr/lib/libz.1.dylib
0x000000010f149000 	/Users/woxdak/Library/Java/JavaVirtualMachines/openjdk-15.0.1/Contents/Home/lib/libjli.dylib
0x00007fff34fd5000 	/System/Library/Frameworks/Cocoa.framework/Versions/A/Cocoa
0x00007fff22212000 	/System/Library/Frameworks/Security.framework/Versions/A/Security
0x00007fff331d4000 	/System/Library/Frameworks/ApplicationServices.framework/Versions/A/ApplicationServices
0x00007fff2a55f000 	/usr/lib/libSystem.B.dylib
0x00007fff2a559000 	/usr/lib/system/libcache.dylib
0x00007fff2a515000 	/usr/lib/system/libcommonCrypto.dylib
0x00007fff2a53f000 	/usr/lib/system/libcompiler_rt.dylib
0x00007fff2a534000 	/usr/lib/system/libcopyfile.dylib
0x00007fff200e9000 	/usr/lib/system/libcorecrypto.dylib
0x00007fff201b5000 	/usr/lib/system/libdispatch.dylib
0x00007fff20369000 	/usr/lib/system/libdyld.dylib
0x00007fff2a550000 	/usr/lib/system/libkeymgr.dylib
0x00007fff2d992000 	/usr/lib/system/liblaunch.dylib
0x00007fff2a4f3000 	/usr/lib/system/libmacho.dylib
0x00007fff29d0e000 	/usr/lib/system/libquarantine.dylib
0x00007fff2a54d000 	/usr/lib/system/libremovefile.dylib
0x00007fff24ba7000 	/usr/lib/system/libsystem_asl.dylib
0x00007fff20099000 	/usr/lib/system/libsystem_blocks.dylib
0x00007fff20236000 	/usr/lib/system/libsystem_c.dylib
0x00007fff2a547000 	/usr/lib/system/libsystem_collections.dylib
0x00007fff29003000 	/usr/lib/system/libsystem_configuration.dylib
0x00007fff282f7000 	/usr/lib/system/libsystem_containermanager.dylib
0x00007fff2a28f000 	/usr/lib/system/libsystem_coreservices.dylib
0x00007fff227c6000 	/usr/lib/system/libsystem_darwin.dylib
0x00007fff2a551000 	/usr/lib/system/libsystem_dnssd.dylib
0x00007fff20233000 	/usr/lib/system/libsystem_featureflags.dylib
0x00007fff203ae000 	/usr/lib/system/libsystem_info.dylib
0x00007fff2a4aa000 	/usr/lib/system/libsystem_m.dylib
0x00007fff20188000 	/usr/lib/system/libsystem_malloc.dylib
0x00007fff24b3b000 	/usr/lib/system/libsystem_networkextension.dylib
0x00007fff22be0000 	/usr/lib/system/libsystem_notify.dylib
0x00007fff2fe3f000 	/usr/lib/system/libsystem_product_info_filter.dylib
0x00007fff29007000 	/usr/lib/system/libsystem_sandbox.dylib
0x00007fff2a54a000 	/usr/lib/system/libsystem_secinit.dylib
0x00007fff2032e000 	/usr/lib/system/libsystem_kernel.dylib
0x00007fff203a4000 	/usr/lib/system/libsystem_platform.dylib
0x00007fff2035d000 	/usr/lib/system/libsystem_pthread.dylib
0x00007fff262a5000 	/usr/lib/system/libsystem_symptoms.dylib
0x00007fff200d1000 	/usr/lib/system/libsystem_trace.dylib
0x00007fff2a521000 	/usr/lib/system/libunwind.dylib
0x00007fff2009b000 	/usr/lib/system/libxpc.dylib
0x00007fff20315000 	/usr/lib/libc++abi.dylib
0x00007fff201fa000 	/usr/lib/libobjc.A.dylib
0x00007fff2a52c000 	/usr/lib/liboah.dylib
0x00007fff202bf000 	/usr/lib/libc++.1.dylib
0x00007fff203da000 	/System/Library/Frameworks/CoreFoundation.framework/Versions/A/CoreFoundation
0x00007fff21187000 	/System/Library/Frameworks/Foundation.framework/Versions/C/Foundation
0x00007fff22c38000 	/System/Library/Frameworks/AppKit.framework/Versions/C/AppKit
0x00007fff25ace000 	/System/Library/Frameworks/CoreData.framework/Versions/A/CoreData
0x00007fff2399b000 	/System/Library/PrivateFrameworks/UIFoundation.framework/Versions/A/UIFoundation
0x00007fff2fbb8000 	/System/Library/PrivateFrameworks/RemoteViewServices.framework/Versions/A/RemoteViewServices
0x00007fff289c1000 	/System/Library/PrivateFrameworks/XCTTargetBootstrap.framework/Versions/A/XCTTargetBootstrap
0x00007fff2b69e000 	/usr/lib/libspindump.dylib
0x00007fff23bef000 	/System/Library/Frameworks/UniformTypeIdentifiers.framework/Versions/A/UniformTypeIdentifiers
0x00007fff27198000 	/usr/lib/libapp_launch_measurement.dylib
0x00007fff2719b000 	/System/Library/PrivateFrameworks/CoreAutoLayout.framework/Versions/A/CoreAutoLayout
0x00007fff28323000 	/System/Library/Frameworks/Metal.framework/Versions/A/Metal
0x00007fff29012000 	/usr/lib/liblangid.dylib
0x00007fff289c5000 	/System/Library/PrivateFrameworks/CoreSVG.framework/Versions/A/CoreSVG
0x00007fff24bd6000 	/System/Library/PrivateFrameworks/SkyLight.framework/Versions/A/SkyLight
0x00007fff24f3c000 	/System/Library/Frameworks/CoreGraphics.framework/Versions/A/CoreGraphics
0x00007fff3020f000 	/System/Library/Frameworks/Accelerate.framework/Versions/A/Accelerate
0x00007fff2b0d9000 	/System/Library/PrivateFrameworks/IconServices.framework/Versions/A/IconServices
0x00007fff28308000 	/System/Library/Frameworks/IOSurface.framework/Versions/A/IOSurface
0x00007fff26457000 	/usr/lib/libDiagnosticMessagesClient.dylib
0x00007fff289ad000 	/System/Library/PrivateFrameworks/DFRFoundation.framework/Versions/A/DFRFoundation
0x00007fff22564000 	/usr/lib/libicucore.A.dylib
0x00007fff2cbe0000 	/System/Library/Frameworks/AudioToolbox.framework/Versions/A/AudioToolbox
0x00007fff2be86000 	/System/Library/PrivateFrameworks/DataDetectorsCore.framework/Versions/A/DataDetectorsCore
0x00007fff286ad000 	/System/Library/Frameworks/Carbon.framework/Versions/A/Frameworks/HIToolbox.framework/Versions/A/HIToolbox
0x00007fff26bf0000 	/System/Library/Frameworks/QuartzCore.framework/Versions/A/QuartzCore
0x00007fff2fbf4000 	/System/Library/Frameworks/Carbon.framework/Versions/A/Frameworks/SpeechRecognition.framework/Versions/A/SpeechRecognition
0x00007fff26f00000 	/System/Library/PrivateFrameworks/CoreUI.framework/Versions/A/CoreUI
0x00007fff21b6e000 	/System/Library/Frameworks/CoreAudio.framework/Versions/A/CoreAudio
0x00007fff26542000 	/System/Library/Frameworks/DiskArbitration.framework/Versions/A/DiskArbitration
0x00007fff2ba99000 	/System/Library/PrivateFrameworks/MultitouchSupport.framework/Versions/A/MultitouchSupport
0x00007fff2be7d000 	/System/Library/PrivateFrameworks/InternationalSupport.framework/Versions/A/InternationalSupport
0x00007fff24b4a000 	/usr/lib/libenergytrace.dylib
0x00007fff22b32000 	/System/Library/Frameworks/IOKit.framework/Versions/A/IOKit
0x00007fff2ff41000 	/System/Library/Frameworks/CoreServices.framework/Versions/A/CoreServices
0x00007fff2712e000 	/System/Library/PrivateFrameworks/PerformanceAnalysis.framework/Versions/A/PerformanceAnalysis
0x00007fff6c83e000 	/System/Library/Frameworks/OpenGL.framework/Versions/A/OpenGL
0x00007fff2bf02000 	/System/Library/PrivateFrameworks/UserActivity.framework/Versions/A/UserActivity
0x00007fff255d0000 	/System/Library/Frameworks/ColorSync.framework/Versions/A/ColorSync
0x00007fff28c29000 	/System/Library/Frameworks/CoreImage.framework/Versions/A/CoreImage
0x00007fff21985000 	/System/Library/Frameworks/CoreText.framework/Versions/A/CoreText
0x00007fff289ef000 	/System/Library/Frameworks/ImageIO.framework/Versions/A/ImageIO
0x00007fff2a565000 	/System/Library/PrivateFrameworks/SoftLinking.framework/Versions/A/SoftLinking
0x00007fff271e4000 	/usr/lib/libxml2.2.dylib
0x00007fff2a7d7000 	/usr/lib/libcompression.dylib
0x00007fff24b4b000 	/usr/lib/libMobileGestalt.dylib
0x00007fff2bdb0000 	/System/Library/PrivateFrameworks/TextureIO.framework/Versions/A/TextureIO
0x00007fff2adfc000 	/usr/lib/libate.dylib
0x00007fff2abe2000 	/usr/lib/liblzma.5.dylib
0x00007fff20e9b000 	/System/Library/Frameworks/SystemConfiguration.framework/Versions/A/SystemConfiguration
0x00007fff2a561000 	/usr/lib/libfakelink.dylib
0x00007fff2469d000 	/System/Library/Frameworks/CFNetwork.framework/Versions/A/CFNetwork
0x00007fff2a6a1000 	/usr/lib/libarchive.2.dylib
0x00007fff20f19000 	/usr/lib/libCRFSuite.dylib
0x00007fff29d35000 	/usr/lib/libbsm.0.dylib
0x00007fff24059000 	/usr/lib/libnetwork.dylib
0x00007fff2a566000 	/usr/lib/libpcap.A.dylib
0x00007fff2629e000 	/usr/lib/libdns_services.dylib
0x00007fff2abfb000 	/usr/lib/libcoretls_cfhelpers.dylib
0x00007fff2a7a5000 	/usr/lib/libapple_nghttp2.dylib
0x00007fff2a4f9000 	/usr/lib/system/libkxld.dylib
0x00007fff25f04000 	/usr/lib/libsqlite3.dylib
0x00007fff2a271000 	/System/Library/PrivateFrameworks/AppleFSCompression.framework/Versions/A/AppleFSCompression
0x00007fff29d1d000 	/usr/lib/libcoretls.dylib
0x00007fff2a7d2000 	/usr/lib/libpam.2.dylib
0x00007fff2acf7000 	/usr/lib/libxar.1.dylib
0x00007fff2900e000 	/System/Library/PrivateFrameworks/AppleSystemInfo.framework/Versions/A/AppleSystemInfo
0x00007fff29960000 	/System/Library/PrivateFrameworks/IOMobileFramebuffer.framework/Versions/A/IOMobileFramebuffer
0x00007fff2a281000 	/usr/lib/libbz2.1.0.dylib
0x00007fff2a59e000 	/usr/lib/libiconv.2.dylib
0x00007fff2a4f2000 	/usr/lib/libcharset.1.dylib
0x00007fff2716a000 	/System/Library/Frameworks/CoreServices.framework/Versions/A/Frameworks/FSEvents.framework/Versions/A/FSEvents
0x00007fff227d0000 	/System/Library/Frameworks/CoreServices.framework/Versions/A/Frameworks/CarbonCore.framework/Versions/A/CarbonCore
0x00007fff264a7000 	/System/Library/Frameworks/CoreServices.framework/Versions/A/Frameworks/Metadata.framework/Versions/A/Metadata
0x00007fff2a294000 	/System/Library/Frameworks/CoreServices.framework/Versions/A/Frameworks/OSServices.framework/Versions/A/OSServices
0x00007fff2a713000 	/System/Library/Frameworks/CoreServices.framework/Versions/A/Frameworks/SearchKit.framework/Versions/A/SearchKit
0x00007fff26228000 	/System/Library/Frameworks/CoreServices.framework/Versions/A/Frameworks/AE.framework/Versions/A/AE
0x00007fff20876000 	/System/Library/Frameworks/CoreServices.framework/Versions/A/Frameworks/LaunchServices.framework/Versions/A/LaunchServices
0x00007fff2ab93000 	/System/Library/Frameworks/CoreServices.framework/Versions/A/Frameworks/DictionaryServices.framework/Versions/A/DictionaryServices
0x00007fff27173000 	/System/Library/Frameworks/CoreServices.framework/Versions/A/Frameworks/SharedFileList.framework/Versions/A/SharedFileList
0x00007fff29d11000 	/usr/lib/libCheckFix.dylib
0x00007fff24bbe000 	/System/Library/PrivateFrameworks/TCC.framework/Versions/A/TCC
0x00007fff29014000 	/System/Library/PrivateFrameworks/CoreNLP.framework/Versions/A/CoreNLP
0x00007fff2645a000 	/System/Library/PrivateFrameworks/MetadataUtilities.framework/Versions/A/MetadataUtilities
0x00007fff20f4f000 	/usr/lib/libmecabra.dylib
0x00007fff2a024000 	/System/Library/Frameworks/MLCompute.framework/Versions/A/MLCompute
0x00007fff29d46000 	/usr/lib/libmecab.dylib
0x00007fff29d90000 	/usr/lib/libgermantok.dylib
0x00007fff2a77b000 	/usr/lib/libThaiTokenizer.dylib
0x00007fff2ad32000 	/usr/lib/libChineseTokenizer.dylib
0x00007fff2a7d0000 	/System/Library/Frameworks/MetalPerformanceShaders.framework/Versions/A/MetalPerformanceShaders
0x00007fff26549000 	/System/Library/Frameworks/Accelerate.framework/Versions/A/Frameworks/vImage.framework/Versions/A/vImage
0x00007fff2ff1a000 	/System/Library/Frameworks/Accelerate.framework/Versions/A/Frameworks/vecLib.framework/Versions/A/vecLib
0x00007fff2ad3d000 	/System/Library/Frameworks/Accelerate.framework/Versions/A/Frameworks/vecLib.framework/Versions/A/libvMisc.dylib
0x00007fff29779000 	/System/Library/Frameworks/Accelerate.framework/Versions/A/Frameworks/vecLib.framework/Versions/A/libvDSP.dylib
0x00007fff20b7a000 	/System/Library/Frameworks/Accelerate.framework/Versions/A/Frameworks/vecLib.framework/Versions/A/libBLAS.dylib
0x00007fff2a7f6000 	/System/Library/Frameworks/Accelerate.framework/Versions/A/Frameworks/vecLib.framework/Versions/A/libLAPACK.dylib
0x00007fff29d96000 	/System/Library/Frameworks/Accelerate.framework/Versions/A/Frameworks/vecLib.framework/Versions/A/libLinearAlgebra.dylib
0x00007fff2a7bd000 	/System/Library/Frameworks/Accelerate.framework/Versions/A/Frameworks/vecLib.framework/Versions/A/libSparseBLAS.dylib
0x00007fff2a7f0000 	/System/Library/Frameworks/Accelerate.framework/Versions/A/Frameworks/vecLib.framework/Versions/A/libQuadrature.dylib
0x00007fff290bc000 	/System/Library/Frameworks/Accelerate.framework/Versions/A/Frameworks/vecLib.framework/Versions/A/libBNNS.dylib
0x00007fff20e2c000 	/System/Library/Frameworks/Accelerate.framework/Versions/A/Frameworks/vecLib.framework/Versions/A/libSparse.dylib
0x00007fff28fa7000 	/System/Library/Frameworks/MetalPerformanceShaders.framework/Versions/A/Frameworks/MPSCore.framework/Versions/A/MPSCore
0x00007fff2a1e0000 	/System/Library/Frameworks/MetalPerformanceShaders.framework/Versions/A/Frameworks/MPSImage.framework/Versions/A/MPSImage
0x00007fff29dac000 	/System/Library/Frameworks/MetalPerformanceShaders.framework/Versions/A/Frameworks/MPSNeuralNetwork.framework/Versions/A/MPSNeuralNetwork
0x00007fff2a16b000 	/System/Library/Frameworks/MetalPerformanceShaders.framework/Versions/A/Frameworks/MPSMatrix.framework/Versions/A/MPSMatrix
0x00007fff29fd4000 	/System/Library/Frameworks/MetalPerformanceShaders.framework/Versions/A/Frameworks/MPSRayIntersector.framework/Versions/A/MPSRayIntersector
0x00007fff2a1a2000 	/System/Library/Frameworks/MetalPerformanceShaders.framework/Versions/A/Frameworks/MPSNDArray.framework/Versions/A/MPSNDArray
0x00007fff20aa6000 	/System/Library/PrivateFrameworks/MetalTools.framework/Versions/A/MetalTools
0x00007fff2900c000 	/System/Library/PrivateFrameworks/AggregateDictionary.framework/Versions/A/AggregateDictionary
0x00007fff26432000 	/System/Library/PrivateFrameworks/CoreAnalytics.framework/Versions/A/CoreAnalytics
0x00007fff2a77d000 	/System/Library/PrivateFrameworks/AppleSauce.framework/Versions/A/AppleSauce
0x00007fff2831a000 	/System/Library/PrivateFrameworks/IOAccelerator.framework/Versions/A/IOAccelerator
0x00007fff6c832000 	/System/Library/Frameworks/OpenGL.framework/Versions/A/Libraries/libCoreFSCache.dylib
0x00007fff214eb000 	/System/Library/PrivateFrameworks/LanguageModeling.framework/Versions/A/LanguageModeling
0x00007fff2994d000 	/System/Library/PrivateFrameworks/CoreEmoji.framework/Versions/A/CoreEmoji
0x00007fff290b5000 	/System/Library/PrivateFrameworks/LinguisticData.framework/Versions/A/LinguisticData
0x00007fff20dde000 	/System/Library/PrivateFrameworks/Lexicon.framework/Versions/A/Lexicon
0x00007fff2a68f000 	/usr/lib/libcmph.dylib
0x00007fff2714a000 	/System/Library/Frameworks/OpenDirectory.framework/Versions/A/Frameworks/CFOpenDirectory.framework/Versions/A/CFOpenDirectory
0x00007fff2713a000 	/System/Library/Frameworks/OpenDirectory.framework/Versions/A/OpenDirectory
0x00007fff2abfd000 	/System/Library/PrivateFrameworks/APFS.framework/Versions/A/APFS
0x00007fff29c72000 	/System/Library/Frameworks/SecurityFoundation.framework/Versions/A/SecurityFoundation
0x00007fff2ad05000 	/usr/lib/libutil.dylib
0x00007fff22af7000 	/System/Library/PrivateFrameworks/CoreServicesStore.framework/Versions/A/CoreServicesStore
0x00007fff29d09000 	/System/Library/Frameworks/ServiceManagement.framework/Versions/A/ServiceManagement
0x00007fff2ad09000 	/usr/lib/libxslt.1.dylib
0x00007fff29cff000 	/System/Library/PrivateFrameworks/BackgroundTaskManagement.framework/Versions/A/BackgroundTaskManagement
0x00007fff2bcfa000 	/System/Library/Frameworks/ImageIO.framework/Versions/A/Resources/libRadiance.dylib
0x00007fff2bd04000 	/System/Library/Frameworks/ImageIO.framework/Versions/A/Resources/libJPEG.dylib
0x00007fff2bc53000 	/System/Library/Frameworks/ImageIO.framework/Versions/A/Resources/libPng.dylib
0x00007fff2bc7a000 	/System/Library/Frameworks/ImageIO.framework/Versions/A/Resources/libTIFF.dylib
0x00007fff2bd59000 	/System/Library/Frameworks/ImageIO.framework/Versions/A/Resources/libGIF.dylib
0x00007fff2b9b6000 	/System/Library/Frameworks/ImageIO.framework/Versions/A/Resources/libJP2.dylib
0x00007fff2b0a0000 	/usr/lib/libexpat.1.dylib
0x00007fff2b96b000 	/System/Library/PrivateFrameworks/AppleJPEG.framework/Versions/A/AppleJPEG
0x00007fff28550000 	/System/Library/PrivateFrameworks/FontServices.framework/libFontParser.dylib
0x00007fff261dc000 	/System/Library/PrivateFrameworks/RunningBoardServices.framework/Versions/A/RunningBoardServices
0x00007fff2ba95000 	/System/Library/PrivateFrameworks/WatchdogClient.framework/Versions/A/WatchdogClient
0x00007fff215d8000 	/System/Library/Frameworks/CoreDisplay.framework/Versions/A/CoreDisplay
0x00007fff28466000 	/System/Library/Frameworks/CoreMedia.framework/Versions/A/CoreMedia
0x00007fff272c7000 	/System/Library/Frameworks/CoreVideo.framework/Versions/A/CoreVideo
0x00007fff2bacd000 	/System/Library/Frameworks/VideoToolbox.framework/Versions/A/VideoToolbox
0x00007fff2615a000 	/System/Library/PrivateFrameworks/BaseBoard.framework/Versions/A/BaseBoard
0x00007fff2b1e5000 	/System/Library/PrivateFrameworks/PersistentConnection.framework/Versions/A/PersistentConnection
0x00007fff25eed000 	/System/Library/PrivateFrameworks/ProtocolBuffer.framework/Versions/A/ProtocolBuffer
0x00007fff26141000 	/System/Library/PrivateFrameworks/CommonUtilities.framework/Versions/A/CommonUtilities
0x00007fff2b900000 	/System/Library/PrivateFrameworks/Bom.framework/Versions/A/Bom
0x00007fff2bcf3000 	/System/Library/PrivateFrameworks/GPUWrangler.framework/Versions/A/GPUWrangler
0x00007fff2bcd8000 	/System/Library/PrivateFrameworks/IOPresentment.framework/Versions/A/IOPresentment
0x00007fff2bcfe000 	/System/Library/PrivateFrameworks/DSExternalDisplay.framework/Versions/A/DSExternalDisplay
0x00007fff2bd5e000 	/System/Library/PrivateFrameworks/CMCaptureCore.framework/Versions/A/CMCaptureCore
0x00007fff2b685000 	/System/Library/PrivateFrameworks/AppServerSupport.framework/Versions/A/AppServerSupport
0x00007fff2d731000 	/System/Library/PrivateFrameworks/perfdata.framework/Versions/A/perfdata
0x00007fff29c61000 	/System/Library/PrivateFrameworks/AssertionServices.framework/Versions/A/AssertionServices
0x00007fff2170f000 	/System/Library/PrivateFrameworks/AudioToolboxCore.framework/Versions/A/AudioToolboxCore
0x00007fff28449000 	/System/Library/PrivateFrameworks/caulk.framework/Versions/A/caulk
0x00007fff3d3be000 	/System/Library/PrivateFrameworks/SystemPolicy.framework/Versions/A/SystemPolicy
0x00007fff2ae95000 	/usr/lib/libIOReport.dylib
0x00007fff2cf53000 	/usr/lib/libSMC.dylib
0x00007fff2bc20000 	/usr/lib/libAudioToolboxUtility.dylib
0x00007fff3dd28000 	/usr/lib/libmis.dylib
0x00007fff6c88e000 	/System/Library/Frameworks/OpenGL.framework/Versions/A/Libraries/libGLU.dylib
0x00007fff6c851000 	/System/Library/Frameworks/OpenGL.framework/Versions/A/Libraries/libGFXShared.dylib
0x00007fff6ca60000 	/System/Library/Frameworks/OpenGL.framework/Versions/A/Libraries/libGL.dylib
0x00007fff6c85a000 	/System/Library/Frameworks/OpenGL.framework/Versions/A/Libraries/libGLImage.dylib
0x00007fff6c84e000 	/System/Library/Frameworks/OpenGL.framework/Versions/A/Libraries/libCVMSPluginSupport.dylib
0x00007fff6c839000 	/System/Library/Frameworks/OpenGL.framework/Versions/A/Libraries/libCoreVMClient.dylib
0x00007fff6dea1000 	/System/Library/Frameworks/OpenCL.framework/Versions/A/OpenCL
0x00007fff2b20f000 	/System/Library/PrivateFrameworks/GraphVisualizer.framework/Versions/A/GraphVisualizer
0x00007fff2b21e000 	/System/Library/PrivateFrameworks/FaceCore.framework/Versions/A/FaceCore
0x00007fff2b63a000 	/System/Library/PrivateFrameworks/OTSVG.framework/Versions/A/OTSVG
0x00007fff26ebe000 	/System/Library/Frameworks/ApplicationServices.framework/Versions/A/Frameworks/ATS.framework/Versions/A/Resources/libFontRegistry.dylib
0x00007fff2b68c000 	/System/Library/PrivateFrameworks/FontServices.framework/libhvf.dylib
0x00007fff2b04c000 	/System/Library/PrivateFrameworks/AppleVA.framework/Versions/A/AppleVA
0x00007fff2cd9c000 	/System/Library/Frameworks/ApplicationServices.framework/Versions/A/Frameworks/ATS.framework/Versions/A/ATS
0x00007fff2d0ae000 	/System/Library/Frameworks/ApplicationServices.framework/Versions/A/Frameworks/ColorSyncLegacy.framework/Versions/A/ColorSyncLegacy
0x00007fff256c7000 	/System/Library/Frameworks/ApplicationServices.framework/Versions/A/Frameworks/HIServices.framework/Versions/A/HIServices
0x00007fff2d093000 	/System/Library/Frameworks/ApplicationServices.framework/Versions/A/Frameworks/LangAnalysis.framework/Versions/A/LangAnalysis
0x00007fff2bd68000 	/System/Library/Frameworks/ApplicationServices.framework/Versions/A/Frameworks/PrintCore.framework/Versions/A/PrintCore
0x00007fff2d0b6000 	/System/Library/Frameworks/ApplicationServices.framework/Versions/A/Frameworks/QD.framework/Versions/A/QD
0x00007fff2cd8c000 	/System/Library/Frameworks/ApplicationServices.framework/Versions/A/Frameworks/SpeechSynthesis.framework/Versions/A/SpeechSynthesis
0x00007fff2bd29000 	/System/Library/Frameworks/ApplicationServices.framework/Versions/A/Frameworks/ATSUI.framework/Versions/A/ATSUI
0x00007fff2d033000 	/usr/lib/libcups.2.dylib
0x00007fff2d0a3000 	/System/Library/PrivateFrameworks/NetAuth.framework/Versions/A/NetAuth
0x00007fff2d74d000 	/System/Library/Frameworks/Kerberos.framework/Versions/A/Kerberos
0x00007fff2d75d000 	/System/Library/Frameworks/GSS.framework/Versions/A/GSS
0x00007fff2ce08000 	/usr/lib/libresolv.9.dylib
0x00007fff2b6a1000 	/System/Library/PrivateFrameworks/Heimdal.framework/Versions/A/Heimdal
0x00007fff334d4000 	/System/Library/Frameworks/Kerberos.framework/Versions/A/Libraries/libHeimdalProxy.dylib
0x00007fff262ad000 	/System/Library/Frameworks/Network.framework/Versions/A/Network
0x00007fff2b0ba000 	/usr/lib/libheimdal-asn1.dylib
0x00007fff2d7ad000 	/System/Library/PrivateFrameworks/CommonAuth.framework/Versions/A/CommonAuth
0x00007fff27314000 	/System/Library/PrivateFrameworks/login.framework/Versions/A/Frameworks/loginsupport.framework/Versions/A/loginsupport
0x00007fff2cd11000 	/System/Library/PrivateFrameworks/AudioSession.framework/Versions/A/AudioSession
0x00007fff2cd79000 	/usr/lib/libAudioStatistics.dylib
0x00007fff2b147000 	/System/Library/PrivateFrameworks/MediaExperience.framework/Versions/A/MediaExperience
0x00007fff2cbae000 	/System/Library/PrivateFrameworks/AudioSession.framework/libSessionUtility.dylib
0x00007fff2d73e000 	/usr/lib/libperfcheck.dylib
0x00007fff2d0c2000 	/System/Library/PrivateFrameworks/AudioResourceArbitration.framework/Versions/A/AudioResourceArbitration
0x00007fff2b0c4000 	/System/Library/PrivateFrameworks/IconFoundation.framework/Versions/A/IconFoundation
0x00007fff2fbe4000 	/System/Library/PrivateFrameworks/SpeechRecognitionCore.framework/Versions/A/SpeechRecognitionCore
0x000000010f175000 	/Users/woxdak/Library/Java/JavaVirtualMachines/openjdk-15.0.1/Contents/Home/lib/server/libjvm.dylib
0x0000000110148000 	/Users/woxdak/Library/Java/JavaVirtualMachines/openjdk-15.0.1/Contents/Home/lib/libjimage.dylib
0x000000011019e000 	/Users/woxdak/Library/Java/JavaVirtualMachines/openjdk-15.0.1/Contents/Home/lib/libjava.dylib
0x000000011056b000 	/Users/woxdak/Library/Java/JavaVirtualMachines/openjdk-15.0.1/Contents/Home/lib/libnio.dylib
0x000000011057f000 	/Users/woxdak/Library/Java/JavaVirtualMachines/openjdk-15.0.1/Contents/Home/lib/libnet.dylib
0x00000001101e6000 	/Users/woxdak/Library/Java/JavaVirtualMachines/openjdk-15.0.1/Contents/Home/lib/libzip.dylib
0x0000000110598000 	/Users/woxdak/.openjfx/cache/15.0.1/libprism_es2.dylib
0x00007fff22ab8000 	/System/Library/PrivateFrameworks/CoreServicesInternal.framework/Versions/A/CoreServicesInternal
0x00007fff6ca6b000 	/System/Library/Frameworks/OpenGL.framework/Versions/A/Resources/GLEngine.bundle/GLEngine
0x00007fff6c8cb000 	/System/Library/Frameworks/OpenGL.framework/Versions/A/Libraries/libGLProgrammability.dylib
0x00007fff5fbfb000 	/System/Library/Extensions/AppleIntelKBLGraphicsGLDriver.bundle/Contents/MacOS/AppleIntelKBLGraphicsGLDriver
0x00007fff46c34000 	/System/Library/PrivateFrameworks/GPUSupport.framework/Versions/A/Libraries/libGPUSupportMercury.dylib
0x00007fff6cbe7000 	/System/Library/Frameworks/OpenGL.framework/Versions/A/Resources/GLRendererFloat.bundle/GLRendererFloat
0x0000000110780000 	/Users/woxdak/.openjfx/cache/15.0.1/libglass.dylib
0x00007fff310ca000 	/System/Library/Frameworks/FileProvider.framework/Versions/A/FileProvider
0x00007fff260c4000 	/System/Library/Frameworks/Accounts.framework/Versions/A/Accounts
0x00007fff311eb000 	/System/Library/PrivateFrameworks/GenerationalStorage.framework/Versions/A/GenerationalStorage
0x00007fff31baa000 	/System/Library/PrivateFrameworks/CoreSymbolication.framework/Versions/A/CoreSymbolication
0x00007fff30ae9000 	/System/Library/PrivateFrameworks/SymptomDiagnosticReporter.framework/Versions/A/SymptomDiagnosticReporter
0x00007fff2e3f6000 	/System/Library/PrivateFrameworks/AppContainer.framework/Versions/A/AppContainer
0x00007fff23c02000 	/System/Library/PrivateFrameworks/DesktopServicesPriv.framework/Versions/A/DesktopServicesPriv
0x00007fff22bec000 	/usr/lib/libsandbox.1.dylib
0x00007fff27340000 	/System/Library/PrivateFrameworks/UserManagement.framework/Versions/A/UserManagement
0x00007fff29c3e000 	/System/Library/PrivateFrameworks/MobileKeyBag.framework/Versions/A/MobileKeyBag
0x00007fff3453d000 	/System/Library/PrivateFrameworks/ChunkingLibrary.framework/Versions/A/ChunkingLibrary
0x00007fff31b6d000 	/System/Library/PrivateFrameworks/DebugSymbols.framework/Versions/A/DebugSymbols
0x00007fff2e40b000 	/System/Library/PrivateFrameworks/SecCodeWrapper.framework/Versions/A/SecCodeWrapper
0x00007fff2ae9d000 	/System/Library/PrivateFrameworks/CrashReporterSupport.framework/Versions/A/CrashReporterSupport
0x00007fff482a0000 	/System/Library/PrivateFrameworks/OSAnalytics.framework/Versions/A/OSAnalytics
0x00007fff783b9000 	/usr/lib/libRosetta.dylib
0x00007fff32f20000 	/System/Library/PrivateFrameworks/RemoteServiceDiscovery.framework/Versions/A/RemoteServiceDiscovery
0x00007fff5225e000 	/System/Library/PrivateFrameworks/Symbolication.framework/Versions/A/Symbolication
0x00007fff32f30000 	/System/Library/PrivateFrameworks/RemoteXPC.framework/Versions/A/RemoteXPC
0x00007fff3942d000 	/System/Library/PrivateFrameworks/OSAServicesClient.framework/Versions/A/OSAServicesClient
0x00007fff3dd07000 	/System/Library/PrivateFrameworks/MallocStackLogging.framework/Versions/A/MallocStackLogging
0x00007fff2e18d000 	/System/Library/PrivateFrameworks/Sharing.framework/Versions/A/Sharing
0x00007fff32afd000 	/System/Library/PrivateFrameworks/Apple80211.framework/Versions/A/Apple80211
0x00007fff2a2c2000 	/System/Library/PrivateFrameworks/AuthKit.framework/Versions/A/AuthKit
0x00007fff29a3e000 	/System/Library/PrivateFrameworks/CoreUtils.framework/Versions/A/CoreUtils
0x00007fff2996b000 	/System/Library/Frameworks/CoreWLAN.framework/Versions/A/CoreWLAN
0x00007fff2e2d5000 	/System/Library/Frameworks/IOBluetooth.framework/Versions/A/IOBluetooth
0x00007fff32b61000 	/System/Library/PrivateFrameworks/CoreWiFi.framework/Versions/A/CoreWiFi
0x00007fff2d835000 	/System/Library/PrivateFrameworks/CorePhoneNumbers.framework/Versions/A/CorePhoneNumbers
0x00007fff30bf1000 	/System/Library/PrivateFrameworks/DiskManagement.framework/Versions/A/DiskManagement
0x00007fff30b07000 	/System/Library/PrivateFrameworks/AppleIDAuthSupport.framework/Versions/A/AppleIDAuthSupport
0x00007fff2d812000 	/System/Library/PrivateFrameworks/KeychainCircle.framework/Versions/A/KeychainCircle
0x00007fff30bbd000 	/System/Library/PrivateFrameworks/MediaKit.framework/Versions/A/MediaKit
0x00007fff30b14000 	/System/Library/Frameworks/DiscRecording.framework/Versions/A/DiscRecording
0x00007fff2afc0000 	/usr/lib/libCoreStorage.dylib
0x00007fff32f9b000 	/usr/lib/libcsfde.dylib
0x00007fff2e40f000 	/System/Library/PrivateFrameworks/ProtectedCloudStorage.framework/Versions/A/ProtectedCloudStorage
0x00007fff32f93000 	/System/Library/PrivateFrameworks/EFILogin.framework/Versions/A/EFILogin
0x00007fff33587000 	/System/Library/Frameworks/AudioUnit.framework/Versions/A/AudioUnit
0x00007fff30a86000 	/System/Library/Frameworks/CoreBluetooth.framework/Versions/A/CoreBluetooth
0x00007fff2afb8000 	/usr/lib/libMatch.1.dylib
0x0000000136198000 	/usr/lib/libobjc-trampolines.dylib
0x00007fff4192e000 	/System/Library/Frameworks/Accelerate.framework/Versions/A/Frameworks/vImage.framework/Versions/A/Libraries/libCGInterfaces.dylib
0x00007fff27042000 	/System/Library/PrivateFrameworks/ViewBridge.framework/Versions/A/ViewBridge
0x00007fff2b762000 	/System/Library/PrivateFrameworks/login.framework/Versions/A/login
0x00000001386f8000 	/Users/woxdak/.openjfx/cache/15.0.1/libjavafx_font.dylib
0x000000013a034000 	/Users/woxdak/Library/Java/JavaVirtualMachines/openjdk-15.0.1/Contents/Home/lib/libawt.dylib
0x000000013a0eb000 	/Users/woxdak/Library/Java/JavaVirtualMachines/openjdk-15.0.1/Contents/Home/lib/libmlib_image.dylib
0x00007fff6f6c6000 	/System/Library/Frameworks/JavaNativeFoundation.framework/Versions/A/JavaNativeFoundation
0x00007fff6f6d2000 	/System/Library/Frameworks/JavaRuntimeSupport.framework/Versions/A/JavaRuntimeSupport
0x00007fff3d136000 	/System/Library/Frameworks/Carbon.framework/Versions/A/Carbon
0x00007fff3643c000 	/System/Library/Frameworks/Carbon.framework/Versions/A/Frameworks/CommonPanels.framework/Versions/A/CommonPanels
0x00007fff32f8f000 	/System/Library/Frameworks/Carbon.framework/Versions/A/Frameworks/Help.framework/Versions/A/Help
0x00007fff36440000 	/System/Library/Frameworks/Carbon.framework/Versions/A/Frameworks/ImageCapture.framework/Versions/A/ImageCapture
0x00007fff36418000 	/System/Library/Frameworks/Carbon.framework/Versions/A/Frameworks/OpenScripting.framework/Versions/A/OpenScripting
0x00007fff36438000 	/System/Library/Frameworks/Carbon.framework/Versions/A/Frameworks/Ink.framework/Versions/A/Ink
0x00007fff3d132000 	/System/Library/Frameworks/Carbon.framework/Versions/A/Frameworks/Print.framework/Versions/A/Print
0x00007fff36434000 	/System/Library/Frameworks/Carbon.framework/Versions/A/Frameworks/SecurityHI.framework/Versions/A/SecurityHI
0x000000013a187000 	/Users/woxdak/Library/Java/JavaVirtualMachines/openjdk-15.0.1/Contents/Home/lib/libawt_lwawt.dylib
0x000000013a241000 	/Users/woxdak/Library/Java/JavaVirtualMachines/openjdk-15.0.1/Contents/Home/lib/libosxapp.dylib
0x00007fff3c4f6000 	/System/Library/Frameworks/ExceptionHandling.framework/Versions/A/ExceptionHandling
0x000000013a268000 	/Users/woxdak/Library/Java/JavaVirtualMachines/openjdk-15.0.1/Contents/Home/lib/libfontmanager.dylib
0x000000013a394000 	/Users/woxdak/Library/Java/JavaVirtualMachines/openjdk-15.0.1/Contents/Home/lib/libfreetype.dylib
0x000000013ac29000 	/Users/woxdak/Library/Java/JavaVirtualMachines/openjdk-15.0.1/Contents/Home/lib/libosxui.dylib
0x00007fff5ea0e000 	/System/Library/Extensions/AppleIntelKBLGraphicsMTLDriver.bundle/Contents/MacOS/AppleIntelKBLGraphicsMTLDriver
0x00007fff3dd3b000 	/System/Library/PrivateFrameworks/GPURawCounter.framework/Versions/A/GPURawCounter
0x00007fff6a3c4000 	/System/Library/PrivateFrameworks/GPUCompiler.framework/Versions/31001/Libraries/libmetal_timestamp.dylib


VM Arguments:
jvm_args: --add-modules=javafx.base,javafx.controls,javafx.fxml,javafx.graphics --module-path=/Users/woxdak/.gradle/caches/modules-2/files-2.1/org.openjfx/javafx-fxml/15.0.1/120a83ddfd726d9ef09e9569f53459106e8de467/javafx-fxml-15.0.1-mac.jar:/Users/woxdak/.gradle/caches/modules-2/files-2.1/org.openjfx/javafx-controls/15.0.1/cb743a50156d7eca281bfc3547aff4d146972e02/javafx-controls-15.0.1-mac.jar:/Users/woxdak/.gradle/caches/modules-2/files-2.1/org.openjfx/javafx-graphics/15.0.1/98ced13a06ad705ce0014df60794cedbf297080b/javafx-graphics-15.0.1-mac.jar:/Users/woxdak/.gradle/caches/modules-2/files-2.1/org.openjfx/javafx-base/15.0.1/b91bc3dfc230b46f11146686648a42921de0c23/javafx-base-15.0.1-mac.jar -Dfile.encoding=UTF-8 -Duser.country=US -Duser.language=en -Duser.variant 
java_command: com.gc.main
java_class_path (initial): /Users/woxdak/IdeaProjects/DisplayPath/build/classes/java/main:/Users/woxdak/IdeaProjects/DisplayPath/build/resources/main:/Users/woxdak/.gradle/caches/modules-2/files-2.1/org.openjfx/javafx-fxml/15.0.1/120a83ddfd726d9ef09e9569f53459106e8de467/javafx-fxml-15.0.1-mac.jar:/Users/woxdak/.gradle/caches/modules-2/files-2.1/org.openjfx/javafx-controls/15.0.1/cb743a50156d7eca281bfc3547aff4d146972e02/javafx-controls-15.0.1-mac.jar:/Users/woxdak/.gradle/caches/modules-2/files-2.1/org.openjfx/javafx-controls/15.0.1/7e951231ff36d704e8cc8b112b71951c9ccbc15d/javafx-controls-15.0.1.jar:/Users/woxdak/.gradle/caches/modules-2/files-2.1/org.openjfx/javafx-graphics/15.0.1/98ced13a06ad705ce0014df60794cedbf297080b/javafx-graphics-15.0.1-mac.jar:/Users/woxdak/.gradle/caches/modules-2/files-2.1/org.openjfx/javafx-graphics/15.0.1/55565f47d9d4e295f8bdeb8a6577e29b8bc29267/javafx-graphics-15.0.1.jar:/Users/woxdak/.gradle/caches/modules-2/files-2.1/org.openjfx/javafx-base/15.0.1/b91bc3dfc230b46f11146686648a42921de0c23/javafx-base-15.0.1-mac.jar:/Users/woxdak/.gradle/caches/modules-2/files-2.1/org.openjfx/javafx-base/15.0.1/88d5d4ad546e17904516fd05be69243e54144af4/javafx-base-15.0.1.jar
Launcher Type: SUN_STANDARD

[Global flags]
     intx CICompilerCount                          = 4                                         {product} {ergonomic}
     uint ConcGCThreads                            = 2                                         {product} {ergonomic}
     uint G1ConcRefinementThreads                  = 8                                         {product} {ergonomic}
   size_t G1HeapRegionSize                         = 1048576                                   {product} {ergonomic}
    uintx GCDrainStackTargetSize                   = 64                                        {product} {ergonomic}
   size_t InitialHeapSize                          = 134217728                                 {product} {ergonomic}
   size_t MarkStackSize                            = 4194304                                   {product} {ergonomic}
   size_t MaxHeapSize                              = 2147483648                                {product} {ergonomic}
   size_t MaxNewSize                               = 1287651328                                {product} {ergonomic}
   size_t MinHeapDeltaBytes                        = 1048576                                   {product} {ergonomic}
   size_t MinHeapSize                              = 8388608                                   {product} {ergonomic}
    uintx NonNMethodCodeHeapSize                   = 5839372                                {pd product} {ergonomic}
    uintx NonProfiledCodeHeapSize                  = 122909434                              {pd product} {ergonomic}
    uintx ProfiledCodeHeapSize                     = 122909434                              {pd product} {ergonomic}
    uintx ReservedCodeCacheSize                    = 251658240                              {pd product} {ergonomic}
     bool SegmentedCodeCache                       = true                                      {product} {ergonomic}
   size_t SoftMaxHeapSize                          = 2147483648                             {manageable} {ergonomic}
     bool UseCompressedClassPointers               = true                                 {lp64_product} {ergonomic}
     bool UseCompressedOops                        = true                                 {lp64_product} {ergonomic}
     bool UseG1GC                                  = true                                      {product} {ergonomic}
     bool UseNUMA                                  = false                                     {product} {ergonomic}
     bool UseNUMAInterleaving                      = false                                     {product} {ergonomic}

Logging:
Log output configuration:
 #0: stdout all=warning uptime,level,tags
 #1: stderr all=off uptime,level,tags

Environment Variables:
PATH=/usr/local/bin:/usr/bin:/bin:/usr/sbin:/sbin:/Library/Apple/usr/bin:/Library/Frameworks/Mono.framework/Versions/Current/Commands
SHELL=/bin/zsh
LC_CTYPE=en_US.UTF-8

Signal Handlers:
SIGSEGV: [libjvm.dylib+0xa00020], sa_mask[0]=11111111011111110111111111111111, sa_flags=SA_ONSTACK|SA_RESTART|SA_SIGINFO
SIGBUS: [libjvm.dylib+0xa00020], sa_mask[0]=11111111011111110111111111111111, sa_flags=SA_RESTART|SA_SIGINFO
SIGFPE: [libjvm.dylib+0xa00020], sa_mask[0]=11111111011111110111111111111111, sa_flags=SA_RESTART|SA_SIGINFO
SIGPIPE: [libjvm.dylib+0x82b7f0], sa_mask[0]=11111111011111110111111111111111, sa_flags=SA_RESTART|SA_SIGINFO
SIGXFSZ: [libjvm.dylib+0x82b7f0], sa_mask[0]=11111111011111110111111111111111, sa_flags=SA_RESTART|SA_SIGINFO
SIGILL: [libjvm.dylib+0xa00020], sa_mask[0]=11111111011111110111111111111111, sa_flags=SA_RESTART|SA_SIGINFO
SIGUSR2: [libjvm.dylib+0x82c300], sa_mask[0]=00100000000000000000000000000000, sa_flags=SA_RESTART|SA_SIGINFO
SIGHUP: [libjvm.dylib+0x82aa00], sa_mask[0]=11111111011111110111111111111111, sa_flags=SA_RESTART|SA_SIGINFO
SIGINT: [libjvm.dylib+0x82aa00], sa_mask[0]=11111111011111110111111111111111, sa_flags=SA_RESTART|SA_SIGINFO
SIGTERM: [libjvm.dylib+0x82aa00], sa_mask[0]=11111111011111110111111111111111, sa_flags=SA_RESTART|SA_SIGINFO
SIGQUIT: [libjvm.dylib+0x82aa00], sa_mask[0]=11111111011111110111111111111111, sa_flags=SA_RESTART|SA_SIGINFO


---------------  S Y S T E M  ---------------

OS:uname: Darwin 20.2.0 Darwin Kernel Version 20.2.0: Wed Dec  2 20:39:59 PST 2020; root:xnu-7195.60.75~1/RELEASE_X86_64 x86_64
OS uptime: 0 days 6:33 hours
rlimit (soft/hard): STACK 8192k/65532k , CORE 0k/infinity , NPROC 1392/2088 , NOFILE 10240/infinity , AS infinity/infinity , CPU infinity/infinity , DATA infinity/infinity , FSIZE infinity/infinity , MEMLOCK infinity/infinity , RSS infinity/infinity
load average: 1.97 2.09 2.22

CPU: total 8 (initial active 8) (4 cores per cpu, 2 threads per core) family 6 model 142 stepping 10 microcode 0xe0, cmov, cx8, fxsr, mmx, sse, sse2, sse3, ssse3, sse4.1, sse4.2, popcnt, vzeroupper, avx, avx2, aes, clmul, erms, 3dnowpref, lzcnt, ht, tsc, tscinvbit, bmi1, bmi2, adx, fma, clflush, clflushopt

Memory: 4k page, physical 8388608k(48008k free), swap 2097152k(1516544k free)

vm_info: OpenJDK 64-Bit Server VM (15.0.1+9-18) for bsd-amd64 JRE (15.0.1+9-18), built on Sep 15 2020 13:39:50 by "mach5one" with clang 4.2.1 Compatible Apple LLVM 10.0.0 (clang-1000.11.45.5)

END.
