#
# A fatal error has been detected by the Java Runtime Environment:
#
#  SIGSEGV (0xb) at pc=0x0000000106d04bdc, pid=2437, tid=775
#
# JRE version: OpenJDK Runtime Environment (15.0.1+9) (build 15.0.1+9-18)
# Java VM: OpenJDK 64-Bit Server VM (15.0.1+9-18, mixed mode, sharing, tiered, compressed oops, g1 gc, bsd-amd64)
# Problematic frame:
# V  [libjvm.dylib+0x504bdc]  jni_IsSameObject+0x3c
#
# No core dump will be written. Core dumps have been disabled. To enable core dumping, try "ulimit -c unlimited" before starting Java again
#
# If you would like to submit a bug report, please visit:
#   https://bugreport.java.com/bugreport/crash.jsp
#

---------------  S U M M A R Y ------------

Command Line: --add-modules=javafx.base,javafx.controls,javafx.fxml,javafx.graphics --module-path=/Users/woxdak/.gradle/caches/modules-2/files-2.1/org.openjfx/javafx-fxml/15.0.1/120a83ddfd726d9ef09e9569f53459106e8de467/javafx-fxml-15.0.1-mac.jar:/Users/woxdak/.gradle/caches/modules-2/files-2.1/org.openjfx/javafx-controls/15.0.1/cb743a50156d7eca281bfc3547aff4d146972e02/javafx-controls-15.0.1-mac.jar:/Users/woxdak/.gradle/caches/modules-2/files-2.1/org.openjfx/javafx-graphics/15.0.1/98ced13a06ad705ce0014df60794cedbf297080b/javafx-graphics-15.0.1-mac.jar:/Users/woxdak/.gradle/caches/modules-2/files-2.1/org.openjfx/javafx-base/15.0.1/b91bc3dfc230b46f11146686648a42921de0c23/javafx-base-15.0.1-mac.jar -Dfile.encoding=UTF-8 -Duser.country=US -Duser.language=en -Duser.variant com.gc.main

Host: MacBookPro15,2 x86_64 2300 MHz, 8 cores, 8G, Darwin 20.2.0
Time: Sat Dec 26 15:25:59 2020 CST elapsed time: 4.261606 seconds (0d 0h 0m 4s)

---------------  T H R E A D  ---------------

Current thread is native thread

Stack: [0x00007ffeece91000,0x00007ffeed691000],  sp=0x00007ffeed68c7e0,  free space=8173k
Native frames: (J=compiled Java code, A=aot compiled Java code, j=interpreted, Vv=VM code, C=native code)
V  [libjvm.dylib+0x504bdc]  jni_IsSameObject+0x3c
C  [JavaNativeFoundation+0x9612]  -[JNFWeakJObjectWrapper _getWithEnv:]+0x31
C  [JavaNativeFoundation+0x9426]  -[JNFJObjectWrapper jObjectWithEnv:]+0x16
C  [libawt_lwawt.dylib+0x1de31]  -[CGLLayer drawInCGLContext:pixelFormat:forLayerTime:displayTime:]+0xa1
C  [QuartzCore+0xc4d17]  _ZL17CAOpenGLLayerDrawP13CAOpenGLLayerdPK11CVTimeStampj+0x7e7
C  [QuartzCore+0xc4369]  -[CAOpenGLLayer _display]+0x244
C  [QuartzCore+0x24660]  _ZN2CA5Layer17display_if_neededEPNS_11TransactionE+0x36a
C  [QuartzCore+0x16473b]  _ZN2CA7Context18commit_transactionEPNS_11TransactionEdPd+0x205
C  [QuartzCore+0x5fd5]  _ZN2CA11Transaction6commitEv+0x30f
C  [QuartzCore+0x3dd9e]  _ZN2CA11Transaction17observer_callbackEP19__CFRunLoopObservermPv+0x6e
C  [CoreFoundation+0x80dad]  __CFRUNLOOP_IS_CALLING_OUT_TO_AN_OBSERVER_CALLBACK_FUNCTION__+0x17
C  [CoreFoundation+0x80c3d]  __CFRunLoopDoObservers+0x225
C  [CoreFoundation+0x80221]  __CFRunLoopRun+0x47a
C  [CoreFoundation+0x7f6ce]  CFRunLoopRunSpecific+0x233
C  [libjli.dylib+0x6e32]  CreateExecutionEnvironment+0x192
C  [libjli.dylib+0x2674]  JLI_Launch+0x614
C  [java+0xc0e]  main+0x19e
C  [libdyld.dylib+0x15621]  start+0x1


siginfo: si_signo: 11 (SIGSEGV), si_code: 1 (SEGV_MAPERR), si_addr: 0x0000000000000398

Registers:
RAX=0x000000000000dead, RBX=0x00007ff529066928, RCX=0x0000000110211e00, RDX=0x0000000000000000
RSP=0x00007ffeed68c7e0, RBP=0x00007ffeed68c810, RSI=0x00007ff5274e8cc9, RDI=0x00007ff529066600
R8 =0x0000000000000000, R9 =0x0000000000000546, R10=0x00007fff8d0c6d10, R11=0x00007fff6f6c9592
R12=0x00007ff529066928, R13=0x0000000000000000, R14=0x0000000000000000, R15=0x00007ff5274e8cc9
RIP=0x0000000106d04bdc, EFLAGS=0x0000000000010246, ERR=0x0000000000000006
  TRAPNO=0x000000000000000e

Top of Stack: (sp=0x00007ffeed68c7e0)
0x00007ffeed68c7e0:   00000001073cee70 00007ff529066928
0x00007ffeed68c7f0:   00007ff5259afe00 00007ff52c4204f0
0x00007ffeed68c800:   00007ff52c4133f0 00007ff5274e8cc9
0x00007ffeed68c810:   00007ffeed68c840 00007fff6f6c9612
0x00007ffeed68c820:   00007ff52c4133f0 00007ff529066928
0x00007ffeed68c830:   00007fff201f9d00 00007ff52c10b480
0x00007ffeed68c840:   00007ffeed68c860 00007fff6f6c9426
0x00007ffeed68c850:   00007ff52c4133f0 00007ff529066928
0x00007ffeed68c860:   00007ffeed68c8c0 000000012d600e31
0x00007ffeed68c870:   00007ff52c42d490 00007fff7c5a2b2e
0x00007ffeed68c880:   00007ff52c4204f0 0000000000000000
0x00007ffeed68c890:   40d694078acd4007 00007fff201f9d00
0x00007ffeed68c8a0:   00007ff52c42d490 00007ff52c4204f0
0x00007ffeed68c8b0:   00007ff52c4204f0 00007ff52b1063f0
0x00007ffeed68c8c0:   00007ffeed68c980 00007fff26caed17
0x00007ffeed68c8d0:   00007ff52c346af0 0000000000000000
0x00007ffeed68c8e0:   00007ff52c4204f0 0000000000000000
0x00007ffeed68c8f0:   000000042c4204f0 0000000000000000
0x00007ffeed68c900:   40d694078acd4007 0000000000000000
0x00007ffeed68c910:   0000000000000000 00007ff52553e6a0
0x00007ffeed68c920:   0000000000000004 0000000000000000
0x00007ffeed68c930:   0000000000000000 00007ffeed68c958
0x00007ffeed68c940:   00007ffe00000000 00007fff26c2f30b
0x00007ffeed68c950:   b50edee5cc270080 00007fff201f9d00
0x00007ffeed68c960:   0000000000000004 0000000000000000
0x00007ffeed68c970:   00007ff52c4204f0 00007fff7c5a2b2e
0x00007ffeed68c980:   00007ffeed68ca00 00007fff26cae369
0x00007ffeed68c990:   0000000000000000 4085180000000000
0x00007ffeed68c9a0:   4082c00000000000 4000000000000000
0x00007ffeed68c9b0:   0000000000000000 0000000000000000
0x00007ffeed68c9c0:   4082c00000000000 4085180000000000
0x00007ffeed68c9d0:   b50edee5cc270080 00007ffeed68cae0 

Instructions: (pc=0x0000000106d04bdc)
0x0000000106d04adc:   0e eb 14 48 8d 05 8a d6 73 00 83 38 00 74 e4 4c
0x0000000106d04aec:   89 e7 e8 dd 72 49 00 41 c7 84 24 98 03 00 00 06
0x0000000106d04afc:   00 00 00 4c 89 ff 4c 89 f6 90 0f 1f 40 00 4d 85
0x0000000106d04b0c:   f6 74 0b 31 f6 4c 89 f7 ff 15 d6 9c 6c 00 90 0f
0x0000000106d04b1c:   1f 40 00 49 8b 9c 24 f8 00 00 00 48 8b 43 10 48
0x0000000106d04b2c:   83 38 00 74 0c 48 89 df e8 a7 7f f4 ff 48 8b 43
0x0000000106d04b3c:   10 48 8b 4b 08 48 89 41 10 48 8b 43 08 48 8b 4b
0x0000000106d04b4c:   18 48 89 48 18 48 8b 43 08 48 8b 4b 20 48 89 48
0x0000000106d04b5c:   20 41 c7 84 24 98 03 00 00 07 00 00 00 f0 83 04
0x0000000106d04b6c:   24 00 49 8b 84 24 10 01 00 00 a8 08 74 08 4c 89
0x0000000106d04b7c:   e7 e8 3e 77 3b 00 41 c7 84 24 98 03 00 00 04 00
0x0000000106d04b8c:   00 00 5b 41 5c 41 5e 41 5f 5d c3 66 0f 1f 84 00
0x0000000106d04b9c:   00 00 00 00 55 48 89 e5 41 57 41 56 41 55 41 54
0x0000000106d04bac:   53 50 49 89 d6 49 89 f7 49 89 fc 4d 8d ac 24 d8
0x0000000106d04bbc:   fc ff ff b8 55 21 ff ff 41 03 84 24 88 00 00 00
0x0000000106d04bcc:   83 f8 02 72 0b 4c 89 ef e8 87 4e 49 00 45 31 ed
0x0000000106d04bdc:   41 c7 85 98 03 00 00 05 00 00 00 f0 83 04 24 00
0x0000000106d04bec:   49 8b 45 00 4c 89 ef ff 50 40 84 c0 74 1a 49 8b
0x0000000106d04bfc:   85 10 01 00 00 a8 08 75 1b 41 f7 85 e0 00 00 00
0x0000000106d04c0c:   04 00 00 20 75 0e eb 14 48 8d 05 55 d5 73 00 83
0x0000000106d04c1c:   38 00 74 e5 4c 89 ef e8 a8 71 49 00 41 c7 85 98
0x0000000106d04c2c:   03 00 00 06 00 00 00 4c 89 e7 4c 89 fe 4c 89 f2
0x0000000106d04c3c:   90 0f 1f 40 00 4d 85 ff 74 19 41 f6 c7 01 75 1f
0x0000000106d04c4c:   4c 89 ff ff 15 43 5c 6c 00 49 89 c7 4d 85 f6 75
0x0000000106d04c5c:   22 eb 08 45 31 ff 4d 85 f6 75 18 31 c0 eb 31 49
0x0000000106d04c6c:   ff cf 4c 89 ff ff 15 39 9e 6d 00 49 89 c7 4d 85
0x0000000106d04c7c:   f6 74 e8 41 f6 c6 01 75 0b 4c 89 f7 ff 15 0a 5c
0x0000000106d04c8c:   6c 00 eb 0c 49 ff ce 4c 89 f7 ff 15 14 9e 6d 00
0x0000000106d04c9c:   45 31 f6 49 39 c7 41 0f 94 c6 4c 89 f7 90 0f 1f
0x0000000106d04cac:   40 00 49 8b 9d f8 00 00 00 48 8b 43 10 48 83 38
0x0000000106d04cbc:   00 74 0c 48 89 df e8 19 7e f4 ff 48 8b 43 10 48
0x0000000106d04ccc:   8b 4b 08 48 89 41 10 48 8b 43 08 48 8b 4b 18 48 



---------------  P R O C E S S  ---------------

VM state: not at safepoint (normal execution)

VM Mutex/Monitor currently owned by a thread: None

Heap address: 0x0000000780000000, size: 2048 MB, Compressed Oops mode: Zero based, Oop shift amount: 3
CDS archive(s) mapped at: [0x0000000800000000-0x0000000800b2b000-0x0000000800b2b000), size 11710464, SharedBaseAddress: 0x0000000800000000, ArchiveRelocationMode: 0.
Compressed class space mapped at: 0x0000000800b2c000-0x0000000840b2c000, size: 1073741824
Narrow klass base: 0x0000000800000000, Narrow klass shift: 3, Narrow klass range: 0x100000000

GC Precious Log:
 CPUs: 8 total, 8 available
 Memory: 8192M
 Large Page Support: Disabled
 NUMA Support: Disabled
 Compressed Oops: Enabled (Zero based)
 Heap Region Size: 1M
 Heap Min Capacity: 8M
 Heap Initial Capacity: 128M
 Heap Max Capacity: 2G
 Pre-touch: Disabled
 Parallel Workers: 8
 Concurrent Workers: 2
 Concurrent Refinement Workers: 8
 Periodic GC: Disabled

Heap:
 garbage-first heap   total 133120K, used 14651K [0x0000000780000000, 0x0000000800000000)
  region size 1024K, 15 young (15360K), 3 survivors (3072K)
 Metaspace       used 16720K, capacity 16929K, committed 17152K, reserved 1064960K
  class space    used 2164K, capacity 2247K, committed 2304K, reserved 1048576K

Heap Regions: E=young(eden), S=young(survivor), O=old, HS=humongous(starts), HC=humongous(continues), CS=collection set, F=free, OA=open archive, CA=closed archive, TAMS=top-at-mark-start (previous, next)
|   0|0x0000000780000000, 0x0000000780000000, 0x0000000780100000|  0%| F|  |TAMS 0x0000000780000000, 0x0000000780000000| Untracked 
|   1|0x0000000780100000, 0x0000000780100000, 0x0000000780200000|  0%| F|  |TAMS 0x0000000780100000, 0x0000000780100000| Untracked 
|   2|0x0000000780200000, 0x0000000780200000, 0x0000000780300000|  0%| F|  |TAMS 0x0000000780200000, 0x0000000780200000| Untracked 
|   3|0x0000000780300000, 0x0000000780300000, 0x0000000780400000|  0%| F|  |TAMS 0x0000000780300000, 0x0000000780300000| Untracked 
|   4|0x0000000780400000, 0x0000000780400000, 0x0000000780500000|  0%| F|  |TAMS 0x0000000780400000, 0x0000000780400000| Untracked 
|   5|0x0000000780500000, 0x0000000780500000, 0x0000000780600000|  0%| F|  |TAMS 0x0000000780500000, 0x0000000780500000| Untracked 
|   6|0x0000000780600000, 0x0000000780600000, 0x0000000780700000|  0%| F|  |TAMS 0x0000000780600000, 0x0000000780600000| Untracked 
|   7|0x0000000780700000, 0x0000000780700000, 0x0000000780800000|  0%| F|  |TAMS 0x0000000780700000, 0x0000000780700000| Untracked 
|   8|0x0000000780800000, 0x0000000780800000, 0x0000000780900000|  0%| F|  |TAMS 0x0000000780800000, 0x0000000780800000| Untracked 
|   9|0x0000000780900000, 0x0000000780900000, 0x0000000780a00000|  0%| F|  |TAMS 0x0000000780900000, 0x0000000780900000| Untracked 
|  10|0x0000000780a00000, 0x0000000780a00000, 0x0000000780b00000|  0%| F|  |TAMS 0x0000000780a00000, 0x0000000780a00000| Untracked 
|  11|0x0000000780b00000, 0x0000000780b00000, 0x0000000780c00000|  0%| F|  |TAMS 0x0000000780b00000, 0x0000000780b00000| Untracked 
|  12|0x0000000780c00000, 0x0000000780c00000, 0x0000000780d00000|  0%| F|  |TAMS 0x0000000780c00000, 0x0000000780c00000| Untracked 
|  13|0x0000000780d00000, 0x0000000780d00000, 0x0000000780e00000|  0%| F|  |TAMS 0x0000000780d00000, 0x0000000780d00000| Untracked 
|  14|0x0000000780e00000, 0x0000000780e00000, 0x0000000780f00000|  0%| F|  |TAMS 0x0000000780e00000, 0x0000000780e00000| Untracked 
|  15|0x0000000780f00000, 0x0000000780f00000, 0x0000000781000000|  0%| F|  |TAMS 0x0000000780f00000, 0x0000000780f00000| Untracked 
|  16|0x0000000781000000, 0x0000000781000000, 0x0000000781100000|  0%| F|  |TAMS 0x0000000781000000, 0x0000000781000000| Untracked 
|  17|0x0000000781100000, 0x0000000781100000, 0x0000000781200000|  0%| F|  |TAMS 0x0000000781100000, 0x0000000781100000| Untracked 
|  18|0x0000000781200000, 0x0000000781200000, 0x0000000781300000|  0%| F|  |TAMS 0x0000000781200000, 0x0000000781200000| Untracked 
|  19|0x0000000781300000, 0x0000000781300000, 0x0000000781400000|  0%| F|  |TAMS 0x0000000781300000, 0x0000000781300000| Untracked 
|  20|0x0000000781400000, 0x0000000781400000, 0x0000000781500000|  0%| F|  |TAMS 0x0000000781400000, 0x0000000781400000| Untracked 
|  21|0x0000000781500000, 0x0000000781500000, 0x0000000781600000|  0%| F|  |TAMS 0x0000000781500000, 0x0000000781500000| Untracked 
|  22|0x0000000781600000, 0x0000000781600000, 0x0000000781700000|  0%| F|  |TAMS 0x0000000781600000, 0x0000000781600000| Untracked 
|  23|0x0000000781700000, 0x0000000781700000, 0x0000000781800000|  0%| F|  |TAMS 0x0000000781700000, 0x0000000781700000| Untracked 
|  24|0x0000000781800000, 0x0000000781800000, 0x0000000781900000|  0%| F|  |TAMS 0x0000000781800000, 0x0000000781800000| Untracked 
|  25|0x0000000781900000, 0x0000000781900000, 0x0000000781a00000|  0%| F|  |TAMS 0x0000000781900000, 0x0000000781900000| Untracked 
|  26|0x0000000781a00000, 0x0000000781a00000, 0x0000000781b00000|  0%| F|  |TAMS 0x0000000781a00000, 0x0000000781a00000| Untracked 
|  27|0x0000000781b00000, 0x0000000781b00000, 0x0000000781c00000|  0%| F|  |TAMS 0x0000000781b00000, 0x0000000781b00000| Untracked 
|  28|0x0000000781c00000, 0x0000000781c00000, 0x0000000781d00000|  0%| F|  |TAMS 0x0000000781c00000, 0x0000000781c00000| Untracked 
|  29|0x0000000781d00000, 0x0000000781d00000, 0x0000000781e00000|  0%| F|  |TAMS 0x0000000781d00000, 0x0000000781d00000| Untracked 
|  30|0x0000000781e00000, 0x0000000781e00000, 0x0000000781f00000|  0%| F|  |TAMS 0x0000000781e00000, 0x0000000781e00000| Untracked 
|  31|0x0000000781f00000, 0x0000000781f00000, 0x0000000782000000|  0%| F|  |TAMS 0x0000000781f00000, 0x0000000781f00000| Untracked 
|  32|0x0000000782000000, 0x0000000782000000, 0x0000000782100000|  0%| F|  |TAMS 0x0000000782000000, 0x0000000782000000| Untracked 
|  33|0x0000000782100000, 0x0000000782100000, 0x0000000782200000|  0%| F|  |TAMS 0x0000000782100000, 0x0000000782100000| Untracked 
|  34|0x0000000782200000, 0x0000000782200000, 0x0000000782300000|  0%| F|  |TAMS 0x0000000782200000, 0x0000000782200000| Untracked 
|  35|0x0000000782300000, 0x0000000782300000, 0x0000000782400000|  0%| F|  |TAMS 0x0000000782300000, 0x0000000782300000| Untracked 
|  36|0x0000000782400000, 0x0000000782400000, 0x0000000782500000|  0%| F|  |TAMS 0x0000000782400000, 0x0000000782400000| Untracked 
|  37|0x0000000782500000, 0x0000000782500000, 0x0000000782600000|  0%| F|  |TAMS 0x0000000782500000, 0x0000000782500000| Untracked 
|  38|0x0000000782600000, 0x0000000782600000, 0x0000000782700000|  0%| F|  |TAMS 0x0000000782600000, 0x0000000782600000| Untracked 
|  39|0x0000000782700000, 0x0000000782700000, 0x0000000782800000|  0%| F|  |TAMS 0x0000000782700000, 0x0000000782700000| Untracked 
|  40|0x0000000782800000, 0x0000000782800000, 0x0000000782900000|  0%| F|  |TAMS 0x0000000782800000, 0x0000000782800000| Untracked 
|  41|0x0000000782900000, 0x0000000782900000, 0x0000000782a00000|  0%| F|  |TAMS 0x0000000782900000, 0x0000000782900000| Untracked 
|  42|0x0000000782a00000, 0x0000000782a00000, 0x0000000782b00000|  0%| F|  |TAMS 0x0000000782a00000, 0x0000000782a00000| Untracked 
|  43|0x0000000782b00000, 0x0000000782b00000, 0x0000000782c00000|  0%| F|  |TAMS 0x0000000782b00000, 0x0000000782b00000| Untracked 
|  44|0x0000000782c00000, 0x0000000782c00000, 0x0000000782d00000|  0%| F|  |TAMS 0x0000000782c00000, 0x0000000782c00000| Untracked 
|  45|0x0000000782d00000, 0x0000000782d00000, 0x0000000782e00000|  0%| F|  |TAMS 0x0000000782d00000, 0x0000000782d00000| Untracked 
|  46|0x0000000782e00000, 0x0000000782e00000, 0x0000000782f00000|  0%| F|  |TAMS 0x0000000782e00000, 0x0000000782e00000| Untracked 
|  47|0x0000000782f00000, 0x0000000782f00000, 0x0000000783000000|  0%| F|  |TAMS 0x0000000782f00000, 0x0000000782f00000| Untracked 
|  48|0x0000000783000000, 0x0000000783000000, 0x0000000783100000|  0%| F|  |TAMS 0x0000000783000000, 0x0000000783000000| Untracked 
|  49|0x0000000783100000, 0x0000000783100000, 0x0000000783200000|  0%| F|  |TAMS 0x0000000783100000, 0x0000000783100000| Untracked 
|  50|0x0000000783200000, 0x0000000783200000, 0x0000000783300000|  0%| F|  |TAMS 0x0000000783200000, 0x0000000783200000| Untracked 
|  51|0x0000000783300000, 0x0000000783300000, 0x0000000783400000|  0%| F|  |TAMS 0x0000000783300000, 0x0000000783300000| Untracked 
|  52|0x0000000783400000, 0x0000000783400000, 0x0000000783500000|  0%| F|  |TAMS 0x0000000783400000, 0x0000000783400000| Untracked 
|  53|0x0000000783500000, 0x0000000783500000, 0x0000000783600000|  0%| F|  |TAMS 0x0000000783500000, 0x0000000783500000| Untracked 
|  54|0x0000000783600000, 0x0000000783600000, 0x0000000783700000|  0%| F|  |TAMS 0x0000000783600000, 0x0000000783600000| Untracked 
|  55|0x0000000783700000, 0x0000000783700000, 0x0000000783800000|  0%| F|  |TAMS 0x0000000783700000, 0x0000000783700000| Untracked 
|  56|0x0000000783800000, 0x0000000783800000, 0x0000000783900000|  0%| F|  |TAMS 0x0000000783800000, 0x0000000783800000| Untracked 
|  57|0x0000000783900000, 0x0000000783900000, 0x0000000783a00000|  0%| F|  |TAMS 0x0000000783900000, 0x0000000783900000| Untracked 
|  58|0x0000000783a00000, 0x0000000783a00000, 0x0000000783b00000|  0%| F|  |TAMS 0x0000000783a00000, 0x0000000783a00000| Untracked 
|  59|0x0000000783b00000, 0x0000000783b00000, 0x0000000783c00000|  0%| F|  |TAMS 0x0000000783b00000, 0x0000000783b00000| Untracked 
|  60|0x0000000783c00000, 0x0000000783c00000, 0x0000000783d00000|  0%| F|  |TAMS 0x0000000783c00000, 0x0000000783c00000| Untracked 
|  61|0x0000000783d00000, 0x0000000783d00000, 0x0000000783e00000|  0%| F|  |TAMS 0x0000000783d00000, 0x0000000783d00000| Untracked 
|  62|0x0000000783e00000, 0x0000000783e00000, 0x0000000783f00000|  0%| F|  |TAMS 0x0000000783e00000, 0x0000000783e00000| Untracked 
|  63|0x0000000783f00000, 0x0000000783f00000, 0x0000000784000000|  0%| F|  |TAMS 0x0000000783f00000, 0x0000000783f00000| Untracked 
|  64|0x0000000784000000, 0x0000000784000000, 0x0000000784100000|  0%| F|  |TAMS 0x0000000784000000, 0x0000000784000000| Untracked 
|  65|0x0000000784100000, 0x0000000784100000, 0x0000000784200000|  0%| F|  |TAMS 0x0000000784100000, 0x0000000784100000| Untracked 
|  66|0x0000000784200000, 0x0000000784200000, 0x0000000784300000|  0%| F|  |TAMS 0x0000000784200000, 0x0000000784200000| Untracked 
|  67|0x0000000784300000, 0x0000000784300000, 0x0000000784400000|  0%| F|  |TAMS 0x0000000784300000, 0x0000000784300000| Untracked 
|  68|0x0000000784400000, 0x0000000784400000, 0x0000000784500000|  0%| F|  |TAMS 0x0000000784400000, 0x0000000784400000| Untracked 
|  69|0x0000000784500000, 0x0000000784500000, 0x0000000784600000|  0%| F|  |TAMS 0x0000000784500000, 0x0000000784500000| Untracked 
|  70|0x0000000784600000, 0x0000000784600000, 0x0000000784700000|  0%| F|  |TAMS 0x0000000784600000, 0x0000000784600000| Untracked 
|  71|0x0000000784700000, 0x0000000784700000, 0x0000000784800000|  0%| F|  |TAMS 0x0000000784700000, 0x0000000784700000| Untracked 
|  72|0x0000000784800000, 0x0000000784800000, 0x0000000784900000|  0%| F|  |TAMS 0x0000000784800000, 0x0000000784800000| Untracked 
|  73|0x0000000784900000, 0x0000000784900000, 0x0000000784a00000|  0%| F|  |TAMS 0x0000000784900000, 0x0000000784900000| Untracked 
|  74|0x0000000784a00000, 0x0000000784a00000, 0x0000000784b00000|  0%| F|  |TAMS 0x0000000784a00000, 0x0000000784a00000| Untracked 
|  75|0x0000000784b00000, 0x0000000784b00000, 0x0000000784c00000|  0%| F|  |TAMS 0x0000000784b00000, 0x0000000784b00000| Untracked 
|  76|0x0000000784c00000, 0x0000000784c00000, 0x0000000784d00000|  0%| F|  |TAMS 0x0000000784c00000, 0x0000000784c00000| Untracked 
|  77|0x0000000784d00000, 0x0000000784d00000, 0x0000000784e00000|  0%| F|  |TAMS 0x0000000784d00000, 0x0000000784d00000| Untracked 
|  78|0x0000000784e00000, 0x0000000784e00000, 0x0000000784f00000|  0%| F|  |TAMS 0x0000000784e00000, 0x0000000784e00000| Untracked 
|  79|0x0000000784f00000, 0x0000000784f00000, 0x0000000785000000|  0%| F|  |TAMS 0x0000000784f00000, 0x0000000784f00000| Untracked 
|  80|0x0000000785000000, 0x0000000785000000, 0x0000000785100000|  0%| F|  |TAMS 0x0000000785000000, 0x0000000785000000| Untracked 
|  81|0x0000000785100000, 0x0000000785100000, 0x0000000785200000|  0%| F|  |TAMS 0x0000000785100000, 0x0000000785100000| Untracked 
|  82|0x0000000785200000, 0x0000000785200000, 0x0000000785300000|  0%| F|  |TAMS 0x0000000785200000, 0x0000000785200000| Untracked 
|  83|0x0000000785300000, 0x0000000785300000, 0x0000000785400000|  0%| F|  |TAMS 0x0000000785300000, 0x0000000785300000| Untracked 
|  84|0x0000000785400000, 0x0000000785400000, 0x0000000785500000|  0%| F|  |TAMS 0x0000000785400000, 0x0000000785400000| Untracked 
|  85|0x0000000785500000, 0x0000000785500000, 0x0000000785600000|  0%| F|  |TAMS 0x0000000785500000, 0x0000000785500000| Untracked 
|  86|0x0000000785600000, 0x0000000785600000, 0x0000000785700000|  0%| F|  |TAMS 0x0000000785600000, 0x0000000785600000| Untracked 
|  87|0x0000000785700000, 0x0000000785700000, 0x0000000785800000|  0%| F|  |TAMS 0x0000000785700000, 0x0000000785700000| Untracked 
|  88|0x0000000785800000, 0x0000000785800000, 0x0000000785900000|  0%| F|  |TAMS 0x0000000785800000, 0x0000000785800000| Untracked 
|  89|0x0000000785900000, 0x0000000785900000, 0x0000000785a00000|  0%| F|  |TAMS 0x0000000785900000, 0x0000000785900000| Untracked 
|  90|0x0000000785a00000, 0x0000000785a00000, 0x0000000785b00000|  0%| F|  |TAMS 0x0000000785a00000, 0x0000000785a00000| Untracked 
|  91|0x0000000785b00000, 0x0000000785b00000, 0x0000000785c00000|  0%| F|  |TAMS 0x0000000785b00000, 0x0000000785b00000| Untracked 
|  92|0x0000000785c00000, 0x0000000785c00000, 0x0000000785d00000|  0%| F|  |TAMS 0x0000000785c00000, 0x0000000785c00000| Untracked 
|  93|0x0000000785d00000, 0x0000000785d00000, 0x0000000785e00000|  0%| F|  |TAMS 0x0000000785d00000, 0x0000000785d00000| Untracked 
|  94|0x0000000785e00000, 0x0000000785e00000, 0x0000000785f00000|  0%| F|  |TAMS 0x0000000785e00000, 0x0000000785e00000| Untracked 
|  95|0x0000000785f00000, 0x0000000785f00000, 0x0000000786000000|  0%| F|  |TAMS 0x0000000785f00000, 0x0000000785f00000| Untracked 
|  96|0x0000000786000000, 0x0000000786000000, 0x0000000786100000|  0%| F|  |TAMS 0x0000000786000000, 0x0000000786000000| Untracked 
|  97|0x0000000786100000, 0x0000000786100000, 0x0000000786200000|  0%| F|  |TAMS 0x0000000786100000, 0x0000000786100000| Untracked 
|  98|0x0000000786200000, 0x0000000786200000, 0x0000000786300000|  0%| F|  |TAMS 0x0000000786200000, 0x0000000786200000| Untracked 
|  99|0x0000000786300000, 0x0000000786300000, 0x0000000786400000|  0%| F|  |TAMS 0x0000000786300000, 0x0000000786300000| Untracked 
| 100|0x0000000786400000, 0x0000000786400000, 0x0000000786500000|  0%| F|  |TAMS 0x0000000786400000, 0x0000000786400000| Untracked 
| 101|0x0000000786500000, 0x0000000786500000, 0x0000000786600000|  0%| F|  |TAMS 0x0000000786500000, 0x0000000786500000| Untracked 
| 102|0x0000000786600000, 0x0000000786684e00, 0x0000000786700000| 51%| S|CS|TAMS 0x0000000786600000, 0x0000000786600000| Complete 
| 103|0x0000000786700000, 0x0000000786800000, 0x0000000786800000|100%| S|CS|TAMS 0x0000000786700000, 0x0000000786700000| Complete 
| 104|0x0000000786800000, 0x0000000786900000, 0x0000000786900000|100%| S|CS|TAMS 0x0000000786800000, 0x0000000786800000| Complete 
| 105|0x0000000786900000, 0x0000000786900000, 0x0000000786a00000|  0%| F|  |TAMS 0x0000000786900000, 0x0000000786900000| Untracked 
| 106|0x0000000786a00000, 0x0000000786a00000, 0x0000000786b00000|  0%| F|  |TAMS 0x0000000786a00000, 0x0000000786a00000| Untracked 
| 107|0x0000000786b00000, 0x0000000786b00000, 0x0000000786c00000|  0%| F|  |TAMS 0x0000000786b00000, 0x0000000786b00000| Untracked 
| 108|0x0000000786c00000, 0x0000000786c00000, 0x0000000786d00000|  0%| F|  |TAMS 0x0000000786c00000, 0x0000000786c00000| Untracked 
| 109|0x0000000786d00000, 0x0000000786d00000, 0x0000000786e00000|  0%| F|  |TAMS 0x0000000786d00000, 0x0000000786d00000| Untracked 
| 110|0x0000000786e00000, 0x0000000786e00000, 0x0000000786f00000|  0%| F|  |TAMS 0x0000000786e00000, 0x0000000786e00000| Untracked 
| 111|0x0000000786f00000, 0x0000000786f00000, 0x0000000787000000|  0%| F|  |TAMS 0x0000000786f00000, 0x0000000786f00000| Untracked 
| 112|0x0000000787000000, 0x0000000787000000, 0x0000000787100000|  0%| F|  |TAMS 0x0000000787000000, 0x0000000787000000| Untracked 
| 113|0x0000000787100000, 0x0000000787100000, 0x0000000787200000|  0%| F|  |TAMS 0x0000000787100000, 0x0000000787100000| Untracked 
| 114|0x0000000787200000, 0x0000000787200000, 0x0000000787300000|  0%| F|  |TAMS 0x0000000787200000, 0x0000000787200000| Untracked 
| 115|0x0000000787300000, 0x0000000787300000, 0x0000000787400000|  0%| F|  |TAMS 0x0000000787300000, 0x0000000787300000| Untracked 
| 116|0x0000000787400000, 0x0000000787400800, 0x0000000787500000|  0%| E|  |TAMS 0x0000000787400000, 0x0000000787400000| Complete 
| 117|0x0000000787500000, 0x0000000787600000, 0x0000000787600000|100%| E|CS|TAMS 0x0000000787500000, 0x0000000787500000| Complete 
| 118|0x0000000787600000, 0x0000000787700000, 0x0000000787700000|100%| E|CS|TAMS 0x0000000787600000, 0x0000000787600000| Complete 
| 119|0x0000000787700000, 0x0000000787800000, 0x0000000787800000|100%| E|CS|TAMS 0x0000000787700000, 0x0000000787700000| Complete 
| 120|0x0000000787800000, 0x0000000787900000, 0x0000000787900000|100%| E|CS|TAMS 0x0000000787800000, 0x0000000787800000| Complete 
| 121|0x0000000787900000, 0x0000000787a00000, 0x0000000787a00000|100%| E|CS|TAMS 0x0000000787900000, 0x0000000787900000| Complete 
| 122|0x0000000787a00000, 0x0000000787b00000, 0x0000000787b00000|100%| E|CS|TAMS 0x0000000787a00000, 0x0000000787a00000| Complete 
| 123|0x0000000787b00000, 0x0000000787c00000, 0x0000000787c00000|100%| E|CS|TAMS 0x0000000787b00000, 0x0000000787b00000| Complete 
| 124|0x0000000787c00000, 0x0000000787d00000, 0x0000000787d00000|100%| E|CS|TAMS 0x0000000787c00000, 0x0000000787c00000| Complete 
| 125|0x0000000787d00000, 0x0000000787e00000, 0x0000000787e00000|100%| E|CS|TAMS 0x0000000787d00000, 0x0000000787d00000| Complete 
| 126|0x0000000787e00000, 0x0000000787f00000, 0x0000000787f00000|100%| E|CS|TAMS 0x0000000787e00000, 0x0000000787e00000| Complete 
| 127|0x0000000787f00000, 0x0000000788000000, 0x0000000788000000|100%| E|CS|TAMS 0x0000000787f00000, 0x0000000787f00000| Complete 
|1022|0x00000007bfe00000, 0x00000007bfe51000, 0x00000007bff00000| 31%|OA|  |TAMS 0x00000007bfe00000, 0x00000007bfe00000| Untracked 
|1023|0x00000007bff00000, 0x00000007bff79000, 0x00000007c0000000| 47%|CA|  |TAMS 0x00000007bff00000, 0x00000007bff00000| Untracked 

Card table byte_map: [0x000000011f252000,0x000000011f652000] _byte_map_base: 0x000000011b652000

Marking Bits (Prev, Next): (CMBitMap*) 0x00007ff527821c10, (CMBitMap*) 0x00007ff527821c50
 Prev Bits: [0x000000011fa52000, 0x0000000121a52000)
 Next Bits: [0x0000000121a52000, 0x0000000123a52000)

Polling page: 0x00000001025b1000

Metaspace:

Usage:
  Non-class:     14.34 MB capacity,    14.21 MB (>99%) used,   104.50 KB ( <1%) free+waste,    22.12 KB ( <1%) overhead. 
      Class:      2.19 MB capacity,     2.11 MB ( 96%) used,    72.82 KB (  3%) free+waste,     9.38 KB ( <1%) overhead. 
       Both:     16.53 MB capacity,    16.33 MB ( 99%) used,   177.32 KB (  1%) free+waste,    31.50 KB ( <1%) overhead. 

Virtual space:
  Non-class space:       16.00 MB reserved,      14.50 MB ( 91%) committed 
      Class space:        1.00 GB reserved,       2.25 MB ( <1%) committed 
             Both:        1.02 GB reserved,      16.75 MB (  2%) committed 

Chunk freelists:
   Non-Class:  134.00 KB
       Class:  9.00 KB
        Both:  143.00 KB

MaxMetaspaceSize: 17179869184.00 GB
CompressedClassSpaceSize: 1.00 GB

CodeHeap 'non-profiled nmethods': size=120028Kb used=482Kb max_used=482Kb free=119545Kb
 bounds [0x0000000117d1b000, 0x0000000117f8b000, 0x000000011f252000]
CodeHeap 'profiled nmethods': size=120028Kb used=2509Kb max_used=2509Kb free=117518Kb
 bounds [0x00000001107e4000, 0x0000000110a64000, 0x0000000117d1b000]
CodeHeap 'non-nmethods': size=5704Kb used=1496Kb max_used=1510Kb free=4207Kb
 bounds [0x0000000110252000, 0x00000001104c2000, 0x00000001107e4000]
 total_blobs=2430 nmethods=1580 adapters=763
 compilation: enabled
              stopped_count=0, restarted_count=0
 full_count=0

Compilation events (20 events):
Event: 4.227 Thread 0x00007ff52900d600 nmethod 1560 0x0000000110a4c890 code [0x0000000110a4cac0, 0x0000000110a4d490]
Event: 4.227 Thread 0x00007ff52900d600 1561       3       javax.swing.ArrayTable::containsKey (75 bytes)
Event: 4.228 Thread 0x00007ff52900d600 nmethod 1561 0x0000000110a4d710 code [0x0000000110a4d900, 0x0000000110a4e0f0]
Event: 4.228 Thread 0x00007ff52900d600 1562       3       java.lang.Boolean::equals (29 bytes)
Event: 4.228 Thread 0x00007ff52900d600 nmethod 1562 0x0000000110a4e310 code [0x0000000110a4e4c0, 0x0000000110a4e890]
Event: 4.243 Thread 0x00007ff52900d600 1563       3       jdk.internal.org.objectweb.asm.ClassWriter::visitField (53 bytes)
Event: 4.243 Thread 0x00007ff52900d600 nmethod 1563 0x0000000110a4e990 code [0x0000000110a4eb40, 0x0000000110a4eea0]
Event: 4.243 Thread 0x00007ff52900d600 1564       3       jdk.internal.org.objectweb.asm.FieldWriter::<init> (69 bytes)
Event: 4.243 Thread 0x00007ff52900d600 nmethod 1564 0x0000000110a4f010 code [0x0000000110a4f200, 0x0000000110a4f5c0]
Event: 4.254 Thread 0x00007ff52900d600 1565   !   3       java.lang.invoke.MethodHandles$Lookup::canBeCached (150 bytes)
Event: 4.256 Thread 0x00007ff52900d600 nmethod 1565 0x0000000110a4f790 code [0x0000000110a4fbc0, 0x0000000110a51e80]
Event: 4.256 Thread 0x00007ff52900d600 1567       3       java.awt.Rectangle::isEmpty (20 bytes)
Event: 4.256 Thread 0x00007ff52900d600 nmethod 1567 0x0000000110a52a10 code [0x0000000110a52ba0, 0x0000000110a52d30]
Event: 4.256 Thread 0x00007ff52900d600 1568       1       javax.swing.JComponent::isPaintingOrigin (2 bytes)
Event: 4.256 Thread 0x00007ff52900d600 nmethod 1568 0x0000000117d92690 code [0x0000000117d92820, 0x0000000117d928d0]
Event: 4.256 Thread 0x00007ff52900d600 1566   !   3       java.awt.EventQueue::postEventPrivate (104 bytes)
Event: 4.257 Thread 0x00007ff52900d600 nmethod 1566 0x0000000110a52d90 code [0x0000000110a52fc0, 0x0000000110a537e0]
Event: 4.257 Thread 0x00007ff52900d600 1570       3       java.awt.geom.AffineTransform::transform (635 bytes)
Event: 4.258 Thread 0x00007ff52900d600 nmethod 1570 0x0000000110a53b10 code [0x0000000110a53dc0, 0x0000000110a54fe0]
Event: 4.258 Thread 0x00007ff52900d600 1573       3       jdk.internal.org.objectweb.asm.ClassWriter::visit (160 bytes)

GC Heap History (2 events):
Event: 0.635 GC heap before
{Heap before GC invocations=0 (full 0):
 garbage-first heap   total 133120K, used 23336K [0x0000000780000000, 0x0000000800000000)
  region size 1024K, 23 young (23552K), 0 survivors (0K)
 Metaspace       used 6577K, capacity 9380K, committed 9728K, reserved 1058816K
  class space    used 882K, capacity 1143K, committed 1280K, reserved 1048576K
}
Event: 0.639 GC heap after
{Heap after GC invocations=1 (full 0):
 garbage-first heap   total 133120K, used 3387K [0x0000000780000000, 0x0000000800000000)
  region size 1024K, 3 young (3072K), 3 survivors (3072K)
 Metaspace       used 6577K, capacity 9380K, committed 9728K, reserved 1058816K
  class space    used 882K, capacity 1143K, committed 1280K, reserved 1048576K
}

Deoptimization events (20 events):
Event: 0.894 Thread 0x00007ff529066600 Uncommon trap: trap_request=0xffffff45 fr.pc=0x0000000117d6b42c relative=0x000000000000032c
Event: 0.894 Thread 0x00007ff529066600 Uncommon trap: reason=unstable_if action=reinterpret pc=0x0000000117d6b42c method=java.lang.StringUTF16.compress([CI[BII)I @ 20 c2
Event: 0.894 Thread 0x00007ff529066600 DEOPT PACKING pc=0x0000000117d6b42c sp=0x00007ffeed68a350
Event: 0.894 Thread 0x00007ff529066600 DEOPT UNPACKING pc=0x00000001102a0125 sp=0x00007ffeed68a2f0 mode 2
Event: 1.589 Thread 0x00007ff529066600 Uncommon trap: trap_request=0xffffffde fr.pc=0x0000000117d33c24 relative=0x00000000000001a4
Event: 1.589 Thread 0x00007ff529066600 Uncommon trap: reason=class_check action=maybe_recompile pc=0x0000000117d33c24 method=java.lang.String.equals(Ljava/lang/Object;)Z @ 8 c2
Event: 1.589 Thread 0x00007ff529066600 DEOPT PACKING pc=0x0000000117d33c24 sp=0x00007ffeed68b2b0
Event: 1.589 Thread 0x00007ff529066600 DEOPT UNPACKING pc=0x00000001102a0125 sp=0x00007ffeed68b268 mode 2
Event: 1.589 Thread 0x00007ff529066600 Uncommon trap: trap_request=0xffffffde fr.pc=0x0000000117d33c24 relative=0x00000000000001a4
Event: 1.589 Thread 0x00007ff529066600 Uncommon trap: reason=class_check action=maybe_recompile pc=0x0000000117d33c24 method=java.lang.String.equals(Ljava/lang/Object;)Z @ 8 c2
Event: 1.589 Thread 0x00007ff529066600 DEOPT PACKING pc=0x0000000117d33c24 sp=0x00007ffeed68b2b0
Event: 1.589 Thread 0x00007ff529066600 DEOPT UNPACKING pc=0x00000001102a0125 sp=0x00007ffeed68b268 mode 2
Event: 1.649 Thread 0x00007ff527a1b200 Uncommon trap: trap_request=0xffffffde fr.pc=0x0000000117d33c24 relative=0x00000000000001a4
Event: 1.649 Thread 0x00007ff527a1b200 Uncommon trap: reason=class_check action=maybe_recompile pc=0x0000000117d33c24 method=java.lang.String.equals(Ljava/lang/Object;)Z @ 8 c2
Event: 1.649 Thread 0x00007ff527a1b200 DEOPT PACKING pc=0x0000000117d33c24 sp=0x00007000100cb5b0
Event: 1.649 Thread 0x00007ff527a1b200 DEOPT UNPACKING pc=0x00000001102a0125 sp=0x00007000100cb568 mode 2
Event: 1.650 Thread 0x00007ff527a1b200 Uncommon trap: trap_request=0xffffffde fr.pc=0x0000000117d33c24 relative=0x00000000000001a4
Event: 1.650 Thread 0x00007ff527a1b200 Uncommon trap: reason=class_check action=maybe_recompile pc=0x0000000117d33c24 method=java.lang.String.equals(Ljava/lang/Object;)Z @ 8 c2
Event: 1.650 Thread 0x00007ff527a1b200 DEOPT PACKING pc=0x0000000117d33c24 sp=0x00007000100cb5b0
Event: 1.650 Thread 0x00007ff527a1b200 DEOPT UNPACKING pc=0x00000001102a0125 sp=0x00007000100cb568 mode 2

Classes unloaded (0 events):
No events

Classes redefined (0 events):
No events

Internal exceptions (20 events):
Event: 0.560 Thread 0x00007ff529066600 Exception <a 'java/lang/NoSuchMethodError'{0x0000000786d11bc8}: 'void java.lang.invoke.DirectMethodHandle$Holder.invokeSpecial(java.lang.Object, java.lang.Object, java.lang.Object, java.lang.Object, java.lang.Object)'> (0x0000000786d11bc8) 
thrown [./open/src/hotspot/share/interpreter/linkResolver.cpp, line 782]
Event: 0.710 Thread 0x00007ff529066600 Exception <a 'java/lang/NoSuchMethodError'{0x0000000787ebeb48}: 'java.lang.Object java.lang.invoke.DirectMethodHandle$Holder.newInvokeSpecial(java.lang.Object, java.lang.Object, int)'> (0x0000000787ebeb48) 
thrown [./open/src/hotspot/share/interpreter/linkResolver.cpp, line 782]
Event: 0.723 Thread 0x00007ff529066600 Exception <a 'java/lang/ClassNotFoundException'{0x0000000787edb3c8}: sun/awt/resources/spi/awtProvider> (0x0000000787edb3c8) 
thrown [./open/src/hotspot/share/classfile/systemDictionary.cpp, line 295]
Event: 0.733 Thread 0x00007ff529066600 Exception <a 'java/io/FileNotFoundException'{0x0000000787ee5ab8}> (0x0000000787ee5ab8) 
thrown [./open/src/hotspot/share/prims/jni.cpp, line 578]
Event: 0.733 Thread 0x00007ff529066600 Exception <a 'java/io/FileNotFoundException'{0x0000000787ee6f50}> (0x0000000787ee6f50) 
thrown [./open/src/hotspot/share/prims/jni.cpp, line 578]
Event: 0.741 Thread 0x00007ff529066600 Exception <a 'java/lang/ClassNotFoundException'{0x0000000787efc160}: sun/awt/resources/spi/awtosxProvider> (0x0000000787efc160) 
thrown [./open/src/hotspot/share/classfile/systemDictionary.cpp, line 295]
Event: 0.800 Thread 0x00007ff529066600 Exception <a 'java/lang/NoSuchMethodError'{0x0000000787c16c08}: 'java.lang.Object java.lang.invoke.DirectMethodHandle$Holder.invokeStatic(java.lang.Object, int, java.lang.Object, java.lang.Object, java.lang.Object, java.lang.Object)'> (0x0000000787c16c08) 
thrown [./open/src/hotspot/share/interpreter/linkResolver.cpp, line 782]
Event: 0.802 Thread 0x00007ff529066600 Exception <a 'java/lang/NoSuchMethodError'{0x0000000787c3cec8}: 'java.lang.Object java.lang.invoke.DirectMethodHandle$Holder.invokeStatic(java.lang.Object, int, java.lang.Object)'> (0x0000000787c3cec8) 
thrown [./open/src/hotspot/share/interpreter/linkResolver.cpp, line 782]
Event: 0.805 Thread 0x00007ff529066600 Exception <a 'java/lang/ClassNotFoundException'{0x0000000787c6d6d8}: com/apple/laf/resources/spi/aquaProvider> (0x0000000787c6d6d8) 
thrown [./open/src/hotspot/share/classfile/systemDictionary.cpp, line 295]
Event: 0.821 Thread 0x00007ff529066600 Exception <a 'java/lang/ClassNotFoundException'{0x0000000787cdcb78}: com/sun/swing/internal/plaf/basic/resources/spi/basicProvider> (0x0000000787cdcb78) 
thrown [./open/src/hotspot/share/classfile/systemDictionary.cpp, line 295]
Event: 0.826 Thread 0x00007ff529066600 Implicit null exception at 0x0000000117d5d8e0 to 0x0000000117d5d976
Event: 1.573 Thread 0x00007ff529066600 Exception <a 'java/lang/NoSuchMethodError'{0x00000007879bffa8}: 'java.lang.Object java.lang.invoke.DirectMethodHandle$Holder.newInvokeSpecial(java.lang.Object, java.lang.Object, java.lang.Object, int, java.lang.Object)'> (0x00000007879bffa8) 
thrown [./open/src/hotspot/share/interpreter/linkResolver.cpp, line 782]
Event: 1.580 Thread 0x00007ff529066600 Exception <a 'java/lang/NoSuchMethodError'{0x00000007879cbd70}: 'void java.lang.invoke.DirectMethodHandle$Holder.invokeStatic(java.lang.Object, int, long)'> (0x00000007879cbd70) 
thrown [./open/src/hotspot/share/interpreter/linkResolver.cpp, line 782]
Event: 1.582 Thread 0x00007ff527a1b200 Exception <a 'java/lang/NoSuchMethodError'{0x0000000787982490}: 'void java.lang.invoke.DirectMethodHandle$Holder.invokeStatic(java.lang.Object, long)'> (0x0000000787982490) 
thrown [./open/src/hotspot/share/interpreter/linkResolver.cpp, line 782]
Event: 1.583 Thread 0x00007ff529066600 Exception <a 'java/lang/NoSuchMethodError'{0x00000007879e4b58}: 'java.lang.Object java.lang.invoke.Invokers$Holder.linkToTargetMethod(int, int, int, int, java.lang.Object)'> (0x00000007879e4b58) 
thrown [./open/src/hotspot/share/interpreter/linkResolver.cpp, line 782]
Event: 1.583 Thread 0x00007ff529066600 Exception <a 'java/lang/NoSuchMethodError'{0x00000007879e8708}: 'void java.lang.invoke.DirectMethodHandle$Holder.invokeStatic(java.lang.Object, java.lang.Object, long)'> (0x00000007879e8708) 
thrown [./open/src/hotspot/share/interpreter/linkResolver.cpp, line 782]
Event: 1.592 Thread 0x00007ff529066600 Exception <a 'java/lang/NoSuchMethodError'{0x0000000787807d60}: 'void java.lang.invoke.DirectMethodHandle$Holder.invokeSpecial(java.lang.Object, java.lang.Object, long)'> (0x0000000787807d60) 
thrown [./open/src/hotspot/share/interpreter/linkResolver.cpp, line 782]
Event: 1.592 Thread 0x00007ff529066600 Exception <a 'java/lang/NoSuchMethodError'{0x000000078780dc78}: 'void java.lang.invoke.DirectMethodHandle$Holder.invokeStatic(java.lang.Object, long, long)'> (0x000000078780dc78) 
thrown [./open/src/hotspot/share/interpreter/linkResolver.cpp, line 782]
Event: 1.592 Thread 0x00007ff529066600 Exception <a 'java/lang/NoSuchMethodError'{0x00000007878137d8}: 'java.lang.Object java.lang.invoke.DirectMethodHandle$Holder.newInvokeSpecial(java.lang.Object, long)'> (0x00000007878137d8) 
thrown [./open/src/hotspot/share/interpreter/linkResolver.cpp, line 782]
Event: 1.688 Thread 0x00007ff5268c5000 Exception <a 'java/lang/NoSuchMethodError'{0x0000000787780218}: 'int java.lang.invoke.DirectMethodHandle$Holder.invokeStaticInit(java.lang.Object, java.lang.Object)'> (0x0000000787780218) 
thrown [./open/src/hotspot/share/interpreter/linkResolver.cpp, line 782]

Events (20 events):
Event: 2.627 loading class java/awt/Container$MouseEventTargetFilter
Event: 2.627 loading class java/awt/Container$EventTargetFilter
Event: 2.627 loading class java/awt/Container$EventTargetFilter done
Event: 2.627 loading class java/awt/Container$MouseEventTargetFilter done
Event: 2.627 loading class java/awt/LightweightDispatcher$1
Event: 2.627 loading class java/awt/LightweightDispatcher$1 done
Event: 2.628 loading class sun/lwawt/macosx/CCustomCursor
Event: 2.628 loading class sun/lwawt/macosx/CCustomCursor done
Event: 2.951 loading class java/awt/LightweightDispatcher$2
Event: 2.951 loading class java/awt/LightweightDispatcher$2 done
Event: 4.257 Protecting memory [0x000070000f323000,0x000070000f327000] with protection modes 3
Event: 4.257 Thread 0x00007ff5268c5000 Thread exited: 0x00007ff5268c5000
Event: 4.257 Protecting memory [0x000070000f6b2000,0x000070000f6b6000] with protection modes 3
Event: 4.257 Thread 0x00007ff526018a00 Thread exited: 0x00007ff526018a00
Event: 4.257 Protecting memory [0x00007ffeece91000,0x00007ffeece95000] with protection modes 3
Event: 4.257 Thread 0x00007ff529066600 Thread exited: 0x00007ff529066600
Event: 4.257 Protecting memory [0x000070000e0ea000,0x000070000e0ee000] with protection modes 3
Event: 4.257 Thread 0x00007ff52680ae00 Thread exited: 0x00007ff52680ae00
Event: 4.257 Protecting memory [0x000070000e0ea000,0x000070000e0ee000] with protection modes 0
Event: 4.257 Thread 0x00007ff525a27200 Thread added: 0x00007ff525a27200


Dynamic libraries:
0x00007fff2a491000 	/usr/lib/libz.1.dylib
0x0000000102576000 	/Users/woxdak/Library/Java/JavaVirtualMachines/openjdk-15.0.1/Contents/Home/lib/libjli.dylib
0x00007fff34fcf000 	/System/Library/Frameworks/Cocoa.framework/Versions/A/Cocoa
0x00007fff2220c000 	/System/Library/Frameworks/Security.framework/Versions/A/Security
0x00007fff331ce000 	/System/Library/Frameworks/ApplicationServices.framework/Versions/A/ApplicationServices
0x00007fff2a559000 	/usr/lib/libSystem.B.dylib
0x00007fff2a553000 	/usr/lib/system/libcache.dylib
0x00007fff2a50f000 	/usr/lib/system/libcommonCrypto.dylib
0x00007fff2a539000 	/usr/lib/system/libcompiler_rt.dylib
0x00007fff2a52e000 	/usr/lib/system/libcopyfile.dylib
0x00007fff200e3000 	/usr/lib/system/libcorecrypto.dylib
0x00007fff201af000 	/usr/lib/system/libdispatch.dylib
0x00007fff20363000 	/usr/lib/system/libdyld.dylib
0x00007fff2a54a000 	/usr/lib/system/libkeymgr.dylib
0x00007fff2d98c000 	/usr/lib/system/liblaunch.dylib
0x00007fff2a4ed000 	/usr/lib/system/libmacho.dylib
0x00007fff29d08000 	/usr/lib/system/libquarantine.dylib
0x00007fff2a547000 	/usr/lib/system/libremovefile.dylib
0x00007fff24ba1000 	/usr/lib/system/libsystem_asl.dylib
0x00007fff20093000 	/usr/lib/system/libsystem_blocks.dylib
0x00007fff20230000 	/usr/lib/system/libsystem_c.dylib
0x00007fff2a541000 	/usr/lib/system/libsystem_collections.dylib
0x00007fff28ffd000 	/usr/lib/system/libsystem_configuration.dylib
0x00007fff282f1000 	/usr/lib/system/libsystem_containermanager.dylib
0x00007fff2a289000 	/usr/lib/system/libsystem_coreservices.dylib
0x00007fff227c0000 	/usr/lib/system/libsystem_darwin.dylib
0x00007fff2a54b000 	/usr/lib/system/libsystem_dnssd.dylib
0x00007fff2022d000 	/usr/lib/system/libsystem_featureflags.dylib
0x00007fff203a8000 	/usr/lib/system/libsystem_info.dylib
0x00007fff2a4a4000 	/usr/lib/system/libsystem_m.dylib
0x00007fff20182000 	/usr/lib/system/libsystem_malloc.dylib
0x00007fff24b35000 	/usr/lib/system/libsystem_networkextension.dylib
0x00007fff22bda000 	/usr/lib/system/libsystem_notify.dylib
0x00007fff2fe39000 	/usr/lib/system/libsystem_product_info_filter.dylib
0x00007fff29001000 	/usr/lib/system/libsystem_sandbox.dylib
0x00007fff2a544000 	/usr/lib/system/libsystem_secinit.dylib
0x00007fff20328000 	/usr/lib/system/libsystem_kernel.dylib
0x00007fff2039e000 	/usr/lib/system/libsystem_platform.dylib
0x00007fff20357000 	/usr/lib/system/libsystem_pthread.dylib
0x00007fff2629f000 	/usr/lib/system/libsystem_symptoms.dylib
0x00007fff200cb000 	/usr/lib/system/libsystem_trace.dylib
0x00007fff2a51b000 	/usr/lib/system/libunwind.dylib
0x00007fff20095000 	/usr/lib/system/libxpc.dylib
0x00007fff2030f000 	/usr/lib/libc++abi.dylib
0x00007fff201f4000 	/usr/lib/libobjc.A.dylib
0x00007fff2a526000 	/usr/lib/liboah.dylib
0x00007fff202b9000 	/usr/lib/libc++.1.dylib
0x00007fff203d4000 	/System/Library/Frameworks/CoreFoundation.framework/Versions/A/CoreFoundation
0x00007fff21181000 	/System/Library/Frameworks/Foundation.framework/Versions/C/Foundation
0x00007fff22c32000 	/System/Library/Frameworks/AppKit.framework/Versions/C/AppKit
0x00007fff25ac8000 	/System/Library/Frameworks/CoreData.framework/Versions/A/CoreData
0x00007fff23995000 	/System/Library/PrivateFrameworks/UIFoundation.framework/Versions/A/UIFoundation
0x00007fff2fbb2000 	/System/Library/PrivateFrameworks/RemoteViewServices.framework/Versions/A/RemoteViewServices
0x00007fff289bb000 	/System/Library/PrivateFrameworks/XCTTargetBootstrap.framework/Versions/A/XCTTargetBootstrap
0x00007fff2b698000 	/usr/lib/libspindump.dylib
0x00007fff23be9000 	/System/Library/Frameworks/UniformTypeIdentifiers.framework/Versions/A/UniformTypeIdentifiers
0x00007fff27192000 	/usr/lib/libapp_launch_measurement.dylib
0x00007fff27195000 	/System/Library/PrivateFrameworks/CoreAutoLayout.framework/Versions/A/CoreAutoLayout
0x00007fff2831d000 	/System/Library/Frameworks/Metal.framework/Versions/A/Metal
0x00007fff2900c000 	/usr/lib/liblangid.dylib
0x00007fff289bf000 	/System/Library/PrivateFrameworks/CoreSVG.framework/Versions/A/CoreSVG
0x00007fff24bd0000 	/System/Library/PrivateFrameworks/SkyLight.framework/Versions/A/SkyLight
0x00007fff24f36000 	/System/Library/Frameworks/CoreGraphics.framework/Versions/A/CoreGraphics
0x00007fff30209000 	/System/Library/Frameworks/Accelerate.framework/Versions/A/Accelerate
0x00007fff2b0d3000 	/System/Library/PrivateFrameworks/IconServices.framework/Versions/A/IconServices
0x00007fff28302000 	/System/Library/Frameworks/IOSurface.framework/Versions/A/IOSurface
0x00007fff26451000 	/usr/lib/libDiagnosticMessagesClient.dylib
0x00007fff289a7000 	/System/Library/PrivateFrameworks/DFRFoundation.framework/Versions/A/DFRFoundation
0x00007fff2255e000 	/usr/lib/libicucore.A.dylib
0x00007fff2cbda000 	/System/Library/Frameworks/AudioToolbox.framework/Versions/A/AudioToolbox
0x00007fff2be80000 	/System/Library/PrivateFrameworks/DataDetectorsCore.framework/Versions/A/DataDetectorsCore
0x00007fff286a7000 	/System/Library/Frameworks/Carbon.framework/Versions/A/Frameworks/HIToolbox.framework/Versions/A/HIToolbox
0x00007fff26bea000 	/System/Library/Frameworks/QuartzCore.framework/Versions/A/QuartzCore
0x00007fff2fbee000 	/System/Library/Frameworks/Carbon.framework/Versions/A/Frameworks/SpeechRecognition.framework/Versions/A/SpeechRecognition
0x00007fff26efa000 	/System/Library/PrivateFrameworks/CoreUI.framework/Versions/A/CoreUI
0x00007fff21b68000 	/System/Library/Frameworks/CoreAudio.framework/Versions/A/CoreAudio
0x00007fff2653c000 	/System/Library/Frameworks/DiskArbitration.framework/Versions/A/DiskArbitration
0x00007fff2ba93000 	/System/Library/PrivateFrameworks/MultitouchSupport.framework/Versions/A/MultitouchSupport
0x00007fff2be77000 	/System/Library/PrivateFrameworks/InternationalSupport.framework/Versions/A/InternationalSupport
0x00007fff24b44000 	/usr/lib/libenergytrace.dylib
0x00007fff22b2c000 	/System/Library/Frameworks/IOKit.framework/Versions/A/IOKit
0x00007fff2ff3b000 	/System/Library/Frameworks/CoreServices.framework/Versions/A/CoreServices
0x00007fff27128000 	/System/Library/PrivateFrameworks/PerformanceAnalysis.framework/Versions/A/PerformanceAnalysis
0x00007fff6c838000 	/System/Library/Frameworks/OpenGL.framework/Versions/A/OpenGL
0x00007fff2befc000 	/System/Library/PrivateFrameworks/UserActivity.framework/Versions/A/UserActivity
0x00007fff255ca000 	/System/Library/Frameworks/ColorSync.framework/Versions/A/ColorSync
0x00007fff28c23000 	/System/Library/Frameworks/CoreImage.framework/Versions/A/CoreImage
0x00007fff2197f000 	/System/Library/Frameworks/CoreText.framework/Versions/A/CoreText
0x00007fff289e9000 	/System/Library/Frameworks/ImageIO.framework/Versions/A/ImageIO
0x00007fff2a55f000 	/System/Library/PrivateFrameworks/SoftLinking.framework/Versions/A/SoftLinking
0x00007fff271de000 	/usr/lib/libxml2.2.dylib
0x00007fff2a7d1000 	/usr/lib/libcompression.dylib
0x00007fff24b45000 	/usr/lib/libMobileGestalt.dylib
0x00007fff2bdaa000 	/System/Library/PrivateFrameworks/TextureIO.framework/Versions/A/TextureIO
0x00007fff2adf6000 	/usr/lib/libate.dylib
0x00007fff2abdc000 	/usr/lib/liblzma.5.dylib
0x00007fff20e95000 	/System/Library/Frameworks/SystemConfiguration.framework/Versions/A/SystemConfiguration
0x00007fff2a55b000 	/usr/lib/libfakelink.dylib
0x00007fff24697000 	/System/Library/Frameworks/CFNetwork.framework/Versions/A/CFNetwork
0x00007fff2a69b000 	/usr/lib/libarchive.2.dylib
0x00007fff20f13000 	/usr/lib/libCRFSuite.dylib
0x00007fff29d2f000 	/usr/lib/libbsm.0.dylib
0x00007fff24053000 	/usr/lib/libnetwork.dylib
0x00007fff2a560000 	/usr/lib/libpcap.A.dylib
0x00007fff26298000 	/usr/lib/libdns_services.dylib
0x00007fff2abf5000 	/usr/lib/libcoretls_cfhelpers.dylib
0x00007fff2a79f000 	/usr/lib/libapple_nghttp2.dylib
0x00007fff2a4f3000 	/usr/lib/system/libkxld.dylib
0x00007fff25efe000 	/usr/lib/libsqlite3.dylib
0x00007fff2a26b000 	/System/Library/PrivateFrameworks/AppleFSCompression.framework/Versions/A/AppleFSCompression
0x00007fff29d17000 	/usr/lib/libcoretls.dylib
0x00007fff2a7cc000 	/usr/lib/libpam.2.dylib
0x00007fff2acf1000 	/usr/lib/libxar.1.dylib
0x00007fff29008000 	/System/Library/PrivateFrameworks/AppleSystemInfo.framework/Versions/A/AppleSystemInfo
0x00007fff2995a000 	/System/Library/PrivateFrameworks/IOMobileFramebuffer.framework/Versions/A/IOMobileFramebuffer
0x00007fff2a27b000 	/usr/lib/libbz2.1.0.dylib
0x00007fff2a598000 	/usr/lib/libiconv.2.dylib
0x00007fff2a4ec000 	/usr/lib/libcharset.1.dylib
0x00007fff27164000 	/System/Library/Frameworks/CoreServices.framework/Versions/A/Frameworks/FSEvents.framework/Versions/A/FSEvents
0x00007fff227ca000 	/System/Library/Frameworks/CoreServices.framework/Versions/A/Frameworks/CarbonCore.framework/Versions/A/CarbonCore
0x00007fff264a1000 	/System/Library/Frameworks/CoreServices.framework/Versions/A/Frameworks/Metadata.framework/Versions/A/Metadata
0x00007fff2a28e000 	/System/Library/Frameworks/CoreServices.framework/Versions/A/Frameworks/OSServices.framework/Versions/A/OSServices
0x00007fff2a70d000 	/System/Library/Frameworks/CoreServices.framework/Versions/A/Frameworks/SearchKit.framework/Versions/A/SearchKit
0x00007fff26222000 	/System/Library/Frameworks/CoreServices.framework/Versions/A/Frameworks/AE.framework/Versions/A/AE
0x00007fff20870000 	/System/Library/Frameworks/CoreServices.framework/Versions/A/Frameworks/LaunchServices.framework/Versions/A/LaunchServices
0x00007fff2ab8d000 	/System/Library/Frameworks/CoreServices.framework/Versions/A/Frameworks/DictionaryServices.framework/Versions/A/DictionaryServices
0x00007fff2716d000 	/System/Library/Frameworks/CoreServices.framework/Versions/A/Frameworks/SharedFileList.framework/Versions/A/SharedFileList
0x00007fff29d0b000 	/usr/lib/libCheckFix.dylib
0x00007fff24bb8000 	/System/Library/PrivateFrameworks/TCC.framework/Versions/A/TCC
0x00007fff2900e000 	/System/Library/PrivateFrameworks/CoreNLP.framework/Versions/A/CoreNLP
0x00007fff26454000 	/System/Library/PrivateFrameworks/MetadataUtilities.framework/Versions/A/MetadataUtilities
0x00007fff20f49000 	/usr/lib/libmecabra.dylib
0x00007fff2a01e000 	/System/Library/Frameworks/MLCompute.framework/Versions/A/MLCompute
0x00007fff29d40000 	/usr/lib/libmecab.dylib
0x00007fff29d8a000 	/usr/lib/libgermantok.dylib
0x00007fff2a775000 	/usr/lib/libThaiTokenizer.dylib
0x00007fff2ad2c000 	/usr/lib/libChineseTokenizer.dylib
0x00007fff2a7ca000 	/System/Library/Frameworks/MetalPerformanceShaders.framework/Versions/A/MetalPerformanceShaders
0x00007fff26543000 	/System/Library/Frameworks/Accelerate.framework/Versions/A/Frameworks/vImage.framework/Versions/A/vImage
0x00007fff2ff14000 	/System/Library/Frameworks/Accelerate.framework/Versions/A/Frameworks/vecLib.framework/Versions/A/vecLib
0x00007fff2ad37000 	/System/Library/Frameworks/Accelerate.framework/Versions/A/Frameworks/vecLib.framework/Versions/A/libvMisc.dylib
0x00007fff29773000 	/System/Library/Frameworks/Accelerate.framework/Versions/A/Frameworks/vecLib.framework/Versions/A/libvDSP.dylib
0x00007fff20b74000 	/System/Library/Frameworks/Accelerate.framework/Versions/A/Frameworks/vecLib.framework/Versions/A/libBLAS.dylib
0x00007fff2a7f0000 	/System/Library/Frameworks/Accelerate.framework/Versions/A/Frameworks/vecLib.framework/Versions/A/libLAPACK.dylib
0x00007fff29d90000 	/System/Library/Frameworks/Accelerate.framework/Versions/A/Frameworks/vecLib.framework/Versions/A/libLinearAlgebra.dylib
0x00007fff2a7b7000 	/System/Library/Frameworks/Accelerate.framework/Versions/A/Frameworks/vecLib.framework/Versions/A/libSparseBLAS.dylib
0x00007fff2a7ea000 	/System/Library/Frameworks/Accelerate.framework/Versions/A/Frameworks/vecLib.framework/Versions/A/libQuadrature.dylib
0x00007fff290b6000 	/System/Library/Frameworks/Accelerate.framework/Versions/A/Frameworks/vecLib.framework/Versions/A/libBNNS.dylib
0x00007fff20e26000 	/System/Library/Frameworks/Accelerate.framework/Versions/A/Frameworks/vecLib.framework/Versions/A/libSparse.dylib
0x00007fff28fa1000 	/System/Library/Frameworks/MetalPerformanceShaders.framework/Versions/A/Frameworks/MPSCore.framework/Versions/A/MPSCore
0x00007fff2a1da000 	/System/Library/Frameworks/MetalPerformanceShaders.framework/Versions/A/Frameworks/MPSImage.framework/Versions/A/MPSImage
0x00007fff29da6000 	/System/Library/Frameworks/MetalPerformanceShaders.framework/Versions/A/Frameworks/MPSNeuralNetwork.framework/Versions/A/MPSNeuralNetwork
0x00007fff2a165000 	/System/Library/Frameworks/MetalPerformanceShaders.framework/Versions/A/Frameworks/MPSMatrix.framework/Versions/A/MPSMatrix
0x00007fff29fce000 	/System/Library/Frameworks/MetalPerformanceShaders.framework/Versions/A/Frameworks/MPSRayIntersector.framework/Versions/A/MPSRayIntersector
0x00007fff2a19c000 	/System/Library/Frameworks/MetalPerformanceShaders.framework/Versions/A/Frameworks/MPSNDArray.framework/Versions/A/MPSNDArray
0x00007fff20aa0000 	/System/Library/PrivateFrameworks/MetalTools.framework/Versions/A/MetalTools
0x00007fff29006000 	/System/Library/PrivateFrameworks/AggregateDictionary.framework/Versions/A/AggregateDictionary
0x00007fff2642c000 	/System/Library/PrivateFrameworks/CoreAnalytics.framework/Versions/A/CoreAnalytics
0x00007fff2a777000 	/System/Library/PrivateFrameworks/AppleSauce.framework/Versions/A/AppleSauce
0x00007fff28314000 	/System/Library/PrivateFrameworks/IOAccelerator.framework/Versions/A/IOAccelerator
0x00007fff6c82c000 	/System/Library/Frameworks/OpenGL.framework/Versions/A/Libraries/libCoreFSCache.dylib
0x00007fff214e5000 	/System/Library/PrivateFrameworks/LanguageModeling.framework/Versions/A/LanguageModeling
0x00007fff29947000 	/System/Library/PrivateFrameworks/CoreEmoji.framework/Versions/A/CoreEmoji
0x00007fff290af000 	/System/Library/PrivateFrameworks/LinguisticData.framework/Versions/A/LinguisticData
0x00007fff20dd8000 	/System/Library/PrivateFrameworks/Lexicon.framework/Versions/A/Lexicon
0x00007fff2a689000 	/usr/lib/libcmph.dylib
0x00007fff27144000 	/System/Library/Frameworks/OpenDirectory.framework/Versions/A/Frameworks/CFOpenDirectory.framework/Versions/A/CFOpenDirectory
0x00007fff27134000 	/System/Library/Frameworks/OpenDirectory.framework/Versions/A/OpenDirectory
0x00007fff2abf7000 	/System/Library/PrivateFrameworks/APFS.framework/Versions/A/APFS
0x00007fff29c6c000 	/System/Library/Frameworks/SecurityFoundation.framework/Versions/A/SecurityFoundation
0x00007fff2acff000 	/usr/lib/libutil.dylib
0x00007fff22af1000 	/System/Library/PrivateFrameworks/CoreServicesStore.framework/Versions/A/CoreServicesStore
0x00007fff29d03000 	/System/Library/Frameworks/ServiceManagement.framework/Versions/A/ServiceManagement
0x00007fff2ad03000 	/usr/lib/libxslt.1.dylib
0x00007fff29cf9000 	/System/Library/PrivateFrameworks/BackgroundTaskManagement.framework/Versions/A/BackgroundTaskManagement
0x00007fff2bcf4000 	/System/Library/Frameworks/ImageIO.framework/Versions/A/Resources/libRadiance.dylib
0x00007fff2bcfe000 	/System/Library/Frameworks/ImageIO.framework/Versions/A/Resources/libJPEG.dylib
0x00007fff2bc4d000 	/System/Library/Frameworks/ImageIO.framework/Versions/A/Resources/libPng.dylib
0x00007fff2bc74000 	/System/Library/Frameworks/ImageIO.framework/Versions/A/Resources/libTIFF.dylib
0x00007fff2bd53000 	/System/Library/Frameworks/ImageIO.framework/Versions/A/Resources/libGIF.dylib
0x00007fff2b9b0000 	/System/Library/Frameworks/ImageIO.framework/Versions/A/Resources/libJP2.dylib
0x00007fff2b09a000 	/usr/lib/libexpat.1.dylib
0x00007fff2b965000 	/System/Library/PrivateFrameworks/AppleJPEG.framework/Versions/A/AppleJPEG
0x00007fff2854a000 	/System/Library/PrivateFrameworks/FontServices.framework/libFontParser.dylib
0x00007fff261d6000 	/System/Library/PrivateFrameworks/RunningBoardServices.framework/Versions/A/RunningBoardServices
0x00007fff2ba8f000 	/System/Library/PrivateFrameworks/WatchdogClient.framework/Versions/A/WatchdogClient
0x00007fff215d2000 	/System/Library/Frameworks/CoreDisplay.framework/Versions/A/CoreDisplay
0x00007fff28460000 	/System/Library/Frameworks/CoreMedia.framework/Versions/A/CoreMedia
0x00007fff272c1000 	/System/Library/Frameworks/CoreVideo.framework/Versions/A/CoreVideo
0x00007fff2bac7000 	/System/Library/Frameworks/VideoToolbox.framework/Versions/A/VideoToolbox
0x00007fff26154000 	/System/Library/PrivateFrameworks/BaseBoard.framework/Versions/A/BaseBoard
0x00007fff2b1df000 	/System/Library/PrivateFrameworks/PersistentConnection.framework/Versions/A/PersistentConnection
0x00007fff25ee7000 	/System/Library/PrivateFrameworks/ProtocolBuffer.framework/Versions/A/ProtocolBuffer
0x00007fff2613b000 	/System/Library/PrivateFrameworks/CommonUtilities.framework/Versions/A/CommonUtilities
0x00007fff2b8fa000 	/System/Library/PrivateFrameworks/Bom.framework/Versions/A/Bom
0x00007fff2bced000 	/System/Library/PrivateFrameworks/GPUWrangler.framework/Versions/A/GPUWrangler
0x00007fff2bcd2000 	/System/Library/PrivateFrameworks/IOPresentment.framework/Versions/A/IOPresentment
0x00007fff2bcf8000 	/System/Library/PrivateFrameworks/DSExternalDisplay.framework/Versions/A/DSExternalDisplay
0x00007fff2bd58000 	/System/Library/PrivateFrameworks/CMCaptureCore.framework/Versions/A/CMCaptureCore
0x00007fff2b67f000 	/System/Library/PrivateFrameworks/AppServerSupport.framework/Versions/A/AppServerSupport
0x00007fff2d72b000 	/System/Library/PrivateFrameworks/perfdata.framework/Versions/A/perfdata
0x00007fff29c5b000 	/System/Library/PrivateFrameworks/AssertionServices.framework/Versions/A/AssertionServices
0x00007fff21709000 	/System/Library/PrivateFrameworks/AudioToolboxCore.framework/Versions/A/AudioToolboxCore
0x00007fff28443000 	/System/Library/PrivateFrameworks/caulk.framework/Versions/A/caulk
0x00007fff3d3b8000 	/System/Library/PrivateFrameworks/SystemPolicy.framework/Versions/A/SystemPolicy
0x00007fff2ae8f000 	/usr/lib/libIOReport.dylib
0x00007fff2cf4d000 	/usr/lib/libSMC.dylib
0x00007fff2bc1a000 	/usr/lib/libAudioToolboxUtility.dylib
0x00007fff3dd22000 	/usr/lib/libmis.dylib
0x00007fff6c888000 	/System/Library/Frameworks/OpenGL.framework/Versions/A/Libraries/libGLU.dylib
0x00007fff6c84b000 	/System/Library/Frameworks/OpenGL.framework/Versions/A/Libraries/libGFXShared.dylib
0x00007fff6ca5a000 	/System/Library/Frameworks/OpenGL.framework/Versions/A/Libraries/libGL.dylib
0x00007fff6c854000 	/System/Library/Frameworks/OpenGL.framework/Versions/A/Libraries/libGLImage.dylib
0x00007fff6c848000 	/System/Library/Frameworks/OpenGL.framework/Versions/A/Libraries/libCVMSPluginSupport.dylib
0x00007fff6c833000 	/System/Library/Frameworks/OpenGL.framework/Versions/A/Libraries/libCoreVMClient.dylib
0x00007fff6de9b000 	/System/Library/Frameworks/OpenCL.framework/Versions/A/OpenCL
0x00007fff2b209000 	/System/Library/PrivateFrameworks/GraphVisualizer.framework/Versions/A/GraphVisualizer
0x00007fff2b218000 	/System/Library/PrivateFrameworks/FaceCore.framework/Versions/A/FaceCore
0x00007fff2b634000 	/System/Library/PrivateFrameworks/OTSVG.framework/Versions/A/OTSVG
0x00007fff26eb8000 	/System/Library/Frameworks/ApplicationServices.framework/Versions/A/Frameworks/ATS.framework/Versions/A/Resources/libFontRegistry.dylib
0x00007fff2b686000 	/System/Library/PrivateFrameworks/FontServices.framework/libhvf.dylib
0x00007fff2b046000 	/System/Library/PrivateFrameworks/AppleVA.framework/Versions/A/AppleVA
0x00007fff2cd96000 	/System/Library/Frameworks/ApplicationServices.framework/Versions/A/Frameworks/ATS.framework/Versions/A/ATS
0x00007fff2d0a8000 	/System/Library/Frameworks/ApplicationServices.framework/Versions/A/Frameworks/ColorSyncLegacy.framework/Versions/A/ColorSyncLegacy
0x00007fff256c1000 	/System/Library/Frameworks/ApplicationServices.framework/Versions/A/Frameworks/HIServices.framework/Versions/A/HIServices
0x00007fff2d08d000 	/System/Library/Frameworks/ApplicationServices.framework/Versions/A/Frameworks/LangAnalysis.framework/Versions/A/LangAnalysis
0x00007fff2bd62000 	/System/Library/Frameworks/ApplicationServices.framework/Versions/A/Frameworks/PrintCore.framework/Versions/A/PrintCore
0x00007fff2d0b0000 	/System/Library/Frameworks/ApplicationServices.framework/Versions/A/Frameworks/QD.framework/Versions/A/QD
0x00007fff2cd86000 	/System/Library/Frameworks/ApplicationServices.framework/Versions/A/Frameworks/SpeechSynthesis.framework/Versions/A/SpeechSynthesis
0x00007fff2bd23000 	/System/Library/Frameworks/ApplicationServices.framework/Versions/A/Frameworks/ATSUI.framework/Versions/A/ATSUI
0x00007fff2d02d000 	/usr/lib/libcups.2.dylib
0x00007fff2d09d000 	/System/Library/PrivateFrameworks/NetAuth.framework/Versions/A/NetAuth
0x00007fff2d747000 	/System/Library/Frameworks/Kerberos.framework/Versions/A/Kerberos
0x00007fff2d757000 	/System/Library/Frameworks/GSS.framework/Versions/A/GSS
0x00007fff2ce02000 	/usr/lib/libresolv.9.dylib
0x00007fff2b69b000 	/System/Library/PrivateFrameworks/Heimdal.framework/Versions/A/Heimdal
0x00007fff334ce000 	/System/Library/Frameworks/Kerberos.framework/Versions/A/Libraries/libHeimdalProxy.dylib
0x00007fff262a7000 	/System/Library/Frameworks/Network.framework/Versions/A/Network
0x00007fff2b0b4000 	/usr/lib/libheimdal-asn1.dylib
0x00007fff2d7a7000 	/System/Library/PrivateFrameworks/CommonAuth.framework/Versions/A/CommonAuth
0x00007fff2730e000 	/System/Library/PrivateFrameworks/login.framework/Versions/A/Frameworks/loginsupport.framework/Versions/A/loginsupport
0x00007fff2cd0b000 	/System/Library/PrivateFrameworks/AudioSession.framework/Versions/A/AudioSession
0x00007fff2cd73000 	/usr/lib/libAudioStatistics.dylib
0x00007fff2b141000 	/System/Library/PrivateFrameworks/MediaExperience.framework/Versions/A/MediaExperience
0x00007fff2cba8000 	/System/Library/PrivateFrameworks/AudioSession.framework/libSessionUtility.dylib
0x00007fff2d738000 	/usr/lib/libperfcheck.dylib
0x00007fff2d0bc000 	/System/Library/PrivateFrameworks/AudioResourceArbitration.framework/Versions/A/AudioResourceArbitration
0x00007fff2b0be000 	/System/Library/PrivateFrameworks/IconFoundation.framework/Versions/A/IconFoundation
0x00007fff2fbde000 	/System/Library/PrivateFrameworks/SpeechRecognitionCore.framework/Versions/A/SpeechRecognitionCore
0x0000000106800000 	/Users/woxdak/Library/Java/JavaVirtualMachines/openjdk-15.0.1/Contents/Home/lib/server/libjvm.dylib
0x00000001025a5000 	/Users/woxdak/Library/Java/JavaVirtualMachines/openjdk-15.0.1/Contents/Home/lib/libjimage.dylib
0x00000001025fb000 	/Users/woxdak/Library/Java/JavaVirtualMachines/openjdk-15.0.1/Contents/Home/lib/libjava.dylib
0x00000001027b3000 	/Users/woxdak/Library/Java/JavaVirtualMachines/openjdk-15.0.1/Contents/Home/lib/libnio.dylib
0x00000001027c7000 	/Users/woxdak/Library/Java/JavaVirtualMachines/openjdk-15.0.1/Contents/Home/lib/libnet.dylib
0x00000001027e0000 	/Users/woxdak/Library/Java/JavaVirtualMachines/openjdk-15.0.1/Contents/Home/lib/libzip.dylib
0x00000001027ee000 	/Users/woxdak/.openjfx/cache/15.0.1/libprism_es2.dylib
0x00007fff22ab2000 	/System/Library/PrivateFrameworks/CoreServicesInternal.framework/Versions/A/CoreServicesInternal
0x00007fff6ca65000 	/System/Library/Frameworks/OpenGL.framework/Versions/A/Resources/GLEngine.bundle/GLEngine
0x00007fff6c8c5000 	/System/Library/Frameworks/OpenGL.framework/Versions/A/Libraries/libGLProgrammability.dylib
0x00007fff5fbf5000 	/System/Library/Extensions/AppleIntelKBLGraphicsGLDriver.bundle/Contents/MacOS/AppleIntelKBLGraphicsGLDriver
0x00007fff46c2e000 	/System/Library/PrivateFrameworks/GPUSupport.framework/Versions/A/Libraries/libGPUSupportMercury.dylib
0x00007fff6cbe1000 	/System/Library/Frameworks/OpenGL.framework/Versions/A/Resources/GLRendererFloat.bundle/GLRendererFloat
0x0000000128055000 	/Users/woxdak/.openjfx/cache/15.0.1/libglass.dylib
0x00007fff310c4000 	/System/Library/Frameworks/FileProvider.framework/Versions/A/FileProvider
0x00007fff260be000 	/System/Library/Frameworks/Accounts.framework/Versions/A/Accounts
0x00007fff311e5000 	/System/Library/PrivateFrameworks/GenerationalStorage.framework/Versions/A/GenerationalStorage
0x00007fff31ba4000 	/System/Library/PrivateFrameworks/CoreSymbolication.framework/Versions/A/CoreSymbolication
0x00007fff30ae3000 	/System/Library/PrivateFrameworks/SymptomDiagnosticReporter.framework/Versions/A/SymptomDiagnosticReporter
0x00007fff2e3f0000 	/System/Library/PrivateFrameworks/AppContainer.framework/Versions/A/AppContainer
0x00007fff23bfc000 	/System/Library/PrivateFrameworks/DesktopServicesPriv.framework/Versions/A/DesktopServicesPriv
0x00007fff22be6000 	/usr/lib/libsandbox.1.dylib
0x00007fff2733a000 	/System/Library/PrivateFrameworks/UserManagement.framework/Versions/A/UserManagement
0x00007fff29c38000 	/System/Library/PrivateFrameworks/MobileKeyBag.framework/Versions/A/MobileKeyBag
0x00007fff34537000 	/System/Library/PrivateFrameworks/ChunkingLibrary.framework/Versions/A/ChunkingLibrary
0x00007fff31b67000 	/System/Library/PrivateFrameworks/DebugSymbols.framework/Versions/A/DebugSymbols
0x00007fff2e405000 	/System/Library/PrivateFrameworks/SecCodeWrapper.framework/Versions/A/SecCodeWrapper
0x00007fff2ae97000 	/System/Library/PrivateFrameworks/CrashReporterSupport.framework/Versions/A/CrashReporterSupport
0x00007fff4829a000 	/System/Library/PrivateFrameworks/OSAnalytics.framework/Versions/A/OSAnalytics
0x00007fff783b3000 	/usr/lib/libRosetta.dylib
0x00007fff32f1a000 	/System/Library/PrivateFrameworks/RemoteServiceDiscovery.framework/Versions/A/RemoteServiceDiscovery
0x00007fff52258000 	/System/Library/PrivateFrameworks/Symbolication.framework/Versions/A/Symbolication
0x00007fff32f2a000 	/System/Library/PrivateFrameworks/RemoteXPC.framework/Versions/A/RemoteXPC
0x00007fff39427000 	/System/Library/PrivateFrameworks/OSAServicesClient.framework/Versions/A/OSAServicesClient
0x00007fff3dd01000 	/System/Library/PrivateFrameworks/MallocStackLogging.framework/Versions/A/MallocStackLogging
0x00007fff2e187000 	/System/Library/PrivateFrameworks/Sharing.framework/Versions/A/Sharing
0x00007fff32af7000 	/System/Library/PrivateFrameworks/Apple80211.framework/Versions/A/Apple80211
0x00007fff2a2bc000 	/System/Library/PrivateFrameworks/AuthKit.framework/Versions/A/AuthKit
0x00007fff29a38000 	/System/Library/PrivateFrameworks/CoreUtils.framework/Versions/A/CoreUtils
0x00007fff29965000 	/System/Library/Frameworks/CoreWLAN.framework/Versions/A/CoreWLAN
0x00007fff2e2cf000 	/System/Library/Frameworks/IOBluetooth.framework/Versions/A/IOBluetooth
0x00007fff32b5b000 	/System/Library/PrivateFrameworks/CoreWiFi.framework/Versions/A/CoreWiFi
0x00007fff2d82f000 	/System/Library/PrivateFrameworks/CorePhoneNumbers.framework/Versions/A/CorePhoneNumbers
0x00007fff30beb000 	/System/Library/PrivateFrameworks/DiskManagement.framework/Versions/A/DiskManagement
0x00007fff30b01000 	/System/Library/PrivateFrameworks/AppleIDAuthSupport.framework/Versions/A/AppleIDAuthSupport
0x00007fff2d80c000 	/System/Library/PrivateFrameworks/KeychainCircle.framework/Versions/A/KeychainCircle
0x00007fff30bb7000 	/System/Library/PrivateFrameworks/MediaKit.framework/Versions/A/MediaKit
0x00007fff30b0e000 	/System/Library/Frameworks/DiscRecording.framework/Versions/A/DiscRecording
0x00007fff2afba000 	/usr/lib/libCoreStorage.dylib
0x00007fff32f95000 	/usr/lib/libcsfde.dylib
0x00007fff2e409000 	/System/Library/PrivateFrameworks/ProtectedCloudStorage.framework/Versions/A/ProtectedCloudStorage
0x00007fff32f8d000 	/System/Library/PrivateFrameworks/EFILogin.framework/Versions/A/EFILogin
0x00007fff33581000 	/System/Library/Frameworks/AudioUnit.framework/Versions/A/AudioUnit
0x00007fff30a80000 	/System/Library/Frameworks/CoreBluetooth.framework/Versions/A/CoreBluetooth
0x00007fff2afb2000 	/usr/lib/libMatch.1.dylib
0x0000000129601000 	/usr/lib/libobjc-trampolines.dylib
0x00007fff41928000 	/System/Library/Frameworks/Accelerate.framework/Versions/A/Frameworks/vImage.framework/Versions/A/Libraries/libCGInterfaces.dylib
0x00007fff2703c000 	/System/Library/PrivateFrameworks/ViewBridge.framework/Versions/A/ViewBridge
0x00007fff2b75c000 	/System/Library/PrivateFrameworks/login.framework/Versions/A/login
0x000000012bb56000 	/Users/woxdak/.openjfx/cache/15.0.1/libjavafx_font.dylib
0x000000012d490000 	/Users/woxdak/Library/Java/JavaVirtualMachines/openjdk-15.0.1/Contents/Home/lib/libawt.dylib
0x000000012d547000 	/Users/woxdak/Library/Java/JavaVirtualMachines/openjdk-15.0.1/Contents/Home/lib/libmlib_image.dylib
0x00007fff6f6c0000 	/System/Library/Frameworks/JavaNativeFoundation.framework/Versions/A/JavaNativeFoundation
0x00007fff6f6cc000 	/System/Library/Frameworks/JavaRuntimeSupport.framework/Versions/A/JavaRuntimeSupport
0x00007fff3d130000 	/System/Library/Frameworks/Carbon.framework/Versions/A/Carbon
0x00007fff36436000 	/System/Library/Frameworks/Carbon.framework/Versions/A/Frameworks/CommonPanels.framework/Versions/A/CommonPanels
0x00007fff32f89000 	/System/Library/Frameworks/Carbon.framework/Versions/A/Frameworks/Help.framework/Versions/A/Help
0x00007fff3643a000 	/System/Library/Frameworks/Carbon.framework/Versions/A/Frameworks/ImageCapture.framework/Versions/A/ImageCapture
0x00007fff36412000 	/System/Library/Frameworks/Carbon.framework/Versions/A/Frameworks/OpenScripting.framework/Versions/A/OpenScripting
0x00007fff36432000 	/System/Library/Frameworks/Carbon.framework/Versions/A/Frameworks/Ink.framework/Versions/A/Ink
0x00007fff3d12c000 	/System/Library/Frameworks/Carbon.framework/Versions/A/Frameworks/Print.framework/Versions/A/Print
0x00007fff3642e000 	/System/Library/Frameworks/Carbon.framework/Versions/A/Frameworks/SecurityHI.framework/Versions/A/SecurityHI
0x000000012d5e3000 	/Users/woxdak/Library/Java/JavaVirtualMachines/openjdk-15.0.1/Contents/Home/lib/libawt_lwawt.dylib
0x000000012d69d000 	/Users/woxdak/Library/Java/JavaVirtualMachines/openjdk-15.0.1/Contents/Home/lib/libosxapp.dylib
0x00007fff3c4f0000 	/System/Library/Frameworks/ExceptionHandling.framework/Versions/A/ExceptionHandling
0x000000012d6c4000 	/Users/woxdak/Library/Java/JavaVirtualMachines/openjdk-15.0.1/Contents/Home/lib/libfontmanager.dylib
0x000000012d7f0000 	/Users/woxdak/Library/Java/JavaVirtualMachines/openjdk-15.0.1/Contents/Home/lib/libfreetype.dylib
0x000000012e085000 	/Users/woxdak/Library/Java/JavaVirtualMachines/openjdk-15.0.1/Contents/Home/lib/libosxui.dylib
0x00007fff5ea08000 	/System/Library/Extensions/AppleIntelKBLGraphicsMTLDriver.bundle/Contents/MacOS/AppleIntelKBLGraphicsMTLDriver
0x00007fff3dd35000 	/System/Library/PrivateFrameworks/GPURawCounter.framework/Versions/A/GPURawCounter
0x00007fff6a3be000 	/System/Library/PrivateFrameworks/GPUCompiler.framework/Versions/31001/Libraries/libmetal_timestamp.dylib


VM Arguments:
jvm_args: --add-modules=javafx.base,javafx.controls,javafx.fxml,javafx.graphics --module-path=/Users/woxdak/.gradle/caches/modules-2/files-2.1/org.openjfx/javafx-fxml/15.0.1/120a83ddfd726d9ef09e9569f53459106e8de467/javafx-fxml-15.0.1-mac.jar:/Users/woxdak/.gradle/caches/modules-2/files-2.1/org.openjfx/javafx-controls/15.0.1/cb743a50156d7eca281bfc3547aff4d146972e02/javafx-controls-15.0.1-mac.jar:/Users/woxdak/.gradle/caches/modules-2/files-2.1/org.openjfx/javafx-graphics/15.0.1/98ced13a06ad705ce0014df60794cedbf297080b/javafx-graphics-15.0.1-mac.jar:/Users/woxdak/.gradle/caches/modules-2/files-2.1/org.openjfx/javafx-base/15.0.1/b91bc3dfc230b46f11146686648a42921de0c23/javafx-base-15.0.1-mac.jar -Dfile.encoding=UTF-8 -Duser.country=US -Duser.language=en -Duser.variant 
java_command: com.gc.main
java_class_path (initial): /Users/woxdak/IdeaProjects/DisplayPath/build/classes/java/main:/Users/woxdak/IdeaProjects/DisplayPath/build/resources/main:/Users/woxdak/.gradle/caches/modules-2/files-2.1/org.openjfx/javafx-fxml/15.0.1/120a83ddfd726d9ef09e9569f53459106e8de467/javafx-fxml-15.0.1-mac.jar:/Users/woxdak/.gradle/caches/modules-2/files-2.1/org.openjfx/javafx-controls/15.0.1/cb743a50156d7eca281bfc3547aff4d146972e02/javafx-controls-15.0.1-mac.jar:/Users/woxdak/.gradle/caches/modules-2/files-2.1/org.openjfx/javafx-controls/15.0.1/7e951231ff36d704e8cc8b112b71951c9ccbc15d/javafx-controls-15.0.1.jar:/Users/woxdak/.gradle/caches/modules-2/files-2.1/org.openjfx/javafx-graphics/15.0.1/98ced13a06ad705ce0014df60794cedbf297080b/javafx-graphics-15.0.1-mac.jar:/Users/woxdak/.gradle/caches/modules-2/files-2.1/org.openjfx/javafx-graphics/15.0.1/55565f47d9d4e295f8bdeb8a6577e29b8bc29267/javafx-graphics-15.0.1.jar:/Users/woxdak/.gradle/caches/modules-2/files-2.1/org.openjfx/javafx-base/15.0.1/b91bc3dfc230b46f11146686648a42921de0c23/javafx-base-15.0.1-mac.jar:/Users/woxdak/.gradle/caches/modules-2/files-2.1/org.openjfx/javafx-base/15.0.1/88d5d4ad546e17904516fd05be69243e54144af4/javafx-base-15.0.1.jar
Launcher Type: SUN_STANDARD

[Global flags]
     intx CICompilerCount                          = 4                                         {product} {ergonomic}
     uint ConcGCThreads                            = 2                                         {product} {ergonomic}
     uint G1ConcRefinementThreads                  = 8                                         {product} {ergonomic}
   size_t G1HeapRegionSize                         = 1048576                                   {product} {ergonomic}
    uintx GCDrainStackTargetSize                   = 64                                        {product} {ergonomic}
   size_t InitialHeapSize                          = 134217728                                 {product} {ergonomic}
   size_t MarkStackSize                            = 4194304                                   {product} {ergonomic}
   size_t MaxHeapSize                              = 2147483648                                {product} {ergonomic}
   size_t MaxNewSize                               = 1287651328                                {product} {ergonomic}
   size_t MinHeapDeltaBytes                        = 1048576                                   {product} {ergonomic}
   size_t MinHeapSize                              = 8388608                                   {product} {ergonomic}
    uintx NonNMethodCodeHeapSize                   = 5839372                                {pd product} {ergonomic}
    uintx NonProfiledCodeHeapSize                  = 122909434                              {pd product} {ergonomic}
    uintx ProfiledCodeHeapSize                     = 122909434                              {pd product} {ergonomic}
    uintx ReservedCodeCacheSize                    = 251658240                              {pd product} {ergonomic}
     bool SegmentedCodeCache                       = true                                      {product} {ergonomic}
   size_t SoftMaxHeapSize                          = 2147483648                             {manageable} {ergonomic}
     bool UseCompressedClassPointers               = true                                 {lp64_product} {ergonomic}
     bool UseCompressedOops                        = true                                 {lp64_product} {ergonomic}
     bool UseG1GC                                  = true                                      {product} {ergonomic}
     bool UseNUMA                                  = false                                     {product} {ergonomic}
     bool UseNUMAInterleaving                      = false                                     {product} {ergonomic}

Logging:
Log output configuration:
 #0: stdout all=warning uptime,level,tags
 #1: stderr all=off uptime,level,tags

Environment Variables:
PATH=/usr/local/bin:/usr/bin:/bin:/usr/sbin:/sbin:/Library/Apple/usr/bin:/Library/Frameworks/Mono.framework/Versions/Current/Commands
SHELL=/bin/zsh
LC_CTYPE=en_US.UTF-8

Signal Handlers:
SIGSEGV: [libjvm.dylib+0xa00020], sa_mask[0]=11111111011111110111111111111111, sa_flags=SA_ONSTACK|SA_RESTART|SA_SIGINFO
SIGBUS: [libjvm.dylib+0xa00020], sa_mask[0]=11111111011111110111111111111111, sa_flags=SA_RESTART|SA_SIGINFO
SIGFPE: [libjvm.dylib+0xa00020], sa_mask[0]=11111111011111110111111111111111, sa_flags=SA_RESTART|SA_SIGINFO
SIGPIPE: [libjvm.dylib+0x82b7f0], sa_mask[0]=11111111011111110111111111111111, sa_flags=SA_RESTART|SA_SIGINFO
SIGXFSZ: [libjvm.dylib+0x82b7f0], sa_mask[0]=11111111011111110111111111111111, sa_flags=SA_RESTART|SA_SIGINFO
SIGILL: [libjvm.dylib+0xa00020], sa_mask[0]=11111111011111110111111111111111, sa_flags=SA_RESTART|SA_SIGINFO
SIGUSR2: [libjvm.dylib+0x82c300], sa_mask[0]=00100000000000000000000000000000, sa_flags=SA_RESTART|SA_SIGINFO
SIGHUP: [libjvm.dylib+0x82aa00], sa_mask[0]=11111111011111110111111111111111, sa_flags=SA_RESTART|SA_SIGINFO
SIGINT: [libjvm.dylib+0x82aa00], sa_mask[0]=11111111011111110111111111111111, sa_flags=SA_RESTART|SA_SIGINFO
SIGTERM: [libjvm.dylib+0x82aa00], sa_mask[0]=11111111011111110111111111111111, sa_flags=SA_RESTART|SA_SIGINFO
SIGQUIT: [libjvm.dylib+0x82aa00], sa_mask[0]=11111111011111110111111111111111, sa_flags=SA_RESTART|SA_SIGINFO


---------------  S Y S T E M  ---------------

OS:uname: Darwin 20.2.0 Darwin Kernel Version 20.2.0: Wed Dec  2 20:39:59 PST 2020; root:xnu-7195.60.75~1/RELEASE_X86_64 x86_64
OS uptime: 1 days 0:14 hours
rlimit (soft/hard): STACK 8192k/65532k , CORE 0k/infinity , NPROC 1392/2088 , NOFILE 10240/infinity , AS infinity/infinity , CPU infinity/infinity , DATA infinity/infinity , FSIZE infinity/infinity , MEMLOCK infinity/infinity , RSS infinity/infinity
load average: 2.80 2.03 1.94

CPU: total 8 (initial active 8) (4 cores per cpu, 2 threads per core) family 6 model 142 stepping 10 microcode 0xe0, cmov, cx8, fxsr, mmx, sse, sse2, sse3, ssse3, sse4.1, sse4.2, popcnt, vzeroupper, avx, avx2, aes, clmul, erms, 3dnowpref, lzcnt, ht, tsc, tscinvbit, bmi1, bmi2, adx, fma, clflush, clflushopt

Memory: 4k page, physical 8388608k(25824k free), swap 1048576k(1029376k free)

vm_info: OpenJDK 64-Bit Server VM (15.0.1+9-18) for bsd-amd64 JRE (15.0.1+9-18), built on Sep 15 2020 13:39:50 by "mach5one" with clang 4.2.1 Compatible Apple LLVM 10.0.0 (clang-1000.11.45.5)

END.
